Sender: LSF System <lsfadmin@r01n07>
Subject: Job 3829446: <petsc-test> in cluster <sustchpc> Done

Job <petsc-test> was submitted from host <login03> by user <mae-cuin> in cluster <sustchpc> at Thu Jun  9 17:35:06 2022.
Job was executed on host(s) <1*r01n07>, in queue <ser>, as user <mae-cuin> in cluster <sustchpc> at Thu Jun  9 17:35:06 2022.
                            <1*r01n20>
                            <2*r01n15>
                            <6*r01n08>
</work/mae-cuin> was used as the home directory.
</work/mae-cuin/hpc/final-project/hpc-final-project/Implicit_Euler> was used as the working directory.
Started at Thu Jun  9 17:35:06 2022.
Terminated at Thu Jun  9 17:35:11 2022.
Results reported at Thu Jun  9 17:35:11 2022.

Your job looked like:

------------------------------------------------------------
# LSBATCH: User input
#!/bin/bash
#BSUB -J petsc-test
#BSUB -q ser
#BSUB -n 10
#BSUB -e log.err
#BSUB -o log.out

module purge
module load intel/2018.4
module load mpi/intel/2018.4

mpirun -np 10 ./main.out -n 1000 \
  -ksp_type gmres \
  -pc_type asm \
  -log_view > result_2.log 2>&1

------------------------------------------------------------

Successfully completed.

Resource usage summary:

    CPU time :                                   9.54 sec.
    Max Memory :                                 16 MB
    Average Memory :                             16.00 MB
    Total Requested Memory :                     -
    Delta Memory :                               -
    Max Swap :                                   -
    Max Processes :                              7
    Max Threads :                                9
    Run time :                                   4 sec.
    Turnaround time :                            5 sec.

The output (if any) follows:



PS:

Read file <log.err> for stderr output of this job.

Sender: LSF System <lsfadmin@r01n28>
Subject: Job 3829448: <petsc-test> in cluster <sustchpc> Done

Job <petsc-test> was submitted from host <login03> by user <mae-cuin> in cluster <sustchpc> at Thu Jun  9 17:36:28 2022.
Job was executed on host(s) <1*r01n28>, in queue <ser>, as user <mae-cuin> in cluster <sustchpc> at Thu Jun  9 17:36:28 2022.
                            <1*r01n07>
                            <1*r01n20>
                            <2*r01n15>
                            <5*r01n08>
</work/mae-cuin> was used as the home directory.
</work/mae-cuin/hpc/final-project/hpc-final-project/Implicit_Euler> was used as the working directory.
Started at Thu Jun  9 17:36:28 2022.
Terminated at Thu Jun  9 17:36:34 2022.
Results reported at Thu Jun  9 17:36:34 2022.

Your job looked like:

------------------------------------------------------------
# LSBATCH: User input
#!/bin/bash
#BSUB -J petsc-test
#BSUB -q ser
#BSUB -n 10
#BSUB -e log.err
#BSUB -o log.out

module purge
module load intel/2018.4
module load mpi/intel/2018.4

mpirun -np 10 ./main.out -n 10000 \
  -ksp_type gmres \
  -pc_type asm \
  -log_view > result_2.log 2>&1

------------------------------------------------------------

Successfully completed.

Resource usage summary:

    CPU time :                                   32.00 sec.
    Max Memory :                                 13 MB
    Average Memory :                             13.00 MB
    Total Requested Memory :                     -
    Delta Memory :                               -
    Max Swap :                                   -
    Max Processes :                              7
    Max Threads :                                9
    Run time :                                   5 sec.
    Turnaround time :                            6 sec.

The output (if any) follows:



PS:

Read file <log.err> for stderr output of this job.

Sender: LSF System <lsfadmin@r01n28>
Subject: Job 3829540: <petsc-test> in cluster <sustchpc> Exited

Job <petsc-test> was submitted from host <login03> by user <mae-cuin> in cluster <sustchpc> at Thu Jun  9 18:11:53 2022.
Job was executed on host(s) <r01n28>, in queue <ser>, as user <mae-cuin> in cluster <sustchpc> at Thu Jun  9 18:11:54 2022.
</work/mae-cuin> was used as the home directory.
</work/mae-cuin/hpc/final-project/hpc-final-project/Implicit_Euler> was used as the working directory.
Started at Thu Jun  9 18:11:54 2022.
Terminated at Thu Jun  9 18:12:00 2022.
Results reported at Thu Jun  9 18:12:00 2022.

Your job looked like:

------------------------------------------------------------
# LSBATCH: User input
#!/bin/bash
#BSUB -J petsc-test
#BSUB -q ser
#BSUB -n 1
#BSUB -e log.err
#BSUB -o log.out

module purge
module load intel/2018.4
module load mpi/intel/2018.4
module load valgrind/3.14.0

valgrind --tool=callgrind ./main.out -n 10000 \
  -ksp_type gmres \
  -pc_type asm \
  -log_view > result_2.log 2>&1

------------------------------------------------------------

Exited with exit code 132.

Resource usage summary:

    CPU time :                                   2.91 sec.
    Max Memory :                                 41 MB
    Average Memory :                             41.00 MB
    Total Requested Memory :                     -
    Delta Memory :                               -
    Max Swap :                                   -
    Max Processes :                              4
    Max Threads :                                5
    Run time :                                   5 sec.
    Turnaround time :                            7 sec.

The output (if any) follows:



PS:

Read file <log.err> for stderr output of this job.

Sender: LSF System <lsfadmin@r01n14>
Subject: Job 3829547: <petsc-test> in cluster <sustchpc> Done

Job <petsc-test> was submitted from host <login03> by user <mae-cuin> in cluster <sustchpc> at Thu Jun  9 18:22:14 2022.
Job was executed on host(s) <10*r01n14>, in queue <ser>, as user <mae-cuin> in cluster <sustchpc> at Thu Jun  9 18:22:14 2022.
</work/mae-cuin> was used as the home directory.
</work/mae-cuin/hpc/final-project/hpc-final-project/Implicit_Euler> was used as the working directory.
Started at Thu Jun  9 18:22:14 2022.
Terminated at Thu Jun  9 18:22:21 2022.
Results reported at Thu Jun  9 18:22:21 2022.

Your job looked like:

------------------------------------------------------------
# LSBATCH: User input
#!/bin/bash
#BSUB -J petsc-test
#BSUB -q ser
#BSUB -n 10
#BSUB -e log.out
#BSUB -o log.out

module purge
module load intel/2018.4
module load mpi/intel/2018.4
module load valgrind/3.14.0

mpirun -np 10 ./main.out -n 10000 \
  -ksp_type gmres \
  -pc_type asm \
  -log_view > result_2.log 2>&1

------------------------------------------------------------

Successfully completed.

Resource usage summary:

    CPU time :                                   31.52 sec.
    Max Memory :                                 93 MB
    Average Memory :                             93.00 MB
    Total Requested Memory :                     -
    Delta Memory :                               -
    Max Swap :                                   -
    Max Processes :                              7
    Max Threads :                                9
    Run time :                                   6 sec.
    Turnaround time :                            7 sec.

The output (if any) follows:

