delta_t 0.000100 
************************************************************************************************************************
***             WIDEN YOUR WINDOW TO 120 CHARACTERS.  Use 'enscript -r -fCourier9' to print this document            ***
************************************************************************************************************************

---------------------------------------------- PETSc Performance Summary: ----------------------------------------------

./main.out on a  named r01n14 with 10 processors, by mae-cuin Thu Jun  9 18:22:19 2022
Using Petsc Release Version 3.16.6, Mar 30, 2022 

                         Max       Max/Min     Avg       Total
Time (sec):           4.163e+00     1.000   4.163e+00
Objects:              5.800e+01     1.000   5.800e+01
Flop:                 8.836e+06     1.101   8.314e+06  8.314e+07
Flop/sec:             2.123e+06     1.101   1.997e+06  1.997e+07
MPI Messages:         2.201e+05     1.294   1.801e+05  1.801e+06
MPI Message Lengths:  1.763e+06     1.293   8.011e+00  1.443e+07
MPI Reductions:       8.007e+04     1.000

Flop counting convention: 1 flop = 1 real number operation of type (multiply/divide/add/subtract)
                            e.g., VecAXPY() for real vectors of length N --> 2N flop
                            and VecAXPY() for complex vectors of length N --> 8N flop

Summary of Stages:   ----- Time ------  ----- Flop ------  --- Messages ---  -- Message Lengths --  -- Reductions --
                        Avg     %Total     Avg     %Total    Count   %Total     Avg         %Total    Count   %Total
 0:      Main Stage: 4.1615e+00 100.0%  8.3144e+07 100.0%  1.801e+06 100.0%  8.011e+00      100.0%  8.006e+04 100.0%

------------------------------------------------------------------------------------------------------------------------
See the 'Profiling' chapter of the users' manual for details on interpreting output.
Phase summary info:
   Count: number of times phase was executed
   Time and Flop: Max - maximum over all processors
                  Ratio - ratio of maximum to minimum over all processors
   Mess: number of messages sent
   AvgLen: average message length (bytes)
   Reduct: number of global reductions
   Global: entire computation
   Stage: stages of a computation. Set stages with PetscLogStagePush() and PetscLogStagePop().
      %T - percent time in this phase         %F - percent flop in this phase
      %M - percent messages in this phase     %L - percent message lengths in this phase
      %R - percent reductions in this phase
   Total Mflop/s: 10e-6 * (sum of flop over all processors)/(max time over all processors)
------------------------------------------------------------------------------------------------------------------------
Event                Count      Time (sec)     Flop                              --- Global ---  --- Stage ----  Total
                   Max Ratio  Max     Ratio   Max  Ratio  Mess   AvgLen  Reduct  %T %F %M %L %R  %T %F %M %L %R Mflop/s
------------------------------------------------------------------------------------------------------------------------

--- Event Stage 0: Main Stage

BuildTwoSided      10007 1.0 4.8886e-01 1.7 0.00e+00 0.0 1.8e+05 1.2e+01 1.0e+04  8  0 10 15 12   8  0 10 15 12     0
BuildTwoSidedF     10003 1.0 5.3765e-01 1.7 0.00e+00 0.0 5.4e+05 8.0e+00 1.0e+04  9  0 30 30 12   9  0 30 30 12     0
VecMDot            30017 1.0 1.1629e+00 1.8 1.26e+06 1.1 0.0e+00 0.0e+00 3.0e+04 23 14  0  0 37  23 14  0  0 37    10
VecNorm            40017 1.0 1.3421e+00 1.4 8.80e+05 1.1 0.0e+00 0.0e+00 4.0e+04 28 10  0  0 50  28 10  0  0 50     6
VecScale           40018 1.0 9.9171e-02 1.0 4.40e+05 1.1 0.0e+00 0.0e+00 0.0e+00  2  5  0  0  0   2  5  0  0  0    41
VecCopy            20000 1.0 4.5326e-03 1.1 0.00e+00 0.0 0.0e+00 0.0e+00 0.0e+00  0  0  0  0  0   0  0  0  0  0     0
VecSet            140058 1.0 2.7597e-02 1.2 0.00e+00 0.0 0.0e+00 0.0e+00 0.0e+00  1  0  0  0  0   1  0  0  0  0     0
VecAXPY            10000 1.0 3.9849e-03 1.1 2.20e+05 1.1 0.0e+00 0.0e+00 0.0e+00  0  2  0  0  0   0  2  0  0  0   507
VecAYPX            10000 1.0 6.0887e-03 1.6 2.20e+05 1.1 0.0e+00 0.0e+00 0.0e+00  0  2  0  0  0   0  2  0  0  0   332
VecMAXPY           40017 1.0 1.2810e-02 1.1 1.98e+06 1.1 0.0e+00 0.0e+00 0.0e+00  0 22  0  0  0   0 22  0  0  0  1421
VecAssemblyBegin   10002 1.0 5.7672e-01 1.7 0.00e+00 0.0 5.4e+05 8.0e+00 1.0e+04 10  0 30 30 12  10  0 30 30 12     0
VecAssemblyEnd     10002 1.0 1.2761e-0110.0 0.00e+00 0.0 0.0e+00 0.0e+00 0.0e+00  1  0  0  0  0   1  0  0  0  0     0
VecScatterBegin   190085 1.0 8.1914e-01 4.0 0.00e+00 0.0 1.3e+06 8.0e+00 2.0e+00  7  0 70 70  0   7  0 70 70  0     0
VecScatterEnd     190085 1.0 1.1906e+00 4.9 0.00e+00 0.0 0.0e+00 0.0e+00 0.0e+00 14  0  0  0  0  14  0  0  0  0     0
VecNormalize       40017 1.0 1.3824e+00 1.4 1.32e+06 1.1 0.0e+00 0.0e+00 4.0e+04 29 15  0  0 50  29 15  0  0 50     9
MatMult            30017 1.0 5.9648e-01 2.9 1.59e+06 1.1 5.4e+05 8.0e+00 1.0e+00  8 18 30 30  0   8 18 30 30  0    25
MatSolve           40017 1.0 1.2760e-02 1.1 2.24e+06 1.1 0.0e+00 0.0e+00 0.0e+00  0 27  0  0  0   0 27  0  0  0  1741
MatLUFactorNum         1 1.0 1.1039e-03185.2 4.50e+01 1.1 0.0e+00 0.0e+00 0.0e+00  0  0  0  0  0   0  0  0  0  0     0
MatILUFactorSym        1 1.0 2.3348e-03111.3 0.00e+00 0.0 0.0e+00 0.0e+00 0.0e+00  0  0  0  0  0   0  0  0  0  0     0
MatAssemblyBegin       2 1.0 1.8101e-0338.5 0.00e+00 0.0 0.0e+00 0.0e+00 1.0e+00  0  0  0  0  0   0  0  0  0  0     0
MatAssemblyEnd         2 1.0 1.3780e-02 1.0 0.00e+00 0.0 0.0e+00 0.0e+00 5.0e+00  0  0  0  0  0   0  0  0  0  0     0
MatGetRowIJ            1 1.0 7.3600e-04385.9 0.00e+00 0.0 0.0e+00 0.0e+00 0.0e+00  0  0  0  0  0   0  0  0  0  0     0
MatCreateSubMats       1 1.0 4.0300e-03 2.3 0.00e+00 0.0 9.0e+01 1.4e+01 1.0e+00  0  0  0  0  0   0  0  0  0  0     0
MatGetOrdering         1 1.0 1.3800e-0381.5 0.00e+00 0.0 0.0e+00 0.0e+00 0.0e+00  0  0  0  0  0   0  0  0  0  0     0
MatIncreaseOvrlp       1 1.0 2.7769e-03 6.1 0.00e+00 0.0 0.0e+00 0.0e+00 1.0e+00  0  0  0  0  0   0  0  0  0  0     0
SFSetGraph             4 1.0 2.1458e-06 0.0 0.00e+00 0.0 0.0e+00 0.0e+00 0.0e+00  0  0  0  0  0   0  0  0  0  0     0
SFSetUp                4 1.0 3.1672e-03 6.6 0.00e+00 0.0 7.2e+01 4.0e+00 2.0e+00  0  0  0  0  0   0  0  0  0  0     0
SFReduceBegin      40017 1.0 1.1932e-02 1.1 0.00e+00 0.0 0.0e+00 0.0e+00 0.0e+00  0  0  0  0  0   0  0  0  0  0     0
SFReduceEnd        40017 1.0 1.0782e-02 1.1 0.00e+00 0.0 0.0e+00 0.0e+00 0.0e+00  0  0  0  0  0   0  0  0  0  0     0
SFPack            190085 1.0 3.3824e-02 1.5 0.00e+00 0.0 0.0e+00 0.0e+00 0.0e+00  1  0  0  0  0   1  0  0  0  0     0
SFUnpack          190085 1.0 2.6489e-02 1.7 0.00e+00 0.0 0.0e+00 0.0e+00 0.0e+00  1  0  0  0  0   1  0  0  0  0     0
KSPSetUp               2 1.0 2.2771e-0373.5 0.00e+00 0.0 0.0e+00 0.0e+00 0.0e+00  0  0  0  0  0   0  0  0  0  0     0
KSPSolve           10000 1.0 3.5228e+00 1.1 8.62e+06 1.1 1.3e+06 8.0e+00 7.0e+04 83 98 70 70 87  83 98 70 70 87    23
KSPGMRESOrthog     30017 1.0 1.1962e+00 1.8 2.58e+06 1.1 0.0e+00 0.0e+00 3.0e+04 24 28  0  0 37  24 28  0  0 37    20
PCSetUp                2 1.0 3.6483e-02 2.1 4.50e+01 1.1 9.0e+01 1.4e+01 7.0e+00  0  0  0  0  0   0  0  0  0  0     0
PCSetUpOnBlocks    10000 1.0 7.4501e-03 3.4 4.50e+01 1.1 0.0e+00 0.0e+00 0.0e+00  0  0  0  0  0   0  0  0  0  0     0
PCApply            40017 1.0 1.0579e+00 1.8 2.24e+06 1.1 7.2e+05 8.0e+00 1.0e+00 18 27 40 40  0  18 27 40 40  0    21
PCApplyOnBlocks    40017 1.0 1.3341e-01 1.2 2.24e+06 1.1 0.0e+00 0.0e+00 0.0e+00  3 27  0  0  0   3 27  0  0  0   166
------------------------------------------------------------------------------------------------------------------------

Memory usage is given in bytes:

Object Type          Creations   Destructions     Memory  Descendants' Mem.
Reports information only for process 0.

--- Event Stage 0: Main Stage

              Vector    26             26        46976     0.
              Matrix     6              6        22480     0.
           Index Set    11             11        10116     0.
   IS L to G Mapping     1              1          768     0.
   Star Forest Graph     6              6         6912     0.
       Krylov Solver     2              2        20440     0.
      Preconditioner     2              2         2056     0.
    Distributed Mesh     1              1         5048     0.
     Discrete System     1              1          896     0.
           Weak Form     1              1          616     0.
              Viewer     1              0            0     0.
========================================================================================================================
Average time to get PetscTime(): 9.53674e-08
Average time for MPI_Barrier(): 4.57764e-05
Average time for zero size MPI_Send(): 1.41859e-05
#PETSc Option Table entries:
-ksp_type gmres
-log_view
-n 10000
-pc_type asm
#End of PETSc Option Table entries
Compiled without FORTRAN kernels
Compiled with full precision matrices (default)
sizeof(short) 2 sizeof(int) 4 sizeof(long) 8 sizeof(void*) 8 sizeof(PetscScalar) 8 sizeof(PetscInt) 4
Configure options: --with-mpi-dir=/share/intel/2018u4/compilers_and_libraries_2018.5.274/linux/mpi/intel64/ --with-blaslapack-dir=/share/intel/2018u4/compilers_and_libraries_2018.5.274/linux/mkl/ --with-debugging=no --prefix=/work/mae-cuin/lib/petsc-3.16.6-opt --download-hypre --download-mumps --download-metis --download-hdf5 COPTFLAGS="-O3 -march=native -mtune=native" CXXOPTFLAGS="-O3 -march=native -mtune=native" FOPTFLAGS="-O3 -march=native -mtune=native" --with-scalapack-include=/share/intel/2018u4/compilers_and_libraries_2018.5.274/linux/mkl/include --with-scalapack-lib="-L/share/intel/2018u4/compilers_and_libraries_2018.5.274/linux/mkl/lib/intel64 -lmkl_blacs_intelmpi_lp64 -lmkl_scalapack_lp64"
-----------------------------------------
Libraries compiled on 2022-05-04 08:04:13 on login03 
Machine characteristics: Linux-3.10.0-862.el7.x86_64-x86_64-with-redhat-7.5-Maipo
Using PETSc directory: /work/mae-cuin/lib/petsc-3.16.6-opt
Using PETSc arch: 
-----------------------------------------

Using C compiler: /share/intel/2018u4/compilers_and_libraries_2018.5.274/linux/mpi/intel64/bin/mpiicc  -fPIC -wd1572 -Wno-unknown-pragmas -O3 -march=native -mtune=native  -std=c99 
Using Fortran compiler: /share/intel/2018u4/compilers_and_libraries_2018.5.274/linux/mpi/intel64/bin/mpiifort  -fPIC -O3 -march=native -mtune=native     -std=c99
-----------------------------------------

Using include paths: -I/work/mae-cuin/lib/petsc-3.16.6-opt/include -I/share/intel/2018u4/compilers_and_libraries_2018.5.274/linux/mpi/intel64/include
-----------------------------------------

Using C linker: /share/intel/2018u4/compilers_and_libraries_2018.5.274/linux/mpi/intel64/bin/mpiicc
Using Fortran linker: /share/intel/2018u4/compilers_and_libraries_2018.5.274/linux/mpi/intel64/bin/mpiifort
Using libraries: -Wl,-rpath,/work/mae-cuin/lib/petsc-3.16.6-opt/lib -L/work/mae-cuin/lib/petsc-3.16.6-opt/lib -lpetsc -Wl,-rpath,/work/mae-cuin/lib/petsc-3.16.6-opt/lib -L/work/mae-cuin/lib/petsc-3.16.6-opt/lib -L/share/intel/2018u4/compilers_and_libraries_2018.5.274/linux/mkl/lib/intel64 -Wl,-rpath,/share/intel/2018u4/compilers_and_libraries_2018.5.274/linux/mkl/lib/intel64 -Wl,-rpath,/share/intel/2018u4/compilers_and_libraries_2018.5.274/linux/mpi/intel64/lib/release_mt -L/share/intel/2018u4/compilers_and_libraries_2018.5.274/linux/mpi/intel64/lib/release_mt -Wl,-rpath,/share/intel/2018u4/compilers_and_libraries_2018.5.274/linux/mpi/intel64/lib -L/share/intel/2018u4/compilers_and_libraries_2018.5.274/linux/mpi/intel64/lib -Wl,-rpath,/share/intel/2018u4/compilers_and_libraries_2018.5.274/linux/tbb/lib/intel64_lin/gcc4.4 -L/share/intel/2018u4/compilers_and_libraries_2018.5.274/linux/tbb/lib/intel64_lin/gcc4.4 -Wl,-rpath,/share/intel/2018u4/compilers_and_libraries_2018.5.274/linux/daal/lib/intel64_lin -L/share/intel/2018u4/compilers_and_libraries_2018.5.274/linux/daal/lib/intel64_lin -Wl,-rpath,/share/intel/2018u4/compilers_and_libraries_2018.5.274/linux/tbb/lib/intel64/gcc4.4 -L/share/intel/2018u4/compilers_and_libraries_2018.5.274/linux/tbb/lib/intel64/gcc4.4 -Wl,-rpath,/share/intel/2018u4/compilers_and_libraries_2018.5.274/linux/compiler/lib/intel64 -L/share/intel/2018u4/compilers_and_libraries_2018.5.274/linux/compiler/lib/intel64 -Wl,-rpath,/share/intel/2018u4/compilers_and_libraries_2018.5.274/linux/ipp/lib/intel64 -L/share/intel/2018u4/compilers_and_libraries_2018.5.274/linux/ipp/lib/intel64 -Wl,-rpath,/share/intel/2018u4/compilers_and_libraries_2018.5.274/linux/compiler/lib/intel64_lin -L/share/intel/2018u4/compilers_and_libraries_2018.5.274/linux/compiler/lib/intel64_lin -Wl,-rpath,/usr/lib/gcc/x86_64-redhat-linux/4.8.5 -L/usr/lib/gcc/x86_64-redhat-linux/4.8.5 -Wl,-rpath,/opt/intel/mpi-rt/2017.0.0/intel64/lib/release_mt -Wl,-rpath,/opt/intel/mpi-rt/2017.0.0/intel64/lib -lHYPRE -lcmumps -ldmumps -lsmumps -lzmumps -lmumps_common -lpord -lmkl_blacs_intelmpi_lp64 -lmkl_scalapack_lp64 -lmkl_intel_lp64 -lmkl_core -lmkl_sequential -lpthread -lhdf5_hl -lhdf5 -lmetis -lX11 -lstdc++ -ldl -lmpifort -lmpi -lmpigi -lrt -lpthread -lifport -lifcoremt_pic -limf -lsvml -lm -lipgo -lirc -lgcc_s -lirc_s -lquadmath -lstdc++ -ldl
-----------------------------------------

