Sender: LSF System <lsfadmin@r01n14>
Subject: Job 3827834: <petsc-test> in cluster <sustchpc> Exited

Job <petsc-test> was submitted from host <login03> by user <mae-cuin> in cluster <sustchpc> at Thu Jun  9 09:33:18 2022.
Job was executed on host(s) <10*r01n14>, in queue <ser>, as user <mae-cuin> in cluster <sustchpc> at Thu Jun  9 09:33:20 2022.
</work/mae-cuin> was used as the home directory.
</work/mae-cuin/hpc/final-project/hpc-final-project> was used as the working directory.
Started at Thu Jun  9 09:33:20 2022.
Terminated at Thu Jun  9 09:33:24 2022.
Results reported at Thu Jun  9 09:33:24 2022.

Your job looked like:

------------------------------------------------------------
# LSBATCH: User input
#!/bin/bash
#BSUB -J petsc-test
#BSUB -q ser
#BSUB -n 10
#BSUB -m 'r01n14'
#BSUB -e log.out
#BSUB -o log.out

module purge
module load intel/2018.4
module load mpi/intel/2018.4

mpirun -np 10 ./main.out -n 100000 -log_view > result.log 2>&1

------------------------------------------------------------

Exited with exit code 59.

Resource usage summary:

    CPU time :                                   1.08 sec.
    Max Memory :                                 3 MB
    Average Memory :                             3.00 MB
    Total Requested Memory :                     -
    Delta Memory :                               -
    Max Swap :                                   66 MB
    Max Processes :                              1
    Max Threads :                                2
    Run time :                                   3 sec.
    Turnaround time :                            6 sec.

The output (if any) follows:

Sender: LSF System <lsfadmin@r01n14>
Subject: Job 3827836: <petsc-test> in cluster <sustchpc> Done

Job <petsc-test> was submitted from host <login03> by user <mae-cuin> in cluster <sustchpc> at Thu Jun  9 09:35:25 2022.
Job was executed on host(s) <10*r01n14>, in queue <ser>, as user <mae-cuin> in cluster <sustchpc> at Thu Jun  9 09:35:26 2022.
</work/mae-cuin> was used as the home directory.
</work/mae-cuin/hpc/final-project/hpc-final-project> was used as the working directory.
Started at Thu Jun  9 09:35:26 2022.
Terminated at Thu Jun  9 09:35:32 2022.
Results reported at Thu Jun  9 09:35:32 2022.

Your job looked like:

------------------------------------------------------------
# LSBATCH: User input
#!/bin/bash
#BSUB -J petsc-test
#BSUB -q ser
#BSUB -n 10
#BSUB -m 'r01n14'
#BSUB -e log.out
#BSUB -o log.out

module purge
module load intel/2018.4
module load mpi/intel/2018.4

mpirun -np 10 ./main.out -n 100000 -log_view > result.log 2>&1

------------------------------------------------------------

Successfully completed.

Resource usage summary:

    CPU time :                                   37.00 sec.
    Max Memory :                                 98 MB
    Average Memory :                             98.00 MB
    Total Requested Memory :                     -
    Delta Memory :                               -
    Max Swap :                                   66 MB
    Max Processes :                              7
    Max Threads :                                9
    Run time :                                   5 sec.
    Turnaround time :                            7 sec.

The output (if any) follows:

Sender: LSF System <lsfadmin@r01n14>
Subject: Job 3827850: <petsc-test> in cluster <sustchpc> Done

Job <petsc-test> was submitted from host <login03> by user <mae-cuin> in cluster <sustchpc> at Thu Jun  9 09:39:44 2022.
Job was executed on host(s) <10*r01n14>, in queue <ser>, as user <mae-cuin> in cluster <sustchpc> at Thu Jun  9 09:39:45 2022.
</work/mae-cuin> was used as the home directory.
</work/mae-cuin/hpc/final-project/hpc-final-project> was used as the working directory.
Started at Thu Jun  9 09:39:45 2022.
Terminated at Thu Jun  9 09:39:52 2022.
Results reported at Thu Jun  9 09:39:52 2022.

Your job looked like:

------------------------------------------------------------
# LSBATCH: User input
#!/bin/bash
#BSUB -J petsc-test
#BSUB -q ser
#BSUB -n 10
#BSUB -m 'r01n14'
#BSUB -e log.out
#BSUB -o log.out

module purge
module load intel/2018.4
module load mpi/intel/2018.4

mpirun -np 10 ./main.out -n 100000 -log_view > result.log 2>&1

------------------------------------------------------------

Successfully completed.

Resource usage summary:

    CPU time :                                   46.82 sec.
    Max Memory :                                 94 MB
    Average Memory :                             94.00 MB
    Total Requested Memory :                     -
    Delta Memory :                               -
    Max Swap :                                   66 MB
    Max Processes :                              7
    Max Threads :                                9
    Run time :                                   6 sec.
    Turnaround time :                            8 sec.

The output (if any) follows:

Sender: LSF System <lsfadmin@r01n14>
Subject: Job 3827902: <petsc-test> in cluster <sustchpc> Done

Job <petsc-test> was submitted from host <login03> by user <mae-cuin> in cluster <sustchpc> at Thu Jun  9 09:57:12 2022.
Job was executed on host(s) <10*r01n14>, in queue <ser>, as user <mae-cuin> in cluster <sustchpc> at Thu Jun  9 09:57:12 2022.
</work/mae-cuin> was used as the home directory.
</work/mae-cuin/hpc/final-project/hpc-final-project> was used as the working directory.
Started at Thu Jun  9 09:57:12 2022.
Terminated at Thu Jun  9 09:57:17 2022.
Results reported at Thu Jun  9 09:57:17 2022.

Your job looked like:

------------------------------------------------------------
# LSBATCH: User input
#!/bin/bash
#BSUB -J petsc-test
#BSUB -q ser
#BSUB -n 10
#BSUB -m 'r01n14'
#BSUB -e log.out
#BSUB -o log.out

module purge
module load intel/2018.4
module load mpi/intel/2018.4

mpirun -np 10 ./main.out -n 100000 -log_view > result.log 2>&1

------------------------------------------------------------

Successfully completed.

Resource usage summary:

    CPU time :                                   35.43 sec.
    Max Memory :                                 102 MB
    Average Memory :                             102.00 MB
    Total Requested Memory :                     -
    Delta Memory :                               -
    Max Swap :                                   66 MB
    Max Processes :                              7
    Max Threads :                                9
    Run time :                                   4 sec.
    Turnaround time :                            5 sec.

The output (if any) follows:

Sender: LSF System <lsfadmin@r01n14>
Subject: Job 3827909: <petsc-test> in cluster <sustchpc> Done

Job <petsc-test> was submitted from host <login03> by user <mae-cuin> in cluster <sustchpc> at Thu Jun  9 09:59:17 2022.
Job was executed on host(s) <10*r01n14>, in queue <ser>, as user <mae-cuin> in cluster <sustchpc> at Thu Jun  9 09:59:17 2022.
</work/mae-cuin> was used as the home directory.
</work/mae-cuin/hpc/final-project/hpc-final-project> was used as the working directory.
Started at Thu Jun  9 09:59:17 2022.
Terminated at Thu Jun  9 09:59:23 2022.
Results reported at Thu Jun  9 09:59:23 2022.

Your job looked like:

------------------------------------------------------------
# LSBATCH: User input
#!/bin/bash
#BSUB -J petsc-test
#BSUB -q ser
#BSUB -n 10
#BSUB -m 'r01n14'
#BSUB -e log.out
#BSUB -o log.out

module purge
module load intel/2018.4
module load mpi/intel/2018.4

mpirun -np 10 ./main.out -n 100000 -log_view > result.log 2>&1

------------------------------------------------------------

Successfully completed.

Resource usage summary:

    CPU time :                                   36.00 sec.
    Max Memory :                                 97 MB
    Average Memory :                             97.00 MB
    Total Requested Memory :                     -
    Delta Memory :                               -
    Max Swap :                                   66 MB
    Max Processes :                              7
    Max Threads :                                9
    Run time :                                   5 sec.
    Turnaround time :                            6 sec.

The output (if any) follows:

Sender: LSF System <lsfadmin@r01n14>
Subject: Job 3828216: <petsc-test> in cluster <sustchpc> Done

Job <petsc-test> was submitted from host <login03> by user <mae-cuin> in cluster <sustchpc> at Thu Jun  9 11:31:21 2022.
Job was executed on host(s) <3*r01n14>, in queue <ser>, as user <mae-cuin> in cluster <sustchpc> at Thu Jun  9 11:31:21 2022.
                            <7*r01n07>
</work/mae-cuin> was used as the home directory.
</work/mae-cuin/hpc/final-project/hpc-final-project> was used as the working directory.
Started at Thu Jun  9 11:31:21 2022.
Terminated at Thu Jun  9 11:31:27 2022.
Results reported at Thu Jun  9 11:31:27 2022.

Your job looked like:

------------------------------------------------------------
# LSBATCH: User input
#!/bin/bash
#BSUB -J petsc-test
#BSUB -q ser
#BSUB -n 10
#BSUB -e log.out
#BSUB -o log.out

module purge
module load intel/2018.4
module load mpi/intel/2018.4

mpirun -np 10 ./main.out -n 100000 -log_view > result.log 2>&1

------------------------------------------------------------

Successfully completed.

Resource usage summary:

    CPU time :                                   40.59 sec.
    Max Memory :                                 17 MB
    Average Memory :                             17.00 MB
    Total Requested Memory :                     -
    Delta Memory :                               -
    Max Swap :                                   -
    Max Processes :                              7
    Max Threads :                                9
    Run time :                                   5 sec.
    Turnaround time :                            6 sec.

The output (if any) follows:

Sender: LSF System <lsfadmin@r01n14>
Subject: Job 3828230: <petsc-test> in cluster <sustchpc> Done

Job <petsc-test> was submitted from host <login03> by user <mae-cuin> in cluster <sustchpc> at Thu Jun  9 11:34:59 2022.
Job was executed on host(s) <7*r01n14>, in queue <ser>, as user <mae-cuin> in cluster <sustchpc> at Thu Jun  9 11:35:01 2022.
                            <3*r01n07>
</work/mae-cuin> was used as the home directory.
</work/mae-cuin/hpc/final-project/hpc-final-project> was used as the working directory.
Started at Thu Jun  9 11:35:01 2022.
Terminated at Thu Jun  9 11:35:07 2022.
Results reported at Thu Jun  9 11:35:07 2022.

Your job looked like:

------------------------------------------------------------
# LSBATCH: User input
#!/bin/bash
#BSUB -J petsc-test
#BSUB -q ser
#BSUB -n 10
#BSUB -e log.out
#BSUB -o log.out

module purge
module load intel/2018.4
module load mpi/intel/2018.4

mpirun -np 10 ./main.out -n 100000 -log_view > result.log 2>&1

------------------------------------------------------------

Successfully completed.

Resource usage summary:

    CPU time :                                   40.59 sec.
    Max Memory :                                 142 MB
    Average Memory :                             142.00 MB
    Total Requested Memory :                     -
    Delta Memory :                               -
    Max Swap :                                   -
    Max Processes :                              7
    Max Threads :                                9
    Run time :                                   5 sec.
    Turnaround time :                            8 sec.

The output (if any) follows:

Sender: LSF System <lsfadmin@r01n17>
Subject: Job 3828253: <petsc-test> in cluster <sustchpc> Done

Job <petsc-test> was submitted from host <login03> by user <mae-cuin> in cluster <sustchpc> at Thu Jun  9 11:42:04 2022.
Job was executed on host(s) <1*r01n17>, in queue <ser>, as user <mae-cuin> in cluster <sustchpc> at Thu Jun  9 11:42:05 2022.
                            <1*r01n03>
                            <3*r01n28>
                            <5*r01n20>
</work/mae-cuin> was used as the home directory.
</work/mae-cuin/hpc/final-project/hpc-final-project> was used as the working directory.
Started at Thu Jun  9 11:42:05 2022.
Terminated at Thu Jun  9 11:42:22 2022.
Results reported at Thu Jun  9 11:42:22 2022.

Your job looked like:

------------------------------------------------------------
# LSBATCH: User input
#!/bin/bash
#BSUB -J petsc-test
#BSUB -q ser
#BSUB -n 10
#BSUB -e log.out
#BSUB -o log.out

module purge
module load intel/2018.4
module load mpi/intel/2018.4

mpirun -np 10 ./main.out -n 100000 -log_view > result.log 2>&1

------------------------------------------------------------

Successfully completed.

Resource usage summary:

    CPU time :                                   101.00 sec.
    Max Memory :                                 50 MB
    Average Memory :                             25.00 MB
    Total Requested Memory :                     -
    Delta Memory :                               -
    Max Swap :                                   -
    Max Processes :                              7
    Max Threads :                                9
    Run time :                                   16 sec.
    Turnaround time :                            18 sec.

The output (if any) follows:

Sender: LSF System <lsfadmin@r01n17>
Subject: Job 3828264: <petsc-test> in cluster <sustchpc> Done

Job <petsc-test> was submitted from host <login03> by user <mae-cuin> in cluster <sustchpc> at Thu Jun  9 11:45:13 2022.
Job was executed on host(s) <1*r01n17>, in queue <ser>, as user <mae-cuin> in cluster <sustchpc> at Thu Jun  9 11:45:13 2022.
                            <1*r01n03>
                            <3*r01n28>
                            <5*r01n20>
</work/mae-cuin> was used as the home directory.
</work/mae-cuin/hpc/final-project/hpc-final-project> was used as the working directory.
Started at Thu Jun  9 11:45:13 2022.
Terminated at Thu Jun  9 11:45:32 2022.
Results reported at Thu Jun  9 11:45:32 2022.

Your job looked like:

------------------------------------------------------------
# LSBATCH: User input
#!/bin/bash
#BSUB -J petsc-test
#BSUB -q ser
#BSUB -n 10
#BSUB -e log.out
#BSUB -o log.out

module purge
module load intel/2018.4
module load mpi/intel/2018.4

mpirun -np 10 ./main.out -n 100000 -log_view > result.log 2>&1

------------------------------------------------------------

Successfully completed.

Resource usage summary:

    CPU time :                                   110.02 sec.
    Max Memory :                                 51 MB
    Average Memory :                             50.67 MB
    Total Requested Memory :                     -
    Delta Memory :                               -
    Max Swap :                                   -
    Max Processes :                              7
    Max Threads :                                9
    Run time :                                   18 sec.
    Turnaround time :                            19 sec.

The output (if any) follows:

Sender: LSF System <lsfadmin@r01n17>
Subject: Job 3828265: <petsc-test> in cluster <sustchpc> Done

Job <petsc-test> was submitted from host <login03> by user <mae-cuin> in cluster <sustchpc> at Thu Jun  9 11:45:42 2022.
Job was executed on host(s) <1*r01n17>, in queue <ser>, as user <mae-cuin> in cluster <sustchpc> at Thu Jun  9 11:45:42 2022.
                            <1*r01n03>
                            <3*r01n28>
                            <5*r01n20>
</work/mae-cuin> was used as the home directory.
</work/mae-cuin/hpc/final-project/hpc-final-project> was used as the working directory.
Started at Thu Jun  9 11:45:42 2022.
Terminated at Thu Jun  9 11:45:57 2022.
Results reported at Thu Jun  9 11:45:57 2022.

Your job looked like:

------------------------------------------------------------
# LSBATCH: User input
#!/bin/bash
#BSUB -J petsc-test
#BSUB -q ser
#BSUB -n 10
#BSUB -e log.out
#BSUB -o log.out

module purge
module load intel/2018.4
module load mpi/intel/2018.4

mpirun -np 10 ./main.out -n 100000 -log_view > result.log 2>&1

------------------------------------------------------------

Successfully completed.

Resource usage summary:

    CPU time :                                   100.16 sec.
    Max Memory :                                 50 MB
    Average Memory :                             48.00 MB
    Total Requested Memory :                     -
    Delta Memory :                               -
    Max Swap :                                   -
    Max Processes :                              7
    Max Threads :                                9
    Run time :                                   14 sec.
    Turnaround time :                            15 sec.

The output (if any) follows:

Sender: LSF System <lsfadmin@r01n28>
Subject: Job 3828292: <petsc-test> in cluster <sustchpc> Exited

Job <petsc-test> was submitted from host <login03> by user <mae-cuin> in cluster <sustchpc> at Thu Jun  9 11:58:13 2022.
Job was executed on host(s) <3*r01n28>, in queue <ser>, as user <mae-cuin> in cluster <sustchpc> at Thu Jun  9 11:58:13 2022.
                            <6*r01n17>
                            <1*r01n20>
</work/mae-cuin> was used as the home directory.
</work/mae-cuin/hpc/final-project/hpc-final-project> was used as the working directory.
Started at Thu Jun  9 11:58:13 2022.
Terminated at Thu Jun  9 11:58:18 2022.
Results reported at Thu Jun  9 11:58:18 2022.

Your job looked like:

------------------------------------------------------------
# LSBATCH: User input
#!/bin/bash
#BSUB -J petsc-test
#BSUB -q ser
#BSUB -n 10
#BSUB -e log.out
#BSUB -o log.out

module purge
module load intel/2018.4
module load mpi/intel/2018.4

mpirun -np 10 ./main.out -n 100000 -log_view > result.log 2>&1

------------------------------------------------------------

Exited with exit code 73.

Resource usage summary:

    CPU time :                                   2.15 sec.
    Max Memory :                                 92 MB
    Average Memory :                             92.00 MB
    Total Requested Memory :                     -
    Delta Memory :                               -
    Max Swap :                                   25 MB
    Max Processes :                              7
    Max Threads :                                9
    Run time :                                   4 sec.
    Turnaround time :                            5 sec.

The output (if any) follows:

Sender: LSF System <lsfadmin@r01n28>
Subject: Job 3828295: <petsc-test> in cluster <sustchpc> Done

Job <petsc-test> was submitted from host <login03> by user <mae-cuin> in cluster <sustchpc> at Thu Jun  9 11:59:44 2022.
Job was executed on host(s) <3*r01n28>, in queue <ser>, as user <mae-cuin> in cluster <sustchpc> at Thu Jun  9 11:59:44 2022.
                            <6*r01n17>
                            <1*r01n20>
</work/mae-cuin> was used as the home directory.
</work/mae-cuin/hpc/final-project/hpc-final-project> was used as the working directory.
Started at Thu Jun  9 11:59:44 2022.
Terminated at Thu Jun  9 12:00:13 2022.
Results reported at Thu Jun  9 12:00:13 2022.

Your job looked like:

------------------------------------------------------------
# LSBATCH: User input
#!/bin/bash
#BSUB -J petsc-test
#BSUB -q ser
#BSUB -n 10
#BSUB -e log.out
#BSUB -o log.out

module purge
module load intel/2018.4
module load mpi/intel/2018.4

mpirun -np 10 ./main.out -n 100000 -log_view > result.log 2>&1

------------------------------------------------------------

Successfully completed.

Resource usage summary:

    CPU time :                                   211.00 sec.
    Max Memory :                                 108 MB
    Average Memory :                             103.75 MB
    Total Requested Memory :                     -
    Delta Memory :                               -
    Max Swap :                                   13 MB
    Max Processes :                              7
    Max Threads :                                9
    Run time :                                   28 sec.
    Turnaround time :                            29 sec.

The output (if any) follows:

Sender: LSF System <lsfadmin@r01n03>
Subject: Job 3828299: <petsc-test> in cluster <sustchpc> Done

Job <petsc-test> was submitted from host <login03> by user <mae-cuin> in cluster <sustchpc> at Thu Jun  9 12:01:58 2022.
Job was executed on host(s) <1*r01n03>, in queue <ser>, as user <mae-cuin> in cluster <sustchpc> at Thu Jun  9 12:01:59 2022.
                            <3*r01n28>
                            <6*r01n17>
</work/mae-cuin> was used as the home directory.
</work/mae-cuin/hpc/final-project/hpc-final-project> was used as the working directory.
Started at Thu Jun  9 12:01:59 2022.
Terminated at Thu Jun  9 12:02:17 2022.
Results reported at Thu Jun  9 12:02:17 2022.

Your job looked like:

------------------------------------------------------------
# LSBATCH: User input
#!/bin/bash
#BSUB -J petsc-test
#BSUB -q ser
#BSUB -n 10
#BSUB -e log.out
#BSUB -o log.out

module purge
module load intel/2018.4
module load mpi/intel/2018.4

mpirun -np 10 ./main.out -n 100000 -log_view > result.log 2>&1

------------------------------------------------------------

Successfully completed.

Resource usage summary:

    CPU time :                                   127.00 sec.
    Max Memory :                                 49 MB
    Average Memory :                             47.33 MB
    Total Requested Memory :                     -
    Delta Memory :                               -
    Max Swap :                                   12 MB
    Max Processes :                              7
    Max Threads :                                9
    Run time :                                   17 sec.
    Turnaround time :                            19 sec.

The output (if any) follows:

Sender: LSF System <lsfadmin@r01n03>
Subject: Job 3828314: <petsc-test> in cluster <sustchpc> Done

Job <petsc-test> was submitted from host <login03> by user <mae-cuin> in cluster <sustchpc> at Thu Jun  9 12:06:41 2022.
Job was executed on host(s) <1*r01n03>, in queue <ser>, as user <mae-cuin> in cluster <sustchpc> at Thu Jun  9 12:06:42 2022.
                            <3*r01n28>
                            <6*r01n17>
</work/mae-cuin> was used as the home directory.
</work/mae-cuin/hpc/final-project/hpc-final-project> was used as the working directory.
Started at Thu Jun  9 12:06:42 2022.
Terminated at Thu Jun  9 12:07:01 2022.
Results reported at Thu Jun  9 12:07:01 2022.

Your job looked like:

------------------------------------------------------------
# LSBATCH: User input
#!/bin/bash
#BSUB -J petsc-test
#BSUB -q ser
#BSUB -n 10
#BSUB -e log.out
#BSUB -o log.out

module purge
module load intel/2018.4
module load mpi/intel/2018.4

mpirun -np 10 ./main.out -n 100000 -log_view > result.log 2>&1

------------------------------------------------------------

Successfully completed.

Resource usage summary:

    CPU time :                                   133.40 sec.
    Max Memory :                                 49 MB
    Average Memory :                             47.33 MB
    Total Requested Memory :                     -
    Delta Memory :                               -
    Max Swap :                                   12 MB
    Max Processes :                              7
    Max Threads :                                9
    Run time :                                   18 sec.
    Turnaround time :                            20 sec.

The output (if any) follows:

Sender: LSF System <lsfadmin@r01n03>
Subject: Job 3828352: <petsc-test> in cluster <sustchpc> Done

Job <petsc-test> was submitted from host <login03> by user <mae-cuin> in cluster <sustchpc> at Thu Jun  9 12:23:23 2022.
Job was executed on host(s) <2*r01n03>, in queue <ser>, as user <mae-cuin> in cluster <sustchpc> at Thu Jun  9 12:23:25 2022.
                            <3*r01n28>
                            <5*r01n20>
</work/mae-cuin> was used as the home directory.
</work/mae-cuin/hpc/final-project/hpc-final-project> was used as the working directory.
Started at Thu Jun  9 12:23:25 2022.
Terminated at Thu Jun  9 12:23:39 2022.
Results reported at Thu Jun  9 12:23:39 2022.

Your job looked like:

------------------------------------------------------------
# LSBATCH: User input
#!/bin/bash
#BSUB -J petsc-test
#BSUB -q ser
#BSUB -n 10
#BSUB -e log.out
#BSUB -o log.out

module purge
module load intel/2018.4
module load mpi/intel/2018.4

mpirun -np 10 ./main.out -n 100000 -log_view > result.log 2>&1

------------------------------------------------------------

Successfully completed.

Resource usage summary:

    CPU time :                                   102.00 sec.
    Max Memory :                                 76 MB
    Average Memory :                             75.00 MB
    Total Requested Memory :                     -
    Delta Memory :                               -
    Max Swap :                                   17 MB
    Max Processes :                              7
    Max Threads :                                9
    Run time :                                   14 sec.
    Turnaround time :                            16 sec.

The output (if any) follows:

