Sender: LSF System <lsfadmin@r01n20>
Subject: Job 3827752: <petsc-test> in cluster <sustchpc> Done

Job <petsc-test> was submitted from host <login03> by user <mae-cuin> in cluster <sustchpc> at Thu Jun  9 08:13:55 2022.
Job was executed on host(s) <4*r01n20>, in queue <ser>, as user <mae-cuin> in cluster <sustchpc> at Thu Jun  9 08:13:55 2022.
                            <4*r01n15>
                            <6*r01n17>
                            <2*r01n10>
</work/mae-cuin> was used as the home directory.
</work/mae-cuin/hpc/final-project/hpc-final-project/Implicit_Euler/parallel> was used as the working directory.
Started at Thu Jun  9 08:13:55 2022.
Terminated at Thu Jun  9 08:14:07 2022.
Results reported at Thu Jun  9 08:14:07 2022.

Your job looked like:

------------------------------------------------------------
# LSBATCH: User input
#!/bin/bash
#BSUB -J petsc-test
#BSUB -q ser
#BSUB -n 16
#BSUB -e log.err
#BSUB -o log.out

module purge
module load intel/2018.4
module load mpi/intel/2018.4

mpirun -np 1 ../main.out -n 1000 \
  -ksp_type gmres \
  -pc_type asm \
  -log_view > result_1.log 2>&1

mpirun -np 2 ../main.out -n 1000 \
  -ksp_type gmres \
  -pc_type asm \
  -log_view > result_2.log 2>&1

mpirun -np 4 ../main.out -n 1000 \
  -ksp_type gmres \
  -pc_type asm \
  -log_view > result_3.log 2>&1

mpirun -np 8 ../main.out -n 1000 \
  -ksp_type gmres \
  -pc_type asm \
  -log_view > result_4.log 2>&1

mpirun -np 16 ../main.out -n 1000 \
  -ksp_type gmres \
  -pc_type asm \
  -log_view > result_5.log 2>&1

------------------------------------------------------------

Successfully completed.

Resource usage summary:

    CPU time :                                   74.00 sec.
    Max Memory :                                 10 MB
    Average Memory :                             4.00 MB
    Total Requested Memory :                     -
    Delta Memory :                               -
    Max Swap :                                   17 MB
    Max Processes :                              7
    Max Threads :                                9
    Run time :                                   11 sec.
    Turnaround time :                            12 sec.

The output (if any) follows:



PS:

Read file <log.err> for stderr output of this job.

Sender: LSF System <lsfadmin@r01n08>
Subject: Job 3829622: <petsc-test> in cluster <sustchpc> Done

Job <petsc-test> was submitted from host <login03> by user <mae-cuin> in cluster <sustchpc> at Thu Jun  9 19:15:06 2022.
Job was executed on host(s) <3*r01n08>, in queue <ser>, as user <mae-cuin> in cluster <sustchpc> at Thu Jun  9 19:15:08 2022.
                            <12*r01n14>
                            <1*r01n07>
</work/mae-cuin> was used as the home directory.
</work/mae-cuin/hpc/final-project/hpc-final-project/Implicit_Euler/parallel> was used as the working directory.
Started at Thu Jun  9 19:15:08 2022.
Terminated at Thu Jun  9 19:15:16 2022.
Results reported at Thu Jun  9 19:15:16 2022.

Your job looked like:

------------------------------------------------------------
# LSBATCH: User input
#!/bin/bash
#BSUB -J petsc-test
#BSUB -q ser
#BSUB -n 16
#BSUB -e log.err
#BSUB -o log.out

module purge
module load intel/2018.4
module load mpi/intel/2018.4

mpirun -np 1 ../main.out -n 1000 \
  -ksp_type gmres \
  -pc_type asm \
  -log_view > result_1.log 2>&1

mpirun -np 2 ../main.out -n 1000 \
  -ksp_type gmres \
  -pc_type asm \
  -log_view > result_2.log 2>&1

mpirun -np 4 ../main.out -n 1000 \
  -ksp_type gmres \
  -pc_type asm \
  -log_view > result_3.log 2>&1

mpirun -np 8 ../main.out -n 1000 \
  -ksp_type gmres \
  -pc_type asm \
  -log_view > result_4.log 2>&1

mpirun -np 16 ../main.out -n 1000 \
  -ksp_type gmres \
  -pc_type asm \
  -log_view > result_5.log 2>&1

------------------------------------------------------------

Successfully completed.

Resource usage summary:

    CPU time :                                   39.66 sec.
    Max Memory :                                 111 MB
    Average Memory :                             111.00 MB
    Total Requested Memory :                     -
    Delta Memory :                               -
    Max Swap :                                   -
    Max Processes :                              7
    Max Threads :                                9
    Run time :                                   7 sec.
    Turnaround time :                            10 sec.

The output (if any) follows:



PS:

Read file <log.err> for stderr output of this job.

Sender: LSF System <lsfadmin@r01n08>
Subject: Job 3829679: <petsc-test> in cluster <sustchpc> Done

Job <petsc-test> was submitted from host <login03> by user <mae-cuin> in cluster <sustchpc> at Thu Jun  9 19:39:31 2022.
Job was executed on host(s) <3*r01n08>, in queue <ser>, as user <mae-cuin> in cluster <sustchpc> at Thu Jun  9 19:39:33 2022.
                            <3*r01n20>
                            <9*r01n17>
                            <1*r01n14>
</work/mae-cuin> was used as the home directory.
</work/mae-cuin/hpc/final-project/hpc-final-project/Implicit_Euler/parallel> was used as the working directory.
Started at Thu Jun  9 19:39:33 2022.
Terminated at Thu Jun  9 19:40:10 2022.
Results reported at Thu Jun  9 19:40:10 2022.

Your job looked like:

------------------------------------------------------------
# LSBATCH: User input
#!/bin/bash
#BSUB -J petsc-test
#BSUB -q ser
#BSUB -n 16
#BSUB -e log.err
#BSUB -o log.out

module purge
module load intel/2018.4
module load mpi/intel/2018.4

mpirun -np 1 ../main.out -n 10000 \
  -ksp_type gmres \
  -pc_type asm \
  -log_view > result_1.log 2>&1

mpirun -np 2 ../main.out -n 10000 \
  -ksp_type gmres \
  -pc_type asm \
  -log_view > result_2.log 2>&1

mpirun -np 4 ../main.out -n 10000 \
  -ksp_type gmres \
  -pc_type asm \
  -log_view > result_3.log 2>&1

mpirun -np 8 ../main.out -n 10000 \
  -ksp_type gmres \
  -pc_type asm \
  -log_view > result_4.log 2>&1

mpirun -np 16 ../main.out -n 10000 \
  -ksp_type gmres \
  -pc_type asm \
  -log_view > result_5.log 2>&1

------------------------------------------------------------

Successfully completed.

Resource usage summary:

    CPU time :                                   391.00 sec.
    Max Memory :                                 112 MB
    Average Memory :                             75.00 MB
    Total Requested Memory :                     -
    Delta Memory :                               -
    Max Swap :                                   -
    Max Processes :                              7
    Max Threads :                                9
    Run time :                                   36 sec.
    Turnaround time :                            39 sec.

The output (if any) follows:



PS:

Read file <log.err> for stderr output of this job.

Sender: LSF System <lsfadmin@r01n08>
Subject: Job 3829684: <petsc-test> in cluster <sustchpc> Done

Job <petsc-test> was submitted from host <login03> by user <mae-cuin> in cluster <sustchpc> at Thu Jun  9 19:43:51 2022.
Job was executed on host(s) <3*r01n08>, in queue <ser>, as user <mae-cuin> in cluster <sustchpc> at Thu Jun  9 19:43:51 2022.
                            <3*r01n20>
                            <6*r01n21>
                            <4*r01n28>
</work/mae-cuin> was used as the home directory.
</work/mae-cuin/hpc/final-project/hpc-final-project/Implicit_Euler/parallel> was used as the working directory.
Started at Thu Jun  9 19:43:51 2022.
Terminated at Thu Jun  9 19:44:31 2022.
Results reported at Thu Jun  9 19:44:31 2022.

Your job looked like:

------------------------------------------------------------
# LSBATCH: User input
#!/bin/bash
#BSUB -J petsc-test
#BSUB -q ser
#BSUB -n 16
#BSUB -e log.err
#BSUB -o log.out

module purge
module load intel/2018.4
module load mpi/intel/2018.4

mpirun -np 1 ../main.out -n 10000 \
  -ksp_type gmres \
  -pc_type asm \
  -log_view > result_1.log 2>&1

mpirun -np 2 ../main.out -n 20000 \
  -ksp_type gmres \
  -pc_type asm \
  -log_view > result_2.log 2>&1

mpirun -np 4 ../main.out -n 40000 \
  -ksp_type gmres \
  -pc_type asm \
  -log_view > result_3.log 2>&1

mpirun -np 8 ../main.out -n 80000 \
  -ksp_type gmres \
  -pc_type asm \
  -log_view > result_4.log 2>&1

#mpirun -np 16 ../main.out -n 10000 \
 # -ksp_type gmres \
  #-pc_type asm \
 # -log_view > result_5.log 2>&1

------------------------------------------------------------

Successfully completed.

Resource usage summary:

    CPU time :                                   220.15 sec.
    Max Memory :                                 114 MB
    Average Memory :                             96.40 MB
    Total Requested Memory :                     -
    Delta Memory :                               -
    Max Swap :                                   -
    Max Processes :                              7
    Max Threads :                                9
    Run time :                                   39 sec.
    Turnaround time :                            40 sec.

The output (if any) follows:



PS:

Read file <log.err> for stderr output of this job.

