delta_t 0.000013 
************************************************************************************************************************
***             WIDEN YOUR WINDOW TO 120 CHARACTERS.  Use 'enscript -r -fCourier9' to print this document            ***
************************************************************************************************************************

---------------------------------------------- PETSc Performance Summary: ----------------------------------------------

../main.out on a  named r01n08 with 8 processors, by mae-cuin Thu Jun  9 19:44:30 2022
Using Petsc Release Version 3.16.6, Mar 30, 2022 

                         Max       Max/Min     Avg       Total
Time (sec):           2.522e+01     1.000   2.522e+01
Objects:              5.800e+01     1.000   5.800e+01
Flop:                 8.568e+07     1.111   8.273e+07  6.618e+08
Flop/sec:             3.398e+06     1.111   3.281e+06  2.625e+07
MPI Messages:         1.520e+06     1.118   1.400e+06  1.120e+07
MPI Message Lengths:  1.216e+07     1.118   8.001e+00  8.962e+07
MPI Reductions:       6.400e+05     1.000

Flop counting convention: 1 flop = 1 real number operation of type (multiply/divide/add/subtract)
                            e.g., VecAXPY() for real vectors of length N --> 2N flop
                            and VecAXPY() for complex vectors of length N --> 8N flop

Summary of Stages:   ----- Time ------  ----- Flop ------  --- Messages ---  -- Message Lengths --  -- Reductions --
                        Avg     %Total     Avg     %Total    Count   %Total     Avg         %Total    Count   %Total
 0:      Main Stage: 2.5217e+01 100.0%  6.6184e+08 100.0%  1.120e+07 100.0%  8.001e+00      100.0%  6.400e+05 100.0%

------------------------------------------------------------------------------------------------------------------------
See the 'Profiling' chapter of the users' manual for details on interpreting output.
Phase summary info:
   Count: number of times phase was executed
   Time and Flop: Max - maximum over all processors
                  Ratio - ratio of maximum to minimum over all processors
   Mess: number of messages sent
   AvgLen: average message length (bytes)
   Reduct: number of global reductions
   Global: entire computation
   Stage: stages of a computation. Set stages with PetscLogStagePush() and PetscLogStagePop().
      %T - percent time in this phase         %F - percent flop in this phase
      %M - percent messages in this phase     %L - percent message lengths in this phase
      %R - percent reductions in this phase
   Total Mflop/s: 10e-6 * (sum of flop over all processors)/(max time over all processors)
------------------------------------------------------------------------------------------------------------------------
Event                Count      Time (sec)     Flop                              --- Global ---  --- Stage ----  Total
                   Max Ratio  Max     Ratio   Max  Ratio  Mess   AvgLen  Reduct  %T %F %M %L %R  %T %F %M %L %R Mflop/s
------------------------------------------------------------------------------------------------------------------------

--- Event Stage 0: Main Stage

BuildTwoSided      80007 1.0 2.9716e+00 1.7 0.00e+00 0.0 1.1e+06 1.2e+01 8.0e+04  9  0 10 15 12   9  0 10 15 13     0
BuildTwoSidedF     80003 1.0 3.3405e+00 1.7 0.00e+00 0.0 3.4e+06 8.0e+00 8.0e+04 10  0 30 30 12  10  0 30 30 13     0
VecMDot           240000 1.0 5.9243e+00 1.7 1.20e+07 1.1 0.0e+00 0.0e+00 2.4e+05 18 14  0  0 37  18 14  0  0 37    16
VecNorm           320000 1.0 1.2103e+01 1.9 8.32e+06 1.1 0.0e+00 0.0e+00 3.2e+05 38 10  0  0 50  38 10  0  0 50     5
VecScale          320001 1.0 1.5341e-01 2.7 4.16e+06 1.1 0.0e+00 0.0e+00 0.0e+00  0  5  0  0  0   0  5  0  0  0   211
VecCopy           160000 1.0 3.4799e-02 1.9 0.00e+00 0.0 0.0e+00 0.0e+00 0.0e+00  0  0  0  0  0   0  0  0  0  0     0
VecSet           1120007 1.0 1.6849e-01 1.6 0.00e+00 0.0 0.0e+00 0.0e+00 0.0e+00  1  0  0  0  0   1  0  0  0  0     0
VecAXPY            80000 1.0 3.3580e-02 2.5 2.08e+06 1.1 0.0e+00 0.0e+00 0.0e+00  0  2  0  0  0   0  2  0  0  0   481
VecAYPX            80000 1.0 3.0710e-02 2.5 2.08e+06 1.1 0.0e+00 0.0e+00 0.0e+00  0  2  0  0  0   0  2  0  0  0   526
VecMAXPY          320000 1.0 9.2992e-02 1.9 1.87e+07 1.1 0.0e+00 0.0e+00 0.0e+00  0 22  0  0  0   0 22  0  0  0  1564
VecAssemblyBegin   80002 1.0 3.6001e+00 1.6 0.00e+00 0.0 3.4e+06 8.0e+00 8.0e+04 10  0 30 30 12  10  0 30 30 12     0
VecAssemblyEnd     80002 1.0 1.1322e+0017.9 0.00e+00 0.0 0.0e+00 0.0e+00 0.0e+00  1  0  0  0  0   1  0  0  0  0     0
VecScatterBegin  1520000 1.0 4.4304e+00 4.2 0.00e+00 0.0 7.8e+06 8.0e+00 2.0e+00  8  0 70 70  0   8  0 70 70  0     0
VecScatterEnd    1520000 1.0 8.3565e+00 8.5 0.00e+00 0.0 0.0e+00 0.0e+00 0.0e+00 15  0  0  0  0  15  0  0  0  0     0
VecNormalize      320000 1.0 1.2230e+01 1.8 1.25e+07 1.1 0.0e+00 0.0e+00 3.2e+05 39 15  0  0 50  39 15  0  0 50     8
MatMult           240000 1.0 3.2580e+00 4.8 1.56e+07 1.1 3.4e+06 8.0e+00 1.0e+00  8 18 30 30  0   8 18 30 30  0    37
MatSolve          320000 1.0 9.4658e-02 1.5 2.27e+07 1.2 0.0e+00 0.0e+00 0.0e+00  0 26  0  0  0   0 26  0  0  0  1836
MatLUFactorNum         1 1.0 5.1022e-05 8.6 5.70e+01 1.2 0.0e+00 0.0e+00 0.0e+00  0  0  0  0  0   0  0  0  0  0     9
MatILUFactorSym        1 1.0 5.6982e-05 3.2 0.00e+00 0.0 0.0e+00 0.0e+00 0.0e+00  0  0  0  0  0   0  0  0  0  0     0
MatAssemblyBegin       2 1.0 1.6904e-04 4.1 0.00e+00 0.0 0.0e+00 0.0e+00 1.0e+00  0  0  0  0  0   0  0  0  0  0     0
MatAssemblyEnd         2 1.0 1.5919e-03 1.0 0.00e+00 0.0 0.0e+00 0.0e+00 5.0e+00  0  0  0  0  0   0  0  0  0  0     0
MatGetRowIJ            1 1.0 1.5306e-0480.2 0.00e+00 0.0 0.0e+00 0.0e+00 0.0e+00  0  0  0  0  0   0  0  0  0  0     0
MatCreateSubMats       1 1.0 9.6893e-04 1.3 0.00e+00 0.0 7.0e+01 1.4e+01 1.0e+00  0  0  0  0  0   0  0  0  0  0     0
MatGetOrdering         1 1.0 1.6904e-0410.6 0.00e+00 0.0 0.0e+00 0.0e+00 0.0e+00  0  0  0  0  0   0  0  0  0  0     0
MatIncreaseOvrlp       1 1.0 4.2200e-04 2.3 0.00e+00 0.0 0.0e+00 0.0e+00 1.0e+00  0  0  0  0  0   0  0  0  0  0     0
SFSetGraph             4 1.0 3.0994e-06 0.0 0.00e+00 0.0 0.0e+00 0.0e+00 0.0e+00  0  0  0  0  0   0  0  0  0  0     0
SFSetUp                4 1.0 1.3528e-03 5.6 0.00e+00 0.0 5.6e+01 4.0e+00 2.0e+00  0  0  0  0  0   0  0  0  0  0     0
SFReduceBegin     320000 1.0 9.1429e-02 1.1 0.00e+00 0.0 0.0e+00 0.0e+00 0.0e+00  0  0  0  0  0   0  0  0  0  0     0
SFReduceEnd       320000 1.0 8.2993e-02 1.1 0.00e+00 0.0 0.0e+00 0.0e+00 0.0e+00  0  0  0  0  0   0  0  0  0  0     0
SFPack           1520000 1.0 2.2428e-01 1.6 0.00e+00 0.0 0.0e+00 0.0e+00 0.0e+00  1  0  0  0  0   1  0  0  0  0     0
SFUnpack         1520000 1.0 1.5823e-01 1.5 0.00e+00 0.0 0.0e+00 0.0e+00 0.0e+00  1  0  0  0  0   1  0  0  0  0     0
KSPSetUp               2 1.0 1.0610e-04 3.9 0.00e+00 0.0 0.0e+00 0.0e+00 0.0e+00  0  0  0  0  0   0  0  0  0  0     0
KSPSolve           80000 1.0 2.2743e+01 1.1 8.36e+07 1.1 7.8e+06 8.0e+00 5.6e+05 87 98 70 70 87  87 98 70 70 87    28
KSPGMRESOrthog    240000 1.0 6.0311e+00 1.7 2.45e+07 1.1 0.0e+00 0.0e+00 2.4e+05 19 29  0  0 37  19 29  0  0 37    32
PCSetUp                2 1.0 3.0670e-03 1.2 5.70e+01 1.2 7.0e+01 1.4e+01 7.0e+00  0  0  0  0  0   0  0  0  0  0     0
PCSetUpOnBlocks    80000 1.0 1.7815e-02 2.3 5.70e+01 1.2 0.0e+00 0.0e+00 0.0e+00  0  0  0  0  0   0  0  0  0  0     0
PCApply           320000 1.0 8.2395e+00 2.4 2.27e+07 1.2 4.5e+06 8.0e+00 1.0e+00 20 26 40 40  0  20 26 40 40  0    21
PCApplyOnBlocks   320000 1.0 8.1859e-01 2.0 2.27e+07 1.2 0.0e+00 0.0e+00 0.0e+00  2 26  0  0  0   2 26  0  0  0   212
------------------------------------------------------------------------------------------------------------------------

Memory usage is given in bytes:

Object Type          Creations   Destructions     Memory  Descendants' Mem.
Reports information only for process 0.

--- Event Stage 0: Main Stage

              Vector    26             26        47344     0.
              Matrix     6              6        23016     0.
           Index Set    11             11        10164     0.
   IS L to G Mapping     1              1          784     0.
   Star Forest Graph     6              6         6912     0.
       Krylov Solver     2              2        20440     0.
      Preconditioner     2              2         2056     0.
    Distributed Mesh     1              1         5048     0.
     Discrete System     1              1          896     0.
           Weak Form     1              1          616     0.
              Viewer     1              0            0     0.
========================================================================================================================
Average time to get PetscTime(): 0.
Average time for MPI_Barrier(): 2.37942e-05
Average time for zero size MPI_Send(): 2.25008e-05
#PETSc Option Table entries:
-ksp_type gmres
-log_view
-n 80000
-pc_type asm
#End of PETSc Option Table entries
Compiled without FORTRAN kernels
Compiled with full precision matrices (default)
sizeof(short) 2 sizeof(int) 4 sizeof(long) 8 sizeof(void*) 8 sizeof(PetscScalar) 8 sizeof(PetscInt) 4
Configure options: --with-mpi-dir=/share/intel/2018u4/compilers_and_libraries_2018.5.274/linux/mpi/intel64/ --with-blaslapack-dir=/share/intel/2018u4/compilers_and_libraries_2018.5.274/linux/mkl/ --with-debugging=no --prefix=/work/mae-cuin/lib/petsc-3.16.6-opt --download-hypre --download-mumps --download-metis --download-hdf5 COPTFLAGS="-O3 -march=native -mtune=native" CXXOPTFLAGS="-O3 -march=native -mtune=native" FOPTFLAGS="-O3 -march=native -mtune=native" --with-scalapack-include=/share/intel/2018u4/compilers_and_libraries_2018.5.274/linux/mkl/include --with-scalapack-lib="-L/share/intel/2018u4/compilers_and_libraries_2018.5.274/linux/mkl/lib/intel64 -lmkl_blacs_intelmpi_lp64 -lmkl_scalapack_lp64"
-----------------------------------------
Libraries compiled on 2022-05-04 08:04:13 on login03 
Machine characteristics: Linux-3.10.0-862.el7.x86_64-x86_64-with-redhat-7.5-Maipo
Using PETSc directory: /work/mae-cuin/lib/petsc-3.16.6-opt
Using PETSc arch: 
-----------------------------------------

Using C compiler: /share/intel/2018u4/compilers_and_libraries_2018.5.274/linux/mpi/intel64/bin/mpiicc  -fPIC -wd1572 -Wno-unknown-pragmas -O3 -march=native -mtune=native  -std=c99 
Using Fortran compiler: /share/intel/2018u4/compilers_and_libraries_2018.5.274/linux/mpi/intel64/bin/mpiifort  -fPIC -O3 -march=native -mtune=native     -std=c99
-----------------------------------------

Using include paths: -I/work/mae-cuin/lib/petsc-3.16.6-opt/include -I/share/intel/2018u4/compilers_and_libraries_2018.5.274/linux/mpi/intel64/include
-----------------------------------------

Using C linker: /share/intel/2018u4/compilers_and_libraries_2018.5.274/linux/mpi/intel64/bin/mpiicc
Using Fortran linker: /share/intel/2018u4/compilers_and_libraries_2018.5.274/linux/mpi/intel64/bin/mpiifort
Using libraries: -Wl,-rpath,/work/mae-cuin/lib/petsc-3.16.6-opt/lib -L/work/mae-cuin/lib/petsc-3.16.6-opt/lib -lpetsc -Wl,-rpath,/work/mae-cuin/lib/petsc-3.16.6-opt/lib -L/work/mae-cuin/lib/petsc-3.16.6-opt/lib -L/share/intel/2018u4/compilers_and_libraries_2018.5.274/linux/mkl/lib/intel64 -Wl,-rpath,/share/intel/2018u4/compilers_and_libraries_2018.5.274/linux/mkl/lib/intel64 -Wl,-rpath,/share/intel/2018u4/compilers_and_libraries_2018.5.274/linux/mpi/intel64/lib/release_mt -L/share/intel/2018u4/compilers_and_libraries_2018.5.274/linux/mpi/intel64/lib/release_mt -Wl,-rpath,/share/intel/2018u4/compilers_and_libraries_2018.5.274/linux/mpi/intel64/lib -L/share/intel/2018u4/compilers_and_libraries_2018.5.274/linux/mpi/intel64/lib -Wl,-rpath,/share/intel/2018u4/compilers_and_libraries_2018.5.274/linux/tbb/lib/intel64_lin/gcc4.4 -L/share/intel/2018u4/compilers_and_libraries_2018.5.274/linux/tbb/lib/intel64_lin/gcc4.4 -Wl,-rpath,/share/intel/2018u4/compilers_and_libraries_2018.5.274/linux/daal/lib/intel64_lin -L/share/intel/2018u4/compilers_and_libraries_2018.5.274/linux/daal/lib/intel64_lin -Wl,-rpath,/share/intel/2018u4/compilers_and_libraries_2018.5.274/linux/tbb/lib/intel64/gcc4.4 -L/share/intel/2018u4/compilers_and_libraries_2018.5.274/linux/tbb/lib/intel64/gcc4.4 -Wl,-rpath,/share/intel/2018u4/compilers_and_libraries_2018.5.274/linux/compiler/lib/intel64 -L/share/intel/2018u4/compilers_and_libraries_2018.5.274/linux/compiler/lib/intel64 -Wl,-rpath,/share/intel/2018u4/compilers_and_libraries_2018.5.274/linux/ipp/lib/intel64 -L/share/intel/2018u4/compilers_and_libraries_2018.5.274/linux/ipp/lib/intel64 -Wl,-rpath,/share/intel/2018u4/compilers_and_libraries_2018.5.274/linux/compiler/lib/intel64_lin -L/share/intel/2018u4/compilers_and_libraries_2018.5.274/linux/compiler/lib/intel64_lin -Wl,-rpath,/usr/lib/gcc/x86_64-redhat-linux/4.8.5 -L/usr/lib/gcc/x86_64-redhat-linux/4.8.5 -Wl,-rpath,/opt/intel/mpi-rt/2017.0.0/intel64/lib/release_mt -Wl,-rpath,/opt/intel/mpi-rt/2017.0.0/intel64/lib -lHYPRE -lcmumps -ldmumps -lsmumps -lzmumps -lmumps_common -lpord -lmkl_blacs_intelmpi_lp64 -lmkl_scalapack_lp64 -lmkl_intel_lp64 -lmkl_core -lmkl_sequential -lpthread -lhdf5_hl -lhdf5 -lmetis -lX11 -lstdc++ -ldl -lmpifort -lmpi -lmpigi -lrt -lpthread -lifport -lifcoremt_pic -limf -lsvml -lm -lipgo -lirc -lgcc_s -lirc_s -lquadmath -lstdc++ -ldl
-----------------------------------------

