delta_t 0.000025 
************************************************************************************************************************
***             WIDEN YOUR WINDOW TO 120 CHARACTERS.  Use 'enscript -r -fCourier9' to print this document            ***
************************************************************************************************************************

---------------------------------------------- PETSc Performance Summary: ----------------------------------------------

../main.out on a  named r01n08 with 4 processors, by mae-cuin Thu Jun  9 19:44:03 2022
Using Petsc Release Version 3.16.6, Mar 30, 2022 

                         Max       Max/Min     Avg       Total
Time (sec):           8.140e+00     1.000   8.140e+00
Objects:              5.800e+01     1.000   5.800e+01
Flop:                 8.392e+07     1.040   8.201e+07  3.280e+08
Flop/sec:             1.031e+07     1.040   1.008e+07  4.030e+07
MPI Messages:         6.800e+05     1.308   6.000e+05  2.400e+06
MPI Message Lengths:  5.442e+06     1.308   8.003e+00  1.921e+07
MPI Reductions:       3.200e+05     1.000

Flop counting convention: 1 flop = 1 real number operation of type (multiply/divide/add/subtract)
                            e.g., VecAXPY() for real vectors of length N --> 2N flop
                            and VecAXPY() for complex vectors of length N --> 8N flop

Summary of Stages:   ----- Time ------  ----- Flop ------  --- Messages ---  -- Message Lengths --  -- Reductions --
                        Avg     %Total     Avg     %Total    Count   %Total     Avg         %Total    Count   %Total
 0:      Main Stage: 8.1397e+00 100.0%  3.2804e+08 100.0%  2.400e+06 100.0%  8.003e+00      100.0%  3.200e+05 100.0%

------------------------------------------------------------------------------------------------------------------------
See the 'Profiling' chapter of the users' manual for details on interpreting output.
Phase summary info:
   Count: number of times phase was executed
   Time and Flop: Max - maximum over all processors
                  Ratio - ratio of maximum to minimum over all processors
   Mess: number of messages sent
   AvgLen: average message length (bytes)
   Reduct: number of global reductions
   Global: entire computation
   Stage: stages of a computation. Set stages with PetscLogStagePush() and PetscLogStagePop().
      %T - percent time in this phase         %F - percent flop in this phase
      %M - percent messages in this phase     %L - percent message lengths in this phase
      %R - percent reductions in this phase
   Total Mflop/s: 10e-6 * (sum of flop over all processors)/(max time over all processors)
------------------------------------------------------------------------------------------------------------------------
Event                Count      Time (sec)     Flop                              --- Global ---  --- Stage ----  Total
                   Max Ratio  Max     Ratio   Max  Ratio  Mess   AvgLen  Reduct  %T %F %M %L %R  %T %F %M %L %R Mflop/s
------------------------------------------------------------------------------------------------------------------------

--- Event Stage 0: Main Stage

BuildTwoSided      40007 1.0 4.6488e-01 1.8 0.00e+00 0.0 2.4e+05 1.2e+01 4.0e+04  4  0 10 15 12   4  0 10 15 13     0
BuildTwoSidedF     40003 1.0 5.4774e-01 1.5 0.00e+00 0.0 7.2e+05 8.0e+00 4.0e+04  5  0 30 30 12   5  0 30 30 13     0
VecMDot           120000 1.0 2.1416e+00 2.9 1.22e+07 1.0 0.0e+00 0.0e+00 1.2e+05 15 14  0  0 37  15 14  0  0 37    22
VecNorm           160000 1.0 2.8464e+00 1.9 8.32e+06 1.0 0.0e+00 0.0e+00 1.6e+05 28 10  0  0 50  28 10  0  0 50    11
VecScale          160001 1.0 5.4183e-02 1.5 4.16e+06 1.0 0.0e+00 0.0e+00 0.0e+00  1  5  0  0  0   1  5  0  0  0   298
VecCopy            80000 1.0 1.6746e-02 1.9 0.00e+00 0.0 0.0e+00 0.0e+00 0.0e+00  0  0  0  0  0   0  0  0  0  0     0
VecSet            560007 1.0 8.4135e-02 1.4 0.00e+00 0.0 0.0e+00 0.0e+00 0.0e+00  1  0  0  0  0   1  0  0  0  0     0
VecAXPY            40000 1.0 1.4583e-02 2.0 2.08e+06 1.0 0.0e+00 0.0e+00 0.0e+00  0  2  0  0  0   0  2  0  0  0   554
VecAYPX            40000 1.0 1.4305e-02 2.0 2.08e+06 1.0 0.0e+00 0.0e+00 0.0e+00  0  2  0  0  0   0  2  0  0  0   565
VecMAXPY          160000 1.0 3.7291e-02 1.4 1.87e+07 1.0 0.0e+00 0.0e+00 0.0e+00  0 22  0  0  0   0 22  0  0  0  1950
VecAssemblyBegin   40002 1.0 6.2573e-01 1.3 0.00e+00 0.0 7.2e+05 8.0e+00 4.0e+04  7  0 30 30 12   7  0 30 30 12     0
VecAssemblyEnd     40002 1.0 5.3304e-0111.8 0.00e+00 0.0 0.0e+00 0.0e+00 0.0e+00  2  0  0  0  0   2  0  0  0  0     0
VecScatterBegin   760000 1.0 1.6049e+00 2.3 0.00e+00 0.0 1.7e+06 8.0e+00 2.0e+00 12  0 70 70  0  12  0 70 70  0     0
VecScatterEnd     760000 1.0 2.1124e+00 1.6 0.00e+00 0.0 0.0e+00 0.0e+00 0.0e+00 22  0  0  0  0  22  0  0  0  0     0
VecNormalize      160000 1.0 2.9144e+00 1.8 1.25e+07 1.0 0.0e+00 0.0e+00 1.6e+05 29 15  0  0 50  29 15  0  0 50    17
MatMult           120000 1.0 1.8320e+00 2.6 1.54e+07 1.0 7.2e+05 8.0e+00 1.0e+00 15 18 30 30  0  15 18 30 30  0    33
MatSolve          160000 1.0 5.9340e-02 1.3 2.10e+07 1.0 0.0e+00 0.0e+00 0.0e+00  1 25  0  0  0   1 25  0  0  0  1399
MatLUFactorNum         1 1.0 2.2507e-0417.2 1.05e+02 1.0 0.0e+00 0.0e+00 0.0e+00  0  0  0  0  0   0  0  0  0  0     2
MatILUFactorSym        1 1.0 3.4094e-05 1.4 0.00e+00 0.0 0.0e+00 0.0e+00 0.0e+00  0  0  0  0  0   0  0  0  0  0     0
MatAssemblyBegin       2 1.0 6.6209e-04 2.4 0.00e+00 0.0 0.0e+00 0.0e+00 1.0e+00  0  0  0  0  0   0  0  0  0  0     0
MatAssemblyEnd         2 1.0 1.3740e-03 1.0 0.00e+00 0.0 0.0e+00 0.0e+00 5.0e+00  0  0  0  0  0   0  0  0  0  0     0
MatGetRowIJ            1 1.0 2.5988e-0513.6 0.00e+00 0.0 0.0e+00 0.0e+00 0.0e+00  0  0  0  0  0   0  0  0  0  0     0
MatCreateSubMats       1 1.0 6.2609e-04 1.8 0.00e+00 0.0 3.0e+01 1.4e+01 1.0e+00  0  0  0  0  0   0  0  0  0  0     0
MatGetOrdering         1 1.0 4.2915e-05 2.5 0.00e+00 0.0 0.0e+00 0.0e+00 0.0e+00  0  0  0  0  0   0  0  0  0  0     0
MatIncreaseOvrlp       1 1.0 6.0415e-04 2.5 0.00e+00 0.0 0.0e+00 0.0e+00 1.0e+00  0  0  0  0  0   0  0  0  0  0     0
SFSetGraph             4 1.0 2.1458e-06 1.1 0.00e+00 0.0 0.0e+00 0.0e+00 0.0e+00  0  0  0  0  0   0  0  0  0  0     0
SFSetUp                4 1.0 1.1761e-03 3.4 0.00e+00 0.0 2.4e+01 4.0e+00 2.0e+00  0  0  0  0  0   0  0  0  0  0     0
SFReduceBegin     160000 1.0 4.7167e-02 1.1 0.00e+00 0.0 0.0e+00 0.0e+00 0.0e+00  1  0  0  0  0   1  0  0  0  0     0
SFReduceEnd       160000 1.0 4.2237e-02 1.1 0.00e+00 0.0 0.0e+00 0.0e+00 0.0e+00  0  0  0  0  0   0  0  0  0  0     0
SFPack            760000 1.0 9.8060e-02 1.6 0.00e+00 0.0 0.0e+00 0.0e+00 0.0e+00  1  0  0  0  0   1  0  0  0  0     0
SFUnpack          760000 1.0 6.8421e-02 1.5 0.00e+00 0.0 0.0e+00 0.0e+00 0.0e+00  1  0  0  0  0   1  0  0  0  0     0
KSPSetUp               2 1.0 9.7990e-05 3.2 0.00e+00 0.0 0.0e+00 0.0e+00 0.0e+00  0  0  0  0  0   0  0  0  0  0     0
KSPSolve           40000 1.0 7.4961e+00 1.1 8.18e+07 1.0 1.7e+06 8.0e+00 2.8e+05 89 98 70 70 87  89 98 70 70 87    43
KSPGMRESOrthog    120000 1.0 2.2323e+00 2.7 2.47e+07 1.0 0.0e+00 0.0e+00 1.2e+05 16 29  0  0 37  16 29  0  0 37    43
PCSetUp                2 1.0 3.3071e-03 1.6 1.05e+02 1.0 3.0e+01 1.4e+01 7.0e+00  0  0  0  0  0   0  0  0  0  0     0
PCSetUpOnBlocks    40000 1.0 8.6792e-03 1.6 1.05e+02 1.0 0.0e+00 0.0e+00 0.0e+00  0  0  0  0  0   0  0  0  0  0     0
PCApply           160000 1.0 2.3910e+00 1.4 2.10e+07 1.0 9.6e+05 8.0e+00 1.0e+00 25 25 40 40  0  25 25 40 40  0    35
PCApplyOnBlocks   160000 1.0 3.6212e-01 1.5 2.10e+07 1.0 0.0e+00 0.0e+00 0.0e+00  4 25  0  0  0   4 25  0  0  0   229
------------------------------------------------------------------------------------------------------------------------

Memory usage is given in bytes:

Object Type          Creations   Destructions     Memory  Descendants' Mem.
Reports information only for process 0.

--- Event Stage 0: Main Stage

              Vector    26             26        49736     0.
              Matrix     6              6        26500     0.
           Index Set    11             11        10476     0.
   IS L to G Mapping     1              1          888     0.
   Star Forest Graph     6              6         6912     0.
       Krylov Solver     2              2        20440     0.
      Preconditioner     2              2         2056     0.
    Distributed Mesh     1              1         5048     0.
     Discrete System     1              1          896     0.
           Weak Form     1              1          616     0.
              Viewer     1              0            0     0.
========================================================================================================================
Average time to get PetscTime(): 9.53674e-08
Average time for MPI_Barrier(): 2.27928e-05
Average time for zero size MPI_Send(): 2.2769e-05
#PETSc Option Table entries:
-ksp_type gmres
-log_view
-n 40000
-pc_type asm
#End of PETSc Option Table entries
Compiled without FORTRAN kernels
Compiled with full precision matrices (default)
sizeof(short) 2 sizeof(int) 4 sizeof(long) 8 sizeof(void*) 8 sizeof(PetscScalar) 8 sizeof(PetscInt) 4
Configure options: --with-mpi-dir=/share/intel/2018u4/compilers_and_libraries_2018.5.274/linux/mpi/intel64/ --with-blaslapack-dir=/share/intel/2018u4/compilers_and_libraries_2018.5.274/linux/mkl/ --with-debugging=no --prefix=/work/mae-cuin/lib/petsc-3.16.6-opt --download-hypre --download-mumps --download-metis --download-hdf5 COPTFLAGS="-O3 -march=native -mtune=native" CXXOPTFLAGS="-O3 -march=native -mtune=native" FOPTFLAGS="-O3 -march=native -mtune=native" --with-scalapack-include=/share/intel/2018u4/compilers_and_libraries_2018.5.274/linux/mkl/include --with-scalapack-lib="-L/share/intel/2018u4/compilers_and_libraries_2018.5.274/linux/mkl/lib/intel64 -lmkl_blacs_intelmpi_lp64 -lmkl_scalapack_lp64"
-----------------------------------------
Libraries compiled on 2022-05-04 08:04:13 on login03 
Machine characteristics: Linux-3.10.0-862.el7.x86_64-x86_64-with-redhat-7.5-Maipo
Using PETSc directory: /work/mae-cuin/lib/petsc-3.16.6-opt
Using PETSc arch: 
-----------------------------------------

Using C compiler: /share/intel/2018u4/compilers_and_libraries_2018.5.274/linux/mpi/intel64/bin/mpiicc  -fPIC -wd1572 -Wno-unknown-pragmas -O3 -march=native -mtune=native  -std=c99 
Using Fortran compiler: /share/intel/2018u4/compilers_and_libraries_2018.5.274/linux/mpi/intel64/bin/mpiifort  -fPIC -O3 -march=native -mtune=native     -std=c99
-----------------------------------------

Using include paths: -I/work/mae-cuin/lib/petsc-3.16.6-opt/include -I/share/intel/2018u4/compilers_and_libraries_2018.5.274/linux/mpi/intel64/include
-----------------------------------------

Using C linker: /share/intel/2018u4/compilers_and_libraries_2018.5.274/linux/mpi/intel64/bin/mpiicc
Using Fortran linker: /share/intel/2018u4/compilers_and_libraries_2018.5.274/linux/mpi/intel64/bin/mpiifort
Using libraries: -Wl,-rpath,/work/mae-cuin/lib/petsc-3.16.6-opt/lib -L/work/mae-cuin/lib/petsc-3.16.6-opt/lib -lpetsc -Wl,-rpath,/work/mae-cuin/lib/petsc-3.16.6-opt/lib -L/work/mae-cuin/lib/petsc-3.16.6-opt/lib -L/share/intel/2018u4/compilers_and_libraries_2018.5.274/linux/mkl/lib/intel64 -Wl,-rpath,/share/intel/2018u4/compilers_and_libraries_2018.5.274/linux/mkl/lib/intel64 -Wl,-rpath,/share/intel/2018u4/compilers_and_libraries_2018.5.274/linux/mpi/intel64/lib/release_mt -L/share/intel/2018u4/compilers_and_libraries_2018.5.274/linux/mpi/intel64/lib/release_mt -Wl,-rpath,/share/intel/2018u4/compilers_and_libraries_2018.5.274/linux/mpi/intel64/lib -L/share/intel/2018u4/compilers_and_libraries_2018.5.274/linux/mpi/intel64/lib -Wl,-rpath,/share/intel/2018u4/compilers_and_libraries_2018.5.274/linux/tbb/lib/intel64_lin/gcc4.4 -L/share/intel/2018u4/compilers_and_libraries_2018.5.274/linux/tbb/lib/intel64_lin/gcc4.4 -Wl,-rpath,/share/intel/2018u4/compilers_and_libraries_2018.5.274/linux/daal/lib/intel64_lin -L/share/intel/2018u4/compilers_and_libraries_2018.5.274/linux/daal/lib/intel64_lin -Wl,-rpath,/share/intel/2018u4/compilers_and_libraries_2018.5.274/linux/tbb/lib/intel64/gcc4.4 -L/share/intel/2018u4/compilers_and_libraries_2018.5.274/linux/tbb/lib/intel64/gcc4.4 -Wl,-rpath,/share/intel/2018u4/compilers_and_libraries_2018.5.274/linux/compiler/lib/intel64 -L/share/intel/2018u4/compilers_and_libraries_2018.5.274/linux/compiler/lib/intel64 -Wl,-rpath,/share/intel/2018u4/compilers_and_libraries_2018.5.274/linux/ipp/lib/intel64 -L/share/intel/2018u4/compilers_and_libraries_2018.5.274/linux/ipp/lib/intel64 -Wl,-rpath,/share/intel/2018u4/compilers_and_libraries_2018.5.274/linux/compiler/lib/intel64_lin -L/share/intel/2018u4/compilers_and_libraries_2018.5.274/linux/compiler/lib/intel64_lin -Wl,-rpath,/usr/lib/gcc/x86_64-redhat-linux/4.8.5 -L/usr/lib/gcc/x86_64-redhat-linux/4.8.5 -Wl,-rpath,/opt/intel/mpi-rt/2017.0.0/intel64/lib/release_mt -Wl,-rpath,/opt/intel/mpi-rt/2017.0.0/intel64/lib -lHYPRE -lcmumps -ldmumps -lsmumps -lzmumps -lmumps_common -lpord -lmkl_blacs_intelmpi_lp64 -lmkl_scalapack_lp64 -lmkl_intel_lp64 -lmkl_core -lmkl_sequential -lpthread -lhdf5_hl -lhdf5 -lmetis -lX11 -lstdc++ -ldl -lmpifort -lmpi -lmpigi -lrt -lpthread -lifport -lifcoremt_pic -limf -lsvml -lm -lipgo -lirc -lgcc_s -lirc_s -lquadmath -lstdc++ -ldl
-----------------------------------------

