delta_t 0.000100 
************************************************************************************************************************
***             WIDEN YOUR WINDOW TO 120 CHARACTERS.  Use 'enscript -r -fCourier9' to print this document            ***
************************************************************************************************************************

---------------------------------------------- PETSc Performance Summary: ----------------------------------------------

../main.out on a  named r01n08 with 16 processors, by mae-cuin Thu Jun  9 19:40:09 2022
Using Petsc Release Version 3.16.6, Mar 30, 2022 

                         Max       Max/Min     Avg       Total
Time (sec):           2.549e+01     1.001   2.547e+01
Objects:              5.800e+01     1.000   5.800e+01
Flop:                 8.040e+06     1.220   7.229e+06  1.157e+08
Flop/sec:             3.158e+05     1.221   2.838e+05  4.541e+06
MPI Messages:         3.301e+05     1.571   2.251e+05  3.602e+06
MPI Message Lengths:  2.643e+06     1.571   8.009e+00  2.884e+07
MPI Reductions:       1.000e+05     1.000

Flop counting convention: 1 flop = 1 real number operation of type (multiply/divide/add/subtract)
                            e.g., VecAXPY() for real vectors of length N --> 2N flop
                            and VecAXPY() for complex vectors of length N --> 8N flop

Summary of Stages:   ----- Time ------  ----- Flop ------  --- Messages ---  -- Message Lengths --  -- Reductions --
                        Avg     %Total     Avg     %Total    Count   %Total     Avg         %Total    Count   %Total
 0:      Main Stage: 2.5388e+01  99.7%  1.1566e+08 100.0%  3.602e+06 100.0%  8.009e+00      100.0%  1.000e+05 100.0%

------------------------------------------------------------------------------------------------------------------------
See the 'Profiling' chapter of the users' manual for details on interpreting output.
Phase summary info:
   Count: number of times phase was executed
   Time and Flop: Max - maximum over all processors
                  Ratio - ratio of maximum to minimum over all processors
   Mess: number of messages sent
   AvgLen: average message length (bytes)
   Reduct: number of global reductions
   Global: entire computation
   Stage: stages of a computation. Set stages with PetscLogStagePush() and PetscLogStagePop().
      %T - percent time in this phase         %F - percent flop in this phase
      %M - percent messages in this phase     %L - percent message lengths in this phase
      %R - percent reductions in this phase
   Total Mflop/s: 10e-6 * (sum of flop over all processors)/(max time over all processors)
------------------------------------------------------------------------------------------------------------------------
Event                Count      Time (sec)     Flop                              --- Global ---  --- Stage ----  Total
                   Max Ratio  Max     Ratio   Max  Ratio  Mess   AvgLen  Reduct  %T %F %M %L %R  %T %F %M %L %R Mflop/s
------------------------------------------------------------------------------------------------------------------------

--- Event Stage 0: Main Stage

BuildTwoSided      10007 1.0 2.4978e+00 2.2 0.00e+00 0.0 3.0e+05 1.2e+01 1.0e+04  6  0  8 13 10   6  0  8 13 10     0
BuildTwoSidedF     10003 1.0 2.5604e+00 2.2 0.00e+00 0.0 9.0e+05 8.0e+00 1.0e+04  6  0 25 25 10   6  0 25 25 10     0
VecMDot            40000 1.0 9.7223e+00 1.6 1.30e+06 1.2 0.0e+00 0.0e+00 4.0e+04 31 16  0  0 40  31 16  0  0 40     2
VecNorm            50000 1.0 1.1520e+01 1.3 7.00e+05 1.2 0.0e+00 0.0e+00 5.0e+04 41  9  0  0 50  41  9  0  0 50     1
VecScale           50001 1.0 2.3127e-02 2.1 3.50e+05 1.2 0.0e+00 0.0e+00 0.0e+00  0  4  0  0  0   0  4  0  0  0   218
VecCopy            20000 1.0 4.7908e-03 2.0 0.00e+00 0.0 0.0e+00 0.0e+00 0.0e+00  0  0  0  0  0   0  0  0  0  0     0
VecSet            170007 1.0 2.5568e-02 1.5 0.00e+00 0.0 0.0e+00 0.0e+00 0.0e+00  0  0  0  0  0   0  0  0  0  0     0
VecAXPY            10000 1.0 4.3995e-03 2.4 1.40e+05 1.2 0.0e+00 0.0e+00 0.0e+00  0  2  0  0  0   0  2  0  0  0   459
VecAYPX            10000 1.0 3.5101e-01207.0 1.40e+05 1.2 0.0e+00 0.0e+00 0.0e+00  0  2  0  0  0   0  2  0  0  0     6
VecMAXPY           50000 1.0 1.2178e-02 1.7 1.96e+06 1.2 0.0e+00 0.0e+00 0.0e+00  0 24  0  0  0   0 24  0  0  0  2322
VecAssemblyBegin   10002 1.0 2.5041e+00 2.1 0.00e+00 0.0 9.0e+05 8.0e+00 1.0e+04  6  0 25 25 10   6  0 25 25 10     0
VecAssemblyEnd     10002 1.0 5.4546e-0119.4 0.00e+00 0.0 0.0e+00 0.0e+00 0.0e+00  0  0  0  0  0   0  0  0  0  0     0
VecScatterBegin   240000 1.0 6.7286e-01 3.3 0.00e+00 0.0 2.7e+06 8.0e+00 2.0e+00  2  0 75 75  0   2  0 75 75  0     0
VecScatterEnd     240000 1.0 5.5329e+0030.6 0.00e+00 0.0 0.0e+00 0.0e+00 0.0e+00 10  0  0  0  0  10  0  0  0  0     0
VecNormalize       50000 1.0 1.1549e+01 1.3 1.05e+06 1.2 0.0e+00 0.0e+00 5.0e+04 41 13  0  0 50  41 13  0  0 50     1
MatMult            40000 1.0 2.0871e+0014.7 1.40e+06 1.2 1.2e+06 8.0e+00 1.0e+00  4 17 33 33  0   4 17 33 33  0    10
MatSolve           50000 1.0 1.8800e-0124.9 2.05e+06 1.3 0.0e+00 0.0e+00 0.0e+00  0 26  0  0  0   0 26  0  0  0   157
MatLUFactorNum         1 1.0 6.3181e-0515.6 3.30e+01 1.3 0.0e+00 0.0e+00 0.0e+00  0  0  0  0  0   0  0  0  0  0     8
MatILUFactorSym        1 1.0 1.3089e-04 9.3 0.00e+00 0.0 0.0e+00 0.0e+00 0.0e+00  0  0  0  0  0   0  0  0  0  0     0
MatAssemblyBegin       2 1.0 8.9950e-0218.5 0.00e+00 0.0 0.0e+00 0.0e+00 1.0e+00  0  0  0  0  0   0  0  0  0  0     0
MatAssemblyEnd         2 1.0 3.7797e-01 1.0 0.00e+00 0.0 0.0e+00 0.0e+00 5.0e+00  1  0  0  0  0   1  0  0  0  0     0
MatGetRowIJ            1 1.0 5.3883e-0545.2 0.00e+00 0.0 0.0e+00 0.0e+00 0.0e+00  0  0  0  0  0   0  0  0  0  0     0
MatCreateSubMats       1 1.0 2.7960e-02 5.6 0.00e+00 0.0 1.5e+02 1.4e+01 1.0e+00  0  0  0  0  0   0  0  0  0  0     0
MatGetOrdering         1 1.0 9.3937e-05 9.4 0.00e+00 0.0 0.0e+00 0.0e+00 0.0e+00  0  0  0  0  0   0  0  0  0  0     0
MatIncreaseOvrlp       1 1.0 1.8570e-0120.8 0.00e+00 0.0 0.0e+00 0.0e+00 1.0e+00  0  0  0  0  0   0  0  0  0  0     0
SFSetGraph             4 1.0 5.0068e-06 0.0 0.00e+00 0.0 0.0e+00 0.0e+00 0.0e+00  0  0  0  0  0   0  0  0  0  0     0
SFSetUp                4 1.0 6.3296e-02 8.7 0.00e+00 0.0 1.2e+02 4.0e+00 2.0e+00  0  0  0  0  0   0  0  0  0  0     0
SFReduceBegin      50000 1.0 1.4287e-02 1.1 0.00e+00 0.0 0.0e+00 0.0e+00 0.0e+00  0  0  0  0  0   0  0  0  0  0     0
SFReduceEnd        50000 1.0 1.3342e-02 1.1 0.00e+00 0.0 0.0e+00 0.0e+00 0.0e+00  0  0  0  0  0   0  0  0  0  0     0
SFPack            240000 1.0 4.3842e-02 1.9 0.00e+00 0.0 0.0e+00 0.0e+00 0.0e+00  0  0  0  0  0   0  0  0  0  0     0
SFUnpack          240000 1.0 2.3773e-02 1.4 0.00e+00 0.0 0.0e+00 0.0e+00 0.0e+00  0  0  0  0  0   0  0  0  0  0     0
KSPSetUp               2 1.0 1.6801e-014404.2 0.00e+00 0.0 0.0e+00 0.0e+00 0.0e+00  0  0  0  0  0   0  0  0  0  0     0
KSPSolve           10000 1.0 2.2061e+01 1.1 7.90e+06 1.2 2.7e+06 8.0e+00 9.0e+04 85 98 75 75 90  85 98 75 75 90     5
KSPGMRESOrthog     40000 1.0 9.7512e+00 1.6 2.70e+06 1.2 0.0e+00 0.0e+00 4.0e+04 31 34  0  0 40  31 34  0  0 40     4
PCSetUp                2 1.0 1.0461e+00 4.5 3.30e+01 1.3 1.5e+02 1.4e+01 7.0e+00  2  0  0  0  0   2  0  0  0  0     0
PCSetUpOnBlocks    10000 1.0 2.5995e-03 2.1 3.30e+01 1.3 0.0e+00 0.0e+00 0.0e+00  0  0  0  0  0   0  0  0  0  0     0
PCApply            50000 1.0 4.2589e+00 9.2 2.05e+06 1.3 1.5e+06 8.0e+00 1.0e+00  8 26 42 42  0   8 26 42 42  0     7
PCApplyOnBlocks    50000 1.0 2.4410e-01 4.3 2.05e+06 1.3 0.0e+00 0.0e+00 0.0e+00  0 26  0  0  0   0 26  0  0  0   121
------------------------------------------------------------------------------------------------------------------------

Memory usage is given in bytes:

Object Type          Creations   Destructions     Memory  Descendants' Mem.
Reports information only for process 0.

--- Event Stage 0: Main Stage

              Vector    26             26        46240     0.
              Matrix     6              6        21408     0.
           Index Set    11             11        10020     0.
   IS L to G Mapping     1              1          736     0.
   Star Forest Graph     6              6         6912     0.
       Krylov Solver     2              2        20440     0.
      Preconditioner     2              2         2056     0.
    Distributed Mesh     1              1         5048     0.
     Discrete System     1              1          896     0.
           Weak Form     1              1          616     0.
              Viewer     1              0            0     0.
========================================================================================================================
Average time to get PetscTime(): 0.
Average time for MPI_Barrier(): 4.43459e-06
Average time for zero size MPI_Send(): 0.00164537
#PETSc Option Table entries:
-ksp_type gmres
-log_view
-n 10000
-pc_type asm
#End of PETSc Option Table entries
Compiled without FORTRAN kernels
Compiled with full precision matrices (default)
sizeof(short) 2 sizeof(int) 4 sizeof(long) 8 sizeof(void*) 8 sizeof(PetscScalar) 8 sizeof(PetscInt) 4
Configure options: --with-mpi-dir=/share/intel/2018u4/compilers_and_libraries_2018.5.274/linux/mpi/intel64/ --with-blaslapack-dir=/share/intel/2018u4/compilers_and_libraries_2018.5.274/linux/mkl/ --with-debugging=no --prefix=/work/mae-cuin/lib/petsc-3.16.6-opt --download-hypre --download-mumps --download-metis --download-hdf5 COPTFLAGS="-O3 -march=native -mtune=native" CXXOPTFLAGS="-O3 -march=native -mtune=native" FOPTFLAGS="-O3 -march=native -mtune=native" --with-scalapack-include=/share/intel/2018u4/compilers_and_libraries_2018.5.274/linux/mkl/include --with-scalapack-lib="-L/share/intel/2018u4/compilers_and_libraries_2018.5.274/linux/mkl/lib/intel64 -lmkl_blacs_intelmpi_lp64 -lmkl_scalapack_lp64"
-----------------------------------------
Libraries compiled on 2022-05-04 08:04:13 on login03 
Machine characteristics: Linux-3.10.0-862.el7.x86_64-x86_64-with-redhat-7.5-Maipo
Using PETSc directory: /work/mae-cuin/lib/petsc-3.16.6-opt
Using PETSc arch: 
-----------------------------------------

Using C compiler: /share/intel/2018u4/compilers_and_libraries_2018.5.274/linux/mpi/intel64/bin/mpiicc  -fPIC -wd1572 -Wno-unknown-pragmas -O3 -march=native -mtune=native  -std=c99 
Using Fortran compiler: /share/intel/2018u4/compilers_and_libraries_2018.5.274/linux/mpi/intel64/bin/mpiifort  -fPIC -O3 -march=native -mtune=native     -std=c99
-----------------------------------------

Using include paths: -I/work/mae-cuin/lib/petsc-3.16.6-opt/include -I/share/intel/2018u4/compilers_and_libraries_2018.5.274/linux/mpi/intel64/include
-----------------------------------------

Using C linker: /share/intel/2018u4/compilers_and_libraries_2018.5.274/linux/mpi/intel64/bin/mpiicc
Using Fortran linker: /share/intel/2018u4/compilers_and_libraries_2018.5.274/linux/mpi/intel64/bin/mpiifort
Using libraries: -Wl,-rpath,/work/mae-cuin/lib/petsc-3.16.6-opt/lib -L/work/mae-cuin/lib/petsc-3.16.6-opt/lib -lpetsc -Wl,-rpath,/work/mae-cuin/lib/petsc-3.16.6-opt/lib -L/work/mae-cuin/lib/petsc-3.16.6-opt/lib -L/share/intel/2018u4/compilers_and_libraries_2018.5.274/linux/mkl/lib/intel64 -Wl,-rpath,/share/intel/2018u4/compilers_and_libraries_2018.5.274/linux/mkl/lib/intel64 -Wl,-rpath,/share/intel/2018u4/compilers_and_libraries_2018.5.274/linux/mpi/intel64/lib/release_mt -L/share/intel/2018u4/compilers_and_libraries_2018.5.274/linux/mpi/intel64/lib/release_mt -Wl,-rpath,/share/intel/2018u4/compilers_and_libraries_2018.5.274/linux/mpi/intel64/lib -L/share/intel/2018u4/compilers_and_libraries_2018.5.274/linux/mpi/intel64/lib -Wl,-rpath,/share/intel/2018u4/compilers_and_libraries_2018.5.274/linux/tbb/lib/intel64_lin/gcc4.4 -L/share/intel/2018u4/compilers_and_libraries_2018.5.274/linux/tbb/lib/intel64_lin/gcc4.4 -Wl,-rpath,/share/intel/2018u4/compilers_and_libraries_2018.5.274/linux/daal/lib/intel64_lin -L/share/intel/2018u4/compilers_and_libraries_2018.5.274/linux/daal/lib/intel64_lin -Wl,-rpath,/share/intel/2018u4/compilers_and_libraries_2018.5.274/linux/tbb/lib/intel64/gcc4.4 -L/share/intel/2018u4/compilers_and_libraries_2018.5.274/linux/tbb/lib/intel64/gcc4.4 -Wl,-rpath,/share/intel/2018u4/compilers_and_libraries_2018.5.274/linux/compiler/lib/intel64 -L/share/intel/2018u4/compilers_and_libraries_2018.5.274/linux/compiler/lib/intel64 -Wl,-rpath,/share/intel/2018u4/compilers_and_libraries_2018.5.274/linux/ipp/lib/intel64 -L/share/intel/2018u4/compilers_and_libraries_2018.5.274/linux/ipp/lib/intel64 -Wl,-rpath,/share/intel/2018u4/compilers_and_libraries_2018.5.274/linux/compiler/lib/intel64_lin -L/share/intel/2018u4/compilers_and_libraries_2018.5.274/linux/compiler/lib/intel64_lin -Wl,-rpath,/usr/lib/gcc/x86_64-redhat-linux/4.8.5 -L/usr/lib/gcc/x86_64-redhat-linux/4.8.5 -Wl,-rpath,/opt/intel/mpi-rt/2017.0.0/intel64/lib/release_mt -Wl,-rpath,/opt/intel/mpi-rt/2017.0.0/intel64/lib -lHYPRE -lcmumps -ldmumps -lsmumps -lzmumps -lmumps_common -lpord -lmkl_blacs_intelmpi_lp64 -lmkl_scalapack_lp64 -lmkl_intel_lp64 -lmkl_core -lmkl_sequential -lpthread -lhdf5_hl -lhdf5 -lmetis -lX11 -lstdc++ -ldl -lmpifort -lmpi -lmpigi -lrt -lpthread -lifport -lifcoremt_pic -limf -lsvml -lm -lipgo -lirc -lgcc_s -lirc_s -lquadmath -lstdc++ -ldl
-----------------------------------------

