Sender: LSF System <lsfadmin@r01n20>
Subject: Job 3827723: <petsc-test> in cluster <sustchpc> Done

Job <petsc-test> was submitted from host <login03> by user <mae-cuin> in cluster <sustchpc> at Thu Jun  9 06:35:00 2022.
Job was executed on host(s) <4*r01n20>, in queue <ser>, as user <mae-cuin> in cluster <sustchpc> at Thu Jun  9 06:35:02 2022.
                            <4*r01n15>
                            <2*r01n19>
</work/mae-cuin> was used as the home directory.
</work/mae-cuin/hpc/final-project/hpc-final-project/Explicit_Euler> was used as the working directory.
Started at Thu Jun  9 06:35:02 2022.
Terminated at Thu Jun  9 06:35:18 2022.
Results reported at Thu Jun  9 06:35:18 2022.

Your job looked like:

------------------------------------------------------------
# LSBATCH: User input
#!/bin/bash
#BSUB -J petsc-test
#BSUB -q ser
#BSUB -n 10
#BSUB -e log.out
#BSUB -o log.out

module purge
module load intel/2018.4
module load mpi/intel/2018.4

mpirun -np 10 ./main.out -n 10000 -log_view > result_1.log 2>&1

mpirun -np 10 ./main.out -n 100000 -log_view > result_2.log 2>&1

------------------------------------------------------------

Successfully completed.

Resource usage summary:

    CPU time :                                   98.01 sec.
    Max Memory :                                 146 MB
    Average Memory :                             85.00 MB
    Total Requested Memory :                     -
    Delta Memory :                               -
    Max Swap :                                   17 MB
    Max Processes :                              7
    Max Threads :                                9
    Run time :                                   15 sec.
    Turnaround time :                            18 sec.

The output (if any) follows:

Sender: LSF System <lsfadmin@r01n20>
Subject: Job 3827724: <petsc-test> in cluster <sustchpc> Done

Job <petsc-test> was submitted from host <login03> by user <mae-cuin> in cluster <sustchpc> at Thu Jun  9 06:35:19 2022.
Job was executed on host(s) <4*r01n20>, in queue <ser>, as user <mae-cuin> in cluster <sustchpc> at Thu Jun  9 06:35:19 2022.
                            <4*r01n15>
                            <2*r01n19>
</work/mae-cuin> was used as the home directory.
</work/mae-cuin/hpc/final-project/hpc-final-project/Explicit_Euler> was used as the working directory.
Started at Thu Jun  9 06:35:19 2022.
Terminated at Thu Jun  9 06:35:41 2022.
Results reported at Thu Jun  9 06:35:41 2022.

Your job looked like:

------------------------------------------------------------
# LSBATCH: User input
#!/bin/bash
#BSUB -J petsc-test
#BSUB -q ser
#BSUB -n 10
#BSUB -e log.out
#BSUB -o log.out

module purge
module load intel/2018.4
module load mpi/intel/2018.4

mpirun -np 10 ./main.out -n 10000 -log_view > result_1.log 2>&1

mpirun -np 10 ./main.out -n 100000 -log_view > result_2.log 2>&1

------------------------------------------------------------

Successfully completed.

Resource usage summary:

    CPU time :                                   107.00 sec.
    Max Memory :                                 142 MB
    Average Memory :                             101.00 MB
    Total Requested Memory :                     -
    Delta Memory :                               -
    Max Swap :                                   17 MB
    Max Processes :                              7
    Max Threads :                                9
    Run time :                                   21 sec.
    Turnaround time :                            22 sec.

The output (if any) follows:

Sender: LSF System <lsfadmin@r01n19>
Subject: Job 3827725: <petsc-test> in cluster <sustchpc> Done

Job <petsc-test> was submitted from host <login03> by user <mae-cuin> in cluster <sustchpc> at Thu Jun  9 06:35:34 2022.
Job was executed on host(s) <3*r01n19>, in queue <ser>, as user <mae-cuin> in cluster <sustchpc> at Thu Jun  9 06:35:35 2022.
                            <6*r01n17>
                            <1*r01n03>
</work/mae-cuin> was used as the home directory.
</work/mae-cuin/hpc/final-project/hpc-final-project/Explicit_Euler> was used as the working directory.
Started at Thu Jun  9 06:35:35 2022.
Terminated at Thu Jun  9 06:35:53 2022.
Results reported at Thu Jun  9 06:35:53 2022.

Your job looked like:

------------------------------------------------------------
# LSBATCH: User input
#!/bin/bash
#BSUB -J petsc-test
#BSUB -q ser
#BSUB -n 10
#BSUB -e log.out
#BSUB -o log.out

module purge
module load intel/2018.4
module load mpi/intel/2018.4

mpirun -np 10 ./main.out -n 10000 -log_view > result_1.log 2>&1

mpirun -np 10 ./main.out -n 100000 -log_view > result_2.log 2>&1

------------------------------------------------------------

Successfully completed.

Resource usage summary:

    CPU time :                                   118.27 sec.
    Max Memory :                                 113 MB
    Average Memory :                             103.00 MB
    Total Requested Memory :                     -
    Delta Memory :                               -
    Max Swap :                                   -
    Max Processes :                              7
    Max Threads :                                9
    Run time :                                   18 sec.
    Turnaround time :                            19 sec.

The output (if any) follows:

Sender: LSF System <lsfadmin@r01n20>
Subject: Job 3827726: <petsc-test> in cluster <sustchpc> Done

Job <petsc-test> was submitted from host <login03> by user <mae-cuin> in cluster <sustchpc> at Thu Jun  9 06:38:22 2022.
Job was executed on host(s) <4*r01n20>, in queue <ser>, as user <mae-cuin> in cluster <sustchpc> at Thu Jun  9 06:38:23 2022.
                            <4*r01n15>
                            <2*r01n19>
</work/mae-cuin> was used as the home directory.
</work/mae-cuin/hpc/final-project/hpc-final-project/Explicit_Euler> was used as the working directory.
Started at Thu Jun  9 06:38:23 2022.
Terminated at Thu Jun  9 06:38:36 2022.
Results reported at Thu Jun  9 06:38:36 2022.

Your job looked like:

------------------------------------------------------------
# LSBATCH: User input
#!/bin/bash
#BSUB -J petsc-test
#BSUB -q ser
#BSUB -n 10
#BSUB -e log.out
#BSUB -o log.out

module purge
module load intel/2018.4
module load mpi/intel/2018.4

mpirun -np 10 ./main.out -n 100000 -log_view > result.log 2>&1

------------------------------------------------------------

Successfully completed.

Resource usage summary:

    CPU time :                                   88.44 sec.
    Max Memory :                                 142 MB
    Average Memory :                             82.50 MB
    Total Requested Memory :                     -
    Delta Memory :                               -
    Max Swap :                                   17 MB
    Max Processes :                              7
    Max Threads :                                9
    Run time :                                   12 sec.
    Turnaround time :                            14 sec.

The output (if any) follows:

Sender: LSF System <lsfadmin@r01n20>
Subject: Job 3827727: <petsc-test> in cluster <sustchpc> Done

Job <petsc-test> was submitted from host <login03> by user <mae-cuin> in cluster <sustchpc> at Thu Jun  9 06:38:38 2022.
Job was executed on host(s) <4*r01n20>, in queue <ser>, as user <mae-cuin> in cluster <sustchpc> at Thu Jun  9 06:38:40 2022.
                            <4*r01n15>
                            <2*r01n19>
</work/mae-cuin> was used as the home directory.
</work/mae-cuin/hpc/final-project/hpc-final-project/Explicit_Euler> was used as the working directory.
Started at Thu Jun  9 06:38:40 2022.
Terminated at Thu Jun  9 06:38:54 2022.
Results reported at Thu Jun  9 06:38:54 2022.

Your job looked like:

------------------------------------------------------------
# LSBATCH: User input
#!/bin/bash
#BSUB -J petsc-test
#BSUB -q ser
#BSUB -n 10
#BSUB -e log.out
#BSUB -o log.out

module purge
module load intel/2018.4
module load mpi/intel/2018.4

mpirun -np 10 ./main.out -n 100000 -log_view > result.log 2>&1

------------------------------------------------------------

Successfully completed.

Resource usage summary:

    CPU time :                                   95.00 sec.
    Max Memory :                                 140 MB
    Average Memory :                             79.50 MB
    Total Requested Memory :                     -
    Delta Memory :                               -
    Max Swap :                                   17 MB
    Max Processes :                              7
    Max Threads :                                9
    Run time :                                   13 sec.
    Turnaround time :                            16 sec.

The output (if any) follows:

Sender: LSF System <lsfadmin@r01n20>
Subject: Job 3827738: <petsc-test> in cluster <sustchpc> Exited

Job <petsc-test> was submitted from host <login03> by user <mae-cuin> in cluster <sustchpc> at Thu Jun  9 07:03:19 2022.
Job was executed on host(s) <4*r01n20>, in queue <ser>, as user <mae-cuin> in cluster <sustchpc> at Thu Jun  9 07:03:20 2022.
                            <4*r01n15>
                            <2*r01n17>
</work/mae-cuin> was used as the home directory.
</work/mae-cuin/hpc/final-project/hpc-final-project/Explicit_Euler> was used as the working directory.
Started at Thu Jun  9 07:03:20 2022.
Terminated at Thu Jun  9 07:03:26 2022.
Results reported at Thu Jun  9 07:03:26 2022.

Your job looked like:

------------------------------------------------------------
# LSBATCH: User input
#!/bin/bash
#BSUB -J petsc-test
#BSUB -q ser
#BSUB -n 10
#BSUB -e log.out
#BSUB -o log.out

module purge
module load intel/2018.4
module load mpi/intel/2018.4

mpirun -np 10 ./main.out -n 100000 -log_view > result.log 2>&1

------------------------------------------------------------

Exited with exit code 73.

Resource usage summary:

    CPU time :                                   0.26 sec.
    Max Memory :                                 23 MB
    Average Memory :                             23.00 MB
    Total Requested Memory :                     -
    Delta Memory :                               -
    Max Swap :                                   17 MB
    Max Processes :                              7
    Max Threads :                                9
    Run time :                                   5 sec.
    Turnaround time :                            7 sec.

The output (if any) follows:

Sender: LSF System <lsfadmin@r01n20>
Subject: Job 3827739: <petsc-test> in cluster <sustchpc> Exited

Job <petsc-test> was submitted from host <login03> by user <mae-cuin> in cluster <sustchpc> at Thu Jun  9 07:06:17 2022.
Job was executed on host(s) <4*r01n20>, in queue <ser>, as user <mae-cuin> in cluster <sustchpc> at Thu Jun  9 07:06:18 2022.
                            <4*r01n15>
                            <2*r01n17>
</work/mae-cuin> was used as the home directory.
</work/mae-cuin/hpc/final-project/hpc-final-project/Explicit_Euler> was used as the working directory.
Started at Thu Jun  9 07:06:18 2022.
Terminated at Thu Jun  9 07:06:25 2022.
Results reported at Thu Jun  9 07:06:25 2022.

Your job looked like:

------------------------------------------------------------
# LSBATCH: User input
#!/bin/bash
#BSUB -J petsc-test
#BSUB -q ser
#BSUB -n 10
#BSUB -e log.out
#BSUB -o log.out

module purge
module load intel/2018.4
module load mpi/intel/2018.4

mpirun -np 10 ./main.out -n 100000 -log_view > result.log 2>&1

------------------------------------------------------------

Exited with exit code 73.

Resource usage summary:

    CPU time :                                   0.26 sec.
    Max Memory :                                 20 MB
    Average Memory :                             20.00 MB
    Total Requested Memory :                     -
    Delta Memory :                               -
    Max Swap :                                   33 MB
    Max Processes :                              7
    Max Threads :                                9
    Run time :                                   6 sec.
    Turnaround time :                            8 sec.

The output (if any) follows:

