Sender: LSF System <lsfadmin@r01n15>
Subject: Job 3827683: <petsc-test> in cluster <sustchpc> Done

Job <petsc-test> was submitted from host <login03> by user <mae-cuin> in cluster <sustchpc> at Thu Jun  9 05:03:14 2022.
Job was executed on host(s) <2*r01n15>, in queue <ser>, as user <mae-cuin> in cluster <sustchpc> at Thu Jun  9 05:03:14 2022.
                            <4*r01n20>
                            <4*r01n03>
</work/mae-cuin> was used as the home directory.
</work/mae-cuin/hpc/final-project/hpc-final-project/Implicit_Euler/steady_analysis> was used as the working directory.
Started at Thu Jun  9 05:03:14 2022.
Terminated at Thu Jun  9 05:03:22 2022.
Results reported at Thu Jun  9 05:03:22 2022.

Your job looked like:

------------------------------------------------------------
# LSBATCH: User input
#!/bin/bash
#BSUB -J petsc-test
#BSUB -q ser
#BSUB -n 10
#BSUB -e log.err
#BSUB -o log.out

module purge
module load intel/2018.4
module load mpi/intel/2018.4

mpirun -np 10 ../main.out -n 100 \
  -ksp_type gmres \
  -pc_type asm \
  -log_view > result_1.log 2>&1

mpirun -np 10 ../main.out -n 1000 \
  -ksp_type gmres \
  -pc_type asm \
  -log_view > result_2.log 2>&1

------------------------------------------------------------

Successfully completed.

Resource usage summary:

    CPU time :                                   22.32 sec.
    Max Memory :                                 10 MB
    Average Memory :                             7.00 MB
    Total Requested Memory :                     -
    Delta Memory :                               -
    Max Swap :                                   -
    Max Processes :                              7
    Max Threads :                                9
    Run time :                                   8 sec.
    Turnaround time :                            8 sec.

The output (if any) follows:



PS:

Read file <log.err> for stderr output of this job.

Sender: LSF System <lsfadmin@r01n07>
Subject: Job 3829887: <petsc-test> in cluster <sustchpc> Done

Job <petsc-test> was submitted from host <login03> by user <mae-cuin> in cluster <sustchpc> at Thu Jun  9 21:02:21 2022.
Job was executed on host(s) <1*r01n07>, in queue <ser>, as user <mae-cuin> in cluster <sustchpc> at Thu Jun  9 21:02:23 2022.
                            <2*r01n20>
                            <4*r01n08>
                            <3*r01n17>
</work/mae-cuin> was used as the home directory.
</work/mae-cuin/hpc/final-project/hpc-final-project/Implicit_Euler/steady_analysis> was used as the working directory.
Started at Thu Jun  9 21:02:23 2022.
Terminated at Thu Jun  9 21:02:29 2022.
Results reported at Thu Jun  9 21:02:29 2022.

Your job looked like:

------------------------------------------------------------
# LSBATCH: User input
#!/bin/bash
#BSUB -J petsc-test
#BSUB -q ser
#BSUB -n 10
#BSUB -e log.out
#BSUB -o log.out

module purge
module load intel/2018.4
module load mpi/intel/2018.4

mpirun -np 10 ../main.out -n 100 \
  -ksp_type gmres \
  -pc_type asm \
  -log_view > result_1.log 2>&1

mpirun -np 10 ../main.out -n 1000 \
  -ksp_type gmres \
  -pc_type asm \
  -log_view > result_2.log 2>&1

------------------------------------------------------------

Successfully completed.

Resource usage summary:

    CPU time :                                   21.00 sec.
    Max Memory :                                 10 MB
    Average Memory :                             10.00 MB
    Total Requested Memory :                     -
    Delta Memory :                               -
    Max Swap :                                   -
    Max Processes :                              7
    Max Threads :                                9
    Run time :                                   5 sec.
    Turnaround time :                            8 sec.

The output (if any) follows:

