Sender: LSF System <lsfadmin@r01n15>
Subject: Job 3827669: <petsc-test> in cluster <sustchpc> Done

Job <petsc-test> was submitted from host <login03> by user <mae-cuin> in cluster <sustchpc> at Thu Jun  9 04:24:36 2022.
Job was executed on host(s) <1*r01n15>, in queue <ser>, as user <mae-cuin> in cluster <sustchpc> at Thu Jun  9 04:24:37 2022.
                            <3*r01n03>
                            <4*r01n20>
                            <2*r01n19>
</work/mae-cuin> was used as the home directory.
</work/mae-cuin/hpc/final-project/hpc-final-project/Explicit_Euler> was used as the working directory.
Started at Thu Jun  9 04:24:37 2022.
Terminated at Thu Jun  9 04:24:51 2022.
Results reported at Thu Jun  9 04:24:51 2022.

Your job looked like:

------------------------------------------------------------
# LSBATCH: User input
#!/bin/bash
#BSUB -J petsc-test
#BSUB -q ser
#BSUB -n 10
#BSUB -e log.out
#BSUB -o log.out

module purge
module load intel/2018.4
module load mpi/intel/2018.4

mpirun -np 10 ./main.out -n 10000 -log_view > result_1.log 2>&1

mpirun -np 10 ./main.out -n 100000 -log_view > result_2.log 2>&1

------------------------------------------------------------

Successfully completed.

Resource usage summary:

    CPU time :                                   72.00 sec.
    Max Memory :                                 51 MB
    Average Memory :                             35.00 MB
    Total Requested Memory :                     -
    Delta Memory :                               -
    Max Swap :                                   -
    Max Processes :                              7
    Max Threads :                                9
    Run time :                                   13 sec.
    Turnaround time :                            15 sec.

The output (if any) follows:

Sender: LSF System <lsfadmin@r01n15>
Subject: Job 3827670: <petsc-test> in cluster <sustchpc> Done

Job <petsc-test> was submitted from host <login03> by user <mae-cuin> in cluster <sustchpc> at Thu Jun  9 04:26:37 2022.
Job was executed on host(s) <1*r01n15>, in queue <ser>, as user <mae-cuin> in cluster <sustchpc> at Thu Jun  9 04:26:37 2022.
                            <3*r01n03>
                            <4*r01n20>
                            <2*r01n19>
</work/mae-cuin> was used as the home directory.
</work/mae-cuin/hpc/final-project/hpc-final-project/Explicit_Euler> was used as the working directory.
Started at Thu Jun  9 04:26:37 2022.
Terminated at Thu Jun  9 04:26:48 2022.
Results reported at Thu Jun  9 04:26:48 2022.

Your job looked like:

------------------------------------------------------------
# LSBATCH: User input
#!/bin/bash
#BSUB -J petsc-test
#BSUB -q ser
#BSUB -n 10
#BSUB -e log.out
#BSUB -o log.out

module purge
module load intel/2018.4
module load mpi/intel/2018.4

mpirun -np 10 ./main.out -n 1000 -log_view > result_1.log 2>&1

mpirun -np 10 ./main.out -n 100000 -log_view > result_2.log 2>&1

------------------------------------------------------------

Successfully completed.

Resource usage summary:

    CPU time :                                   68.00 sec.
    Max Memory :                                 43 MB
    Average Memory :                             40.50 MB
    Total Requested Memory :                     -
    Delta Memory :                               -
    Max Swap :                                   -
    Max Processes :                              7
    Max Threads :                                9
    Run time :                                   10 sec.
    Turnaround time :                            11 sec.

The output (if any) follows:

Sender: LSF System <lsfadmin@r01n15>
Subject: Job 3827672: <petsc-test> in cluster <sustchpc> Done

Job <petsc-test> was submitted from host <login03> by user <mae-cuin> in cluster <sustchpc> at Thu Jun  9 04:29:27 2022.
Job was executed on host(s) <1*r01n15>, in queue <ser>, as user <mae-cuin> in cluster <sustchpc> at Thu Jun  9 04:29:28 2022.
                            <3*r01n03>
                            <4*r01n20>
                            <2*r01n19>
</work/mae-cuin> was used as the home directory.
</work/mae-cuin/hpc/final-project/hpc-final-project/Explicit_Euler> was used as the working directory.
Started at Thu Jun  9 04:29:28 2022.
Terminated at Thu Jun  9 04:29:33 2022.
Results reported at Thu Jun  9 04:29:33 2022.

Your job looked like:

------------------------------------------------------------
# LSBATCH: User input
#!/bin/bash
#BSUB -J petsc-test
#BSUB -q ser
#BSUB -n 10
#BSUB -e log.out
#BSUB -o log.out

module purge
module load intel/2018.4
module load mpi/intel/2018.4

mpirun -np 10 ./main.out -n 1000 -log_view > result_1.log 2>&1

mpirun -np 10 ./main.out -n 10000 -log_view > result_2.log 2>&1

------------------------------------------------------------

Successfully completed.

Resource usage summary:

    CPU time :                                   11.00 sec.
    Max Memory :                                 19 MB
    Average Memory :                             19.00 MB
    Total Requested Memory :                     -
    Delta Memory :                               -
    Max Swap :                                   -
    Max Processes :                              7
    Max Threads :                                9
    Run time :                                   4 sec.
    Turnaround time :                            6 sec.

The output (if any) follows:

Sender: LSF System <lsfadmin@r01n15>
Subject: Job 3827673: <petsc-test> in cluster <sustchpc> Done

Job <petsc-test> was submitted from host <login03> by user <mae-cuin> in cluster <sustchpc> at Thu Jun  9 04:33:30 2022.
Job was executed on host(s) <1*r01n15>, in queue <ser>, as user <mae-cuin> in cluster <sustchpc> at Thu Jun  9 04:33:31 2022.
                            <3*r01n03>
                            <4*r01n20>
                            <2*r01n19>
</work/mae-cuin> was used as the home directory.
</work/mae-cuin/hpc/final-project/hpc-final-project/Explicit_Euler> was used as the working directory.
Started at Thu Jun  9 04:33:31 2022.
Terminated at Thu Jun  9 04:33:36 2022.
Results reported at Thu Jun  9 04:33:36 2022.

Your job looked like:

------------------------------------------------------------
# LSBATCH: User input
#!/bin/bash
#BSUB -J petsc-test
#BSUB -q ser
#BSUB -n 10
#BSUB -e log.out
#BSUB -o log.out

module purge
module load intel/2018.4
module load mpi/intel/2018.4

mpirun -np 10 ./main.out -n 1000 -log_view > result_1.log 2>&1

mpirun -np 10 ./main.out -n 10000 -log_view > result_2.log 2>&1

------------------------------------------------------------

Successfully completed.

Resource usage summary:

    CPU time :                                   12.00 sec.
    Max Memory :                                 10 MB
    Average Memory :                             9.00 MB
    Total Requested Memory :                     -
    Delta Memory :                               -
    Max Swap :                                   -
    Max Processes :                              7
    Max Threads :                                10
    Run time :                                   5 sec.
    Turnaround time :                            6 sec.

The output (if any) follows:

Sender: LSF System <lsfadmin@r01n15>
Subject: Job 3827674: <petsc-test> in cluster <sustchpc> Exited

Job <petsc-test> was submitted from host <login03> by user <mae-cuin> in cluster <sustchpc> at Thu Jun  9 04:36:25 2022.
Job was executed on host(s) <2*r01n15>, in queue <ser>, as user <mae-cuin> in cluster <sustchpc> at Thu Jun  9 04:36:25 2022.
                            <4*r01n20>
                            <4*r01n03>
</work/mae-cuin> was used as the home directory.
</work/mae-cuin/hpc/final-project/hpc-final-project/Explicit_Euler> was used as the working directory.
Started at Thu Jun  9 04:36:25 2022.
Terminated at Thu Jun  9 04:36:30 2022.
Results reported at Thu Jun  9 04:36:30 2022.

Your job looked like:

------------------------------------------------------------
# LSBATCH: User input
#!/bin/bash
#BSUB -J petsc-test
#BSUB -q ser
#BSUB -n 10
#BSUB -e log.out
#BSUB -o log.out

module purge
module load intel/2018.4
module load mpi/intel/2018.4

mpirun -np 10 ./main.out -n 1000 -log_view > result_1.log 2>&1

mpirun -np 10 ./main.out -n 10000 -log_view > result_2.log 2>&1

------------------------------------------------------------

Exited with exit code 1.

Resource usage summary:

    CPU time :                                   6.00 sec.
    Max Memory :                                 10 MB
    Average Memory :                             7.00 MB
    Total Requested Memory :                     -
    Delta Memory :                               -
    Max Swap :                                   4 MB
    Max Processes :                              7
    Max Threads :                                9
    Run time :                                   4 sec.
    Turnaround time :                            5 sec.

The output (if any) follows:

Sender: LSF System <lsfadmin@r01n15>
Subject: Job 3827675: <petsc-test> in cluster <sustchpc> Done

Job <petsc-test> was submitted from host <login03> by user <mae-cuin> in cluster <sustchpc> at Thu Jun  9 04:38:01 2022.
Job was executed on host(s) <2*r01n15>, in queue <ser>, as user <mae-cuin> in cluster <sustchpc> at Thu Jun  9 04:38:01 2022.
                            <4*r01n20>
                            <4*r01n03>
</work/mae-cuin> was used as the home directory.
</work/mae-cuin/hpc/final-project/hpc-final-project/Explicit_Euler> was used as the working directory.
Started at Thu Jun  9 04:38:01 2022.
Terminated at Thu Jun  9 04:38:08 2022.
Results reported at Thu Jun  9 04:38:08 2022.

Your job looked like:

------------------------------------------------------------
# LSBATCH: User input
#!/bin/bash
#BSUB -J petsc-test
#BSUB -q ser
#BSUB -n 10
#BSUB -e log.out
#BSUB -o log.out

module purge
module load intel/2018.4
module load mpi/intel/2018.4

mpirun -np 10 ./main.out -n 1000 -log_view > result_1.log 2>&1

mpirun -np 10 ./main.out -n 10000 -log_view > result_2.log 2>&1

------------------------------------------------------------

Successfully completed.

Resource usage summary:

    CPU time :                                   17.33 sec.
    Max Memory :                                 15 MB
    Average Memory :                             15.00 MB
    Total Requested Memory :                     -
    Delta Memory :                               -
    Max Swap :                                   4 MB
    Max Processes :                              7
    Max Threads :                                9
    Run time :                                   6 sec.
    Turnaround time :                            7 sec.

The output (if any) follows:

Sender: LSF System <lsfadmin@r01n15>
Subject: Job 3827676: <petsc-test> in cluster <sustchpc> Done

Job <petsc-test> was submitted from host <login03> by user <mae-cuin> in cluster <sustchpc> at Thu Jun  9 04:38:54 2022.
Job was executed on host(s) <2*r01n15>, in queue <ser>, as user <mae-cuin> in cluster <sustchpc> at Thu Jun  9 04:38:55 2022.
                            <4*r01n20>
                            <4*r01n03>
</work/mae-cuin> was used as the home directory.
</work/mae-cuin/hpc/final-project/hpc-final-project/Explicit_Euler> was used as the working directory.
Started at Thu Jun  9 04:38:55 2022.
Terminated at Thu Jun  9 04:39:07 2022.
Results reported at Thu Jun  9 04:39:07 2022.

Your job looked like:

------------------------------------------------------------
# LSBATCH: User input
#!/bin/bash
#BSUB -J petsc-test
#BSUB -q ser
#BSUB -n 10
#BSUB -e log.out
#BSUB -o log.out

module purge
module load intel/2018.4
module load mpi/intel/2018.4

mpirun -np 10 ./main.out -n 1000 -log_view > result_1.log 2>&1

mpirun -np 10 ./main.out -n 100000 -log_view > result_2.log 2>&1

------------------------------------------------------------

Successfully completed.

Resource usage summary:

    CPU time :                                   64.14 sec.
    Max Memory :                                 77 MB
    Average Memory :                             46.50 MB
    Total Requested Memory :                     -
    Delta Memory :                               -
    Max Swap :                                   -
    Max Processes :                              7
    Max Threads :                                9
    Run time :                                   12 sec.
    Turnaround time :                            13 sec.

The output (if any) follows:

