delta_t 0.001000 
Vec Object: 10 MPI processes
  type: mpi
Process [0]
0.
inf.
-inf.
inf.
-inf.
inf.
-inf.
inf.
-inf.
inf.
-inf.
Process [1]
inf.
-inf.
inf.
-inf.
inf.
-inf.
inf.
-inf.
inf.
-inf.
Process [2]
inf.
-inf.
inf.
-inf.
inf.
-inf.
inf.
-inf.
inf.
-inf.
Process [3]
inf.
-inf.
inf.
-inf.
inf.
-inf.
inf.
-inf.
inf.
-inf.
Process [4]
inf.
-inf.
inf.
-inf.
inf.
-inf.
inf.
-inf.
inf.
-inf.
Process [5]
inf.
-inf.
inf.
-inf.
inf.
-inf.
inf.
-inf.
inf.
-inf.
Process [6]
inf.
-inf.
inf.
-inf.
inf.
-inf.
inf.
-inf.
inf.
-inf.
Process [7]
inf.
-inf.
inf.
-inf.
inf.
-inf.
inf.
-inf.
inf.
-inf.
Process [8]
inf.
-inf.
inf.
-inf.
inf.
-inf.
inf.
-inf.
inf.
-inf.
Process [9]
inf.
-inf.
inf.
-inf.
inf.
-inf.
inf.
-inf.
inf.
0.
************************************************************************************************************************
***             WIDEN YOUR WINDOW TO 120 CHARACTERS.  Use 'enscript -r -fCourier9' to print this document            ***
************************************************************************************************************************

---------------------------------------------- PETSc Performance Summary: ----------------------------------------------

./main.out on a  named r01n15 with 10 processors, by mae-cuin Thu Jun  9 04:38:57 2022
Using Petsc Release Version 3.16.6, Mar 30, 2022 

                         Max       Max/Min     Avg       Total
Time (sec):           1.451e-01     1.000   1.451e-01
Objects:              1.300e+01     1.000   1.300e+01
Flop:                 6.401e+04     1.103   6.021e+04  6.021e+05
Flop/sec:             4.412e+05     1.103   4.150e+05  4.150e+06
MPI Messages:         1.606e+04     3.175   7.258e+03  7.258e+04
MPI Message Lengths:  1.309e+05     3.084   8.278e+00  6.009e+05
MPI Reductions:       1.034e+03     1.000

Flop counting convention: 1 flop = 1 real number operation of type (multiply/divide/add/subtract)
                            e.g., VecAXPY() for real vectors of length N --> 2N flop
                            and VecAXPY() for complex vectors of length N --> 8N flop

Summary of Stages:   ----- Time ------  ----- Flop ------  --- Messages ---  -- Message Lengths --  -- Reductions --
                        Avg     %Total     Avg     %Total    Count   %Total     Avg         %Total    Count   %Total
 0:      Main Stage: 1.4455e-01  99.6%  6.0210e+05 100.0%  7.258e+04 100.0%  8.278e+00      100.0%  1.016e+03  98.3%

------------------------------------------------------------------------------------------------------------------------
See the 'Profiling' chapter of the users' manual for details on interpreting output.
Phase summary info:
   Count: number of times phase was executed
   Time and Flop: Max - maximum over all processors
                  Ratio - ratio of maximum to minimum over all processors
   Mess: number of messages sent
   AvgLen: average message length (bytes)
   Reduct: number of global reductions
   Global: entire computation
   Stage: stages of a computation. Set stages with PetscLogStagePush() and PetscLogStagePop().
      %T - percent time in this phase         %F - percent flop in this phase
      %M - percent messages in this phase     %L - percent message lengths in this phase
      %R - percent reductions in this phase
   Total Mflop/s: 10e-6 * (sum of flop over all processors)/(max time over all processors)
------------------------------------------------------------------------------------------------------------------------
Event                Count      Time (sec)     Flop                              --- Global ---  --- Stage ----  Total
                   Max Ratio  Max     Ratio   Max  Ratio  Mess   AvgLen  Reduct  %T %F %M %L %R  %T %F %M %L %R Mflop/s
------------------------------------------------------------------------------------------------------------------------

--- Event Stage 0: Main Stage

BuildTwoSided       1004 1.0 7.5069e-02 3.0 0.00e+00 0.0 1.8e+04 1.2e+01 1.0e+03 38  0 25 36 97  38  0 25 36 99     0
BuildTwoSidedF      1003 1.0 7.3414e-02 3.2 0.00e+00 0.0 5.5e+04 8.4e+00 1.0e+03 37  0 75 76 97  37  0 75 76 99     0
VecView                1 1.0 5.7411e-04 4.6 0.00e+00 0.0 9.0e+00 8.4e+01 0.0e+00  0  0  0  0  0   0  0  0  0  0     0
VecScale               1 1.0 1.4496e-02 5.5 1.10e+01 1.1 0.0e+00 0.0e+00 0.0e+00  4  0  0  0  0   4  0  0  0  0     0
VecCopy             1000 1.0 4.4489e-04 4.6 0.00e+00 0.0 0.0e+00 0.0e+00 0.0e+00  0  0  0  0  0   0  0  0  0  0     0
VecSet                 3 1.0 5.2214e-05 5.1 0.00e+00 0.0 0.0e+00 0.0e+00 0.0e+00  0  0  0  0  0   0  0  0  0  0     0
VecAssemblyBegin    1002 1.0 7.3983e-02 3.3 0.00e+00 0.0 5.5e+04 8.4e+00 1.0e+03 38  0 75 76 97  38  0 75 76 99     0
VecAssemblyEnd      1002 1.0 2.4920e-0229.6 0.00e+00 0.0 0.0e+00 0.0e+00 0.0e+00  6  0  0  0  0   6  0  0  0  0     0
VecScatterBegin     1000 1.0 7.6358e-03 1.5 0.00e+00 0.0 1.8e+04 8.0e+00 1.0e+00  5  0 25 24  0   5  0 25 24  0     0
VecScatterEnd       1000 1.0 5.3745e-02115.1 0.00e+00 0.0 0.0e+00 0.0e+00 0.0e+00 11  0  0  0  0  11  0  0  0  0     0
MatMultAdd          1000 1.0 6.0850e-02 9.7 6.40e+04 1.1 1.8e+04 8.0e+00 1.0e+00 16100 25 24  0  16100 25 24  0    10
MatAssemblyBegin       1 1.0 1.6708e-0335.6 0.00e+00 0.0 0.0e+00 0.0e+00 1.0e+00  1  0  0  0  0   1  0  0  0  0     0
MatAssemblyEnd         1 1.0 2.0060e-02 1.0 0.00e+00 0.0 0.0e+00 0.0e+00 5.0e+00 14  0  0  0  0  14  0  0  0  0     0
SFSetGraph             1 1.0 1.1921e-06 0.0 0.00e+00 0.0 0.0e+00 0.0e+00 0.0e+00  0  0  0  0  0   0  0  0  0  0     0
SFSetUp                1 1.0 4.8869e-0352.6 0.00e+00 0.0 3.6e+01 4.0e+00 1.0e+00  3  0  0  0  0   3  0  0  0  0     0
SFPack              1000 1.0 3.9434e-04 2.9 0.00e+00 0.0 0.0e+00 0.0e+00 0.0e+00  0  0  0  0  0   0  0  0  0  0     0
SFUnpack            1000 1.0 1.3590e-04 2.5 0.00e+00 0.0 0.0e+00 0.0e+00 0.0e+00  0  0  0  0  0   0  0  0  0  0     0
------------------------------------------------------------------------------------------------------------------------

Memory usage is given in bytes:

Object Type          Creations   Destructions     Memory  Descendants' Mem.
Reports information only for process 0.

--- Event Stage 0: Main Stage

              Vector     5              5         8904     0.
              Matrix     3              3        11404     0.
           Index Set     2              2         1788     0.
   Star Forest Graph     1              1         1200     0.
              Viewer     2              1          840     0.
========================================================================================================================
Average time to get PetscTime(): 0.
Average time for MPI_Barrier(): 9.20296e-06
Average time for zero size MPI_Send(): 7.70092e-06
#PETSc Option Table entries:
-log_view
-n 1000
#End of PETSc Option Table entries
Compiled without FORTRAN kernels
Compiled with full precision matrices (default)
sizeof(short) 2 sizeof(int) 4 sizeof(long) 8 sizeof(void*) 8 sizeof(PetscScalar) 8 sizeof(PetscInt) 4
Configure options: --with-mpi-dir=/share/intel/2018u4/compilers_and_libraries_2018.5.274/linux/mpi/intel64/ --with-blaslapack-dir=/share/intel/2018u4/compilers_and_libraries_2018.5.274/linux/mkl/ --with-debugging=no --prefix=/work/mae-cuin/lib/petsc-3.16.6-opt --download-hypre --download-mumps --download-metis --download-hdf5 COPTFLAGS="-O3 -march=native -mtune=native" CXXOPTFLAGS="-O3 -march=native -mtune=native" FOPTFLAGS="-O3 -march=native -mtune=native" --with-scalapack-include=/share/intel/2018u4/compilers_and_libraries_2018.5.274/linux/mkl/include --with-scalapack-lib="-L/share/intel/2018u4/compilers_and_libraries_2018.5.274/linux/mkl/lib/intel64 -lmkl_blacs_intelmpi_lp64 -lmkl_scalapack_lp64"
-----------------------------------------
Libraries compiled on 2022-05-04 08:04:13 on login03 
Machine characteristics: Linux-3.10.0-862.el7.x86_64-x86_64-with-redhat-7.5-Maipo
Using PETSc directory: /work/mae-cuin/lib/petsc-3.16.6-opt
Using PETSc arch: 
-----------------------------------------

Using C compiler: /share/intel/2018u4/compilers_and_libraries_2018.5.274/linux/mpi/intel64/bin/mpiicc  -fPIC -wd1572 -Wno-unknown-pragmas -O3 -march=native -mtune=native  -std=c99 
Using Fortran compiler: /share/intel/2018u4/compilers_and_libraries_2018.5.274/linux/mpi/intel64/bin/mpiifort  -fPIC -O3 -march=native -mtune=native     -std=c99
-----------------------------------------

Using include paths: -I/work/mae-cuin/lib/petsc-3.16.6-opt/include -I/share/intel/2018u4/compilers_and_libraries_2018.5.274/linux/mpi/intel64/include
-----------------------------------------

Using C linker: /share/intel/2018u4/compilers_and_libraries_2018.5.274/linux/mpi/intel64/bin/mpiicc
Using Fortran linker: /share/intel/2018u4/compilers_and_libraries_2018.5.274/linux/mpi/intel64/bin/mpiifort
Using libraries: -Wl,-rpath,/work/mae-cuin/lib/petsc-3.16.6-opt/lib -L/work/mae-cuin/lib/petsc-3.16.6-opt/lib -lpetsc -Wl,-rpath,/work/mae-cuin/lib/petsc-3.16.6-opt/lib -L/work/mae-cuin/lib/petsc-3.16.6-opt/lib -L/share/intel/2018u4/compilers_and_libraries_2018.5.274/linux/mkl/lib/intel64 -Wl,-rpath,/share/intel/2018u4/compilers_and_libraries_2018.5.274/linux/mkl/lib/intel64 -Wl,-rpath,/share/intel/2018u4/compilers_and_libraries_2018.5.274/linux/mpi/intel64/lib/release_mt -L/share/intel/2018u4/compilers_and_libraries_2018.5.274/linux/mpi/intel64/lib/release_mt -Wl,-rpath,/share/intel/2018u4/compilers_and_libraries_2018.5.274/linux/mpi/intel64/lib -L/share/intel/2018u4/compilers_and_libraries_2018.5.274/linux/mpi/intel64/lib -Wl,-rpath,/share/intel/2018u4/compilers_and_libraries_2018.5.274/linux/tbb/lib/intel64_lin/gcc4.4 -L/share/intel/2018u4/compilers_and_libraries_2018.5.274/linux/tbb/lib/intel64_lin/gcc4.4 -Wl,-rpath,/share/intel/2018u4/compilers_and_libraries_2018.5.274/linux/daal/lib/intel64_lin -L/share/intel/2018u4/compilers_and_libraries_2018.5.274/linux/daal/lib/intel64_lin -Wl,-rpath,/share/intel/2018u4/compilers_and_libraries_2018.5.274/linux/tbb/lib/intel64/gcc4.4 -L/share/intel/2018u4/compilers_and_libraries_2018.5.274/linux/tbb/lib/intel64/gcc4.4 -Wl,-rpath,/share/intel/2018u4/compilers_and_libraries_2018.5.274/linux/compiler/lib/intel64 -L/share/intel/2018u4/compilers_and_libraries_2018.5.274/linux/compiler/lib/intel64 -Wl,-rpath,/share/intel/2018u4/compilers_and_libraries_2018.5.274/linux/ipp/lib/intel64 -L/share/intel/2018u4/compilers_and_libraries_2018.5.274/linux/ipp/lib/intel64 -Wl,-rpath,/share/intel/2018u4/compilers_and_libraries_2018.5.274/linux/compiler/lib/intel64_lin -L/share/intel/2018u4/compilers_and_libraries_2018.5.274/linux/compiler/lib/intel64_lin -Wl,-rpath,/usr/lib/gcc/x86_64-redhat-linux/4.8.5 -L/usr/lib/gcc/x86_64-redhat-linux/4.8.5 -Wl,-rpath,/opt/intel/mpi-rt/2017.0.0/intel64/lib/release_mt -Wl,-rpath,/opt/intel/mpi-rt/2017.0.0/intel64/lib -lHYPRE -lcmumps -ldmumps -lsmumps -lzmumps -lmumps_common -lpord -lmkl_blacs_intelmpi_lp64 -lmkl_scalapack_lp64 -lmkl_intel_lp64 -lmkl_core -lmkl_sequential -lpthread -lhdf5_hl -lhdf5 -lmetis -lX11 -lstdc++ -ldl -lmpifort -lmpi -lmpigi -lrt -lpthread -lifport -lifcoremt_pic -limf -lsvml -lm -lipgo -lirc -lgcc_s -lirc_s -lquadmath -lstdc++ -ldl
-----------------------------------------

