delta_t 0.000100 
Vec Object: 10 MPI processes
  type: mpi
Process [0]
0.
1.01005
1.0202
1.03045
1.04081
1.05127
1.06184
1.07251
1.08329
1.09417
1.10517
Process [1]
1.11628
1.1275
1.13883
1.15027
1.16183
1.17351
1.1853
1.19722
1.20925
1.2214
Process [2]
1.23368
1.24608
1.2586
1.27125
1.28403
1.29693
1.30996
1.32313
1.33643
1.34986
Process [3]
1.36343
1.37713
1.39097
1.40495
1.41907
1.43333
1.44773
1.46228
1.47698
1.49182
Process [4]
1.50682
1.52196
1.53726
1.55271
1.56831
1.58407
1.59999
1.61607
1.63232
1.64872
Process [5]
1.66529
1.68203
1.69893
1.71601
1.73325
1.75067
1.76827
1.78604
1.80399
1.82212
Process [6]
1.84043
1.85893
1.87761
1.89648
1.91554
1.93479
1.95424
1.97388
1.99372
2.01375
Process [7]
2.03399
2.05443
2.07508
2.09594
2.117
2.13828
2.15977
2.18147
2.2034
2.22554
Process [8]
2.24791
2.2705
2.29332
2.31637
2.33965
2.36316
2.38691
2.4109
2.43513
2.4596
Process [9]
2.48432
2.50929
2.53451
2.55998
2.58571
2.6117
2.63794
2.66446
2.69123
0.
Vec Object: 10 MPI processes
  type: mpi
Process [0]
0.
0.0577585
0.0962202
0.134608
0.17289
0.211038
0.249021
0.28681
0.324375
0.361686
0.398715
Process [1]
0.435432
0.47181
0.50782
0.543434
0.578626
0.613367
0.647632
0.681394
0.714627
0.747305
Process [2]
0.779404
0.810899
0.841765
0.871978
0.901514
0.93035
0.958462
0.985828
1.01242
1.03823
Process [3]
1.06322
1.08737
1.11067
1.13309
1.1546
1.17519
1.19484
1.21351
1.2312
1.24789
Process [4]
1.26354
1.27814
1.29167
1.3041
1.31542
1.32561
1.33464
1.3425
1.34916
1.35462
Process [5]
1.35884
1.3618
1.36351
1.36392
1.36304
1.36084
1.35731
1.35243
1.34619
1.33859
Process [6]
1.32961
1.31924
1.30748
1.29432
1.27975
1.26378
1.24641
1.22763
1.20746
1.18589
Process [7]
1.16294
1.13861
1.11293
1.0859
1.05755
1.02789
0.996958
0.964768
0.931352
0.896744
Process [8]
0.860975
0.824085
0.786111
0.747096
0.707084
0.666123
0.624261
0.58155
0.538044
0.493798
Process [9]
0.44887
0.40332
0.357208
0.310598
0.263552
0.216137
0.168418
0.120463
0.0723383
0.
Vec Object: 10 MPI processes
  type: mpi
Process [0]
0.
0.0400262
0.0666759
0.0932675
0.119777
0.14618
0.172454
0.198575
0.224518
0.250261
0.275781
Process [1]
0.301054
0.326057
0.350767
0.375163
0.39922
0.422919
0.446235
0.469149
0.491638
0.513682
Process [2]
0.535259
0.55635
0.576935
0.596993
0.616507
0.635455
0.653822
0.671588
0.688736
0.705248
Process [3]
0.72111
0.736303
0.750814
0.764627
0.777727
0.790102
0.801737
0.81262
0.82274
0.832085
Process [4]
0.840644
0.848408
0.855367
0.861512
0.866837
0.871334
0.874996
0.877819
0.879797
0.880926
Process [5]
0.881204
0.880628
0.879196
0.876909
0.873765
0.869767
0.864915
0.859214
0.852666
0.845276
Process [6]
0.837049
0.827992
0.818112
0.807417
0.795915
0.783617
0.770534
0.756676
0.742056
0.726688
Process [7]
0.710585
0.693762
0.676236
0.658023
0.639139
0.619604
0.599437
0.578655
0.557282
0.535336
Process [8]
0.512841
0.489818
0.46629
0.442282
0.417818
0.392922
0.367619
0.341937
0.3159
0.289536
Process [9]
0.262873
0.235936
0.208756
0.181359
0.153774
0.12603
0.0981559
0.0701809
0.042134
0.
Vec Object: 10 MPI processes
  type: mpi
Process [0]
0.
0.0269973
0.0449713
0.062904
0.0807781
0.0985768
0.116283
0.133879
0.15135
0.168677
0.185845
Process [1]
0.202837
0.219636
0.236228
0.252595
0.268722
0.284593
0.300194
0.315509
0.330524
0.345224
Process [2]
0.359595
0.373623
0.387294
0.400596
0.413515
0.426039
0.438156
0.449853
0.46112
0.471946
Process [3]
0.482319
0.49223
0.501669
0.510627
0.519094
0.527063
0.534525
0.541474
0.547901
0.553802
Process [4]
0.559168
0.563996
0.568281
0.572017
0.575201
0.57783
0.579901
0.58141
0.582358
0.582742
Process [5]
0.582562
0.581818
0.58051
0.578639
0.576206
0.573214
0.569666
0.565564
0.560912
0.555715
Process [6]
0.549977
0.543703
0.5369
0.529574
0.521732
0.513381
0.504529
0.495185
0.485357
0.475055
Process [7]
0.464289
0.453069
0.441407
0.429312
0.416798
0.403876
0.390558
0.376858
0.362789
0.348365
Process [8]
0.333599
0.318507
0.303103
0.287402
0.271419
0.25517
0.238672
0.221939
0.20499
0.18784
Process [9]
0.170506
0.153006
0.135356
0.117574
0.099678
0.081685
0.0636129
0.0454796
0.027303
0.
Vec Object: 10 MPI processes
  type: mpi
Process [0]
0.
0.0185496
0.0308995
0.0432212
0.0555024
0.0677315
0.0798966
0.0919857
0.103987
0.11589
0.127681
Process [1]
0.139351
0.150887
0.162278
0.173514
0.184583
0.195474
0.206178
0.216683
0.22698
0.237058
Process [2]
0.246908
0.256521
0.265885
0.274994
0.283838
0.292407
0.300695
0.308692
0.316392
0.323786
Process [3]
0.330867
0.337629
0.344065
0.350168
0.355933
0.361354
0.366426
0.371143
0.375502
0.379497
Process [4]
0.383126
0.386383
0.389267
0.391774
0.393902
0.395649
0.397012
0.397992
0.398586
0.398794
Process [5]
0.398615
0.398051
0.397101
0.395766
0.394048
0.391948
0.389468
0.38661
0.383378
0.379775
Process [6]
0.375803
0.371467
0.36677
0.361719
0.356316
0.350568
0.34448
0.338058
0.331308
0.324237
Process [7]
0.316851
0.309159
0.301166
0.292882
0.284314
0.27547
0.266359
0.25699
0.247371
0.237514
Process [8]
0.227426
0.217118
0.2066
0.195881
0.184974
0.173887
0.162632
0.151221
0.139663
0.127971
Process [9]
0.116155
0.104227
0.0921998
0.0800838
0.0678912
0.0556339
0.0433239
0.0309732
0.0185939
0.
Vec Object: 10 MPI processes
  type: mpi
Process [0]
0.
0.013279
0.0221202
0.0309416
0.0397343
0.04849
0.0571999
0.0658558
0.0744491
0.0829715
0.0914146
Process [1]
0.0997704
0.10803
0.116187
0.124232
0.132157
0.139956
0.147619
0.155141
0.162513
0.169728
Process [2]
0.17678
0.183661
0.190364
0.196884
0.203214
0.209347
0.215278
0.221001
0.22651
0.2318
Process [3]
0.236866
0.241703
0.246305
0.25067
0.254792
0.258667
0.262292
0.265663
0.268777
0.27163
Process [4]
0.27422
0.276545
0.278602
0.280389
0.281904
0.283147
0.284115
0.284807
0.285224
0.285364
Process [5]
0.285228
0.284816
0.284127
0.283164
0.281925
0.280414
0.278631
0.276578
0.274257
0.27167
Process [6]
0.26882
0.26571
0.262342
0.25872
0.254847
0.250728
0.246365
0.241765
0.23693
0.231865
Process [7]
0.226576
0.221068
0.215346
0.209416
0.203283
0.196953
0.190433
0.183728
0.176847
0.169794
Process [8]
0.162577
0.155204
0.14768
0.140015
0.132214
0.124286
0.116238
0.108079
0.0998155
0.0914565
Process [9]
0.0830098
0.0744838
0.0658868
0.057227
0.048513
0.0397533
0.0309564
0.0221309
0.0132854
0.
Vec Object: 10 MPI processes
  type: mpi
Process [0]
0.
0.01002
0.0166918
0.0233489
0.0299847
0.0365928
0.0431668
0.0497002
0.0561866
0.0626197
0.0689932
Process [1]
0.075301
0.0815367
0.0876944
0.093768
0.0997516
0.105639
0.111426
0.117104
0.122671
0.128118
Process [2]
0.133443
0.138638
0.1437
0.148623
0.153403
0.158034
0.162512
0.166833
0.170993
0.174988
Process [3]
0.178813
0.182465
0.18594
0.189236
0.192348
0.195274
0.19801
0.200555
0.202906
0.20506
Process [4]
0.207015
0.20877
0.210322
0.211671
0.212814
0.213751
0.214481
0.215003
0.215316
0.215421
Process [5]
0.215317
0.215004
0.214483
0.213753
0.212817
0.211674
0.210326
0.208775
0.20702
0.205066
Process [6]
0.202912
0.200562
0.198018
0.195281
0.192356
0.189244
0.185949
0.182474
0.178822
0.174997
Process [7]
0.171003
0.166843
0.162522
0.158044
0.153413
0.148633
0.14371
0.138648
0.133452
0.128128
Process [8]
0.12268
0.117114
0.111434
0.105648
0.0997597
0.0937757
0.0877017
0.0815436
0.0753074
0.0689992
Process [9]
0.0626252
0.0561916
0.0497046
0.0431707
0.0365962
0.0299874
0.023351
0.0166933
0.0100209
0.
Vec Object: 10 MPI processes
  type: mpi
Process [0]
0.
0.00800917
0.0133423
0.018664
0.023969
0.0292521
0.0345081
0.0397319
0.0449184
0.0500625
0.0551591
Process [1]
0.0602033
0.0651901
0.0701147
0.0749722
0.0797578
0.084467
0.089095
0.0936374
0.0980897
0.102447
Process [2]
0.106707
0.110863
0.114912
0.11885
0.122674
0.126379
0.129962
0.133419
0.136747
0.139943
Process [3]
0.143003
0.145925
0.148705
0.151342
0.153832
0.156173
0.158363
0.160399
0.162279
0.164003
Process [4]
0.165567
0.166971
0.168213
0.169292
0.170207
0.170956
0.17154
0.171957
0.172208
0.172292
Process [5]
0.172208
0.171957
0.17154
0.170956
0.170207
0.169292
0.168214
0.166972
0.165568
0.164004
Process [6]
0.16228
0.1604
0.158364
0.156174
0.153833
0.151343
0.148707
0.145926
0.143004
0.139944
Process [7]
0.136748
0.13342
0.129963
0.12638
0.122675
0.118852
0.114913
0.110864
0.106708
0.102449
Process [8]
0.098091
0.0936387
0.0890962
0.0844682
0.079759
0.0749732
0.0701157
0.065191
0.0602042
0.0551599
Process [9]
0.0500632
0.044919
0.0397325
0.0345086
0.0292525
0.0239694
0.0186643
0.0133425
0.00800929
0.
Vec Object: 10 MPI processes
  type: mpi
Process [0]
0.
0.00676903
0.0112766
0.0157748
0.020259
0.0247249
0.0291681
0.0335843
0.0379691
0.0423182
0.0466273
Process [1]
0.0508923
0.0551089
0.059273
0.0633806
0.0674275
0.0714098
0.0753236
0.0791651
0.0829305
0.0866161
Process [2]
0.0902183
0.0937335
0.0971583
0.100489
0.103723
0.106857
0.109888
0.112812
0.115627
0.118331
Process [3]
0.12092
0.123391
0.125744
0.127974
0.13008
0.132061
0.133913
0.135636
0.137227
0.138685
Process [4]
0.140008
0.141196
0.142246
0.143159
0.143933
0.144567
0.145061
0.145414
0.145626
0.145697
Process [5]
0.145626
0.145414
0.145061
0.144567
0.143933
0.143159
0.142247
0.141196
0.140008
0.138685
Process [6]
0.137227
0.135636
0.133913
0.132061
0.130081
0.127974
0.125744
0.123391
0.12092
0.118331
Process [7]
0.115628
0.112812
0.109888
0.106857
0.103724
0.10049
0.0971585
0.0937336
0.0902184
0.0866162
Process [8]
0.0829306
0.0791652
0.0753237
0.0714099
0.0674276
0.0633807
0.0592731
0.055109
0.0508924
0.0466274
Process [9]
0.0423182
0.0379691
0.0335843
0.0291681
0.0247249
0.020259
0.0157748
0.0112767
0.00676904
0.
Vec Object: 10 MPI processes
  type: mpi
Process [0]
0.
0.0060043
0.0100028
0.0139931
0.0179712
0.0219332
0.0258752
0.0297933
0.0336838
0.0375427
0.0413662
Process [1]
0.0451507
0.0488924
0.0525875
0.0562326
0.059824
0.0633581
0.0668315
0.0702408
0.0735826
0.0768537
Process [2]
0.0800508
0.0831708
0.0862106
0.0891673
0.0920379
0.0948196
0.0975096
0.100105
0.102604
0.105004
Process [3]
0.107302
0.109496
0.111584
0.113564
0.115434
0.117192
0.118837
0.120366
0.121778
0.123073
Process [4]
0.124248
0.125302
0.126235
0.127045
0.127732
0.128295
0.128733
0.129047
0.129235
0.129298
Process [5]
0.129235
0.129047
0.128733
0.128295
0.127732
0.127045
0.126235
0.125302
0.124248
0.123073
Process [6]
0.121778
0.120366
0.118837
0.117192
0.115434
0.113564
0.111584
0.109496
0.107302
0.105004
Process [7]
0.102604
0.100105
0.0975096
0.0948195
0.0920379
0.0891673
0.0862106
0.0831708
0.0800508
0.0768537
Process [8]
0.0735826
0.0702408
0.0668315
0.0633581
0.0598239
0.0562326
0.0525875
0.0488923
0.0451507
0.0413662
Process [9]
0.0375426
0.0336837
0.0297933
0.0258752
0.0219332
0.0179712
0.0139931
0.0100028
0.00600429
0.
Vec Object: 10 MPI processes
  type: mpi
Process [0]
0.
0.00553274
0.00921735
0.0128945
0.0165605
0.0202117
0.0238447
0.0274557
0.0310413
0.0345979
0.0381221
Process [1]
0.0416102
0.045059
0.048465
0.0518249
0.0551354
0.0583931
0.061595
0.0647378
0.0678184
0.0708339
Process [2]
0.0737812
0.0766575
0.0794599
0.0821857
0.0848322
0.0873967
0.0898768
0.09227
0.0945739
0.0967864
Process [3]
0.0989051
0.100928
0.102853
0.104679
0.106403
0.108024
0.10954
0.11095
0.112252
0.113446
Process [4]
0.114529
0.115501
0.116361
0.117108
0.117742
0.118261
0.118665
0.118954
0.119128
0.119186
Process [5]
0.119128
0.118954
0.118665
0.118261
0.117742
0.117108
0.116361
0.115501
0.114529
0.113446
Process [6]
0.112252
0.11095
0.10954
0.108024
0.106403
0.104679
0.102853
0.100928
0.0989051
0.0967863
Process [7]
0.0945739
0.0922699
0.0898767
0.0873967
0.0848321
0.0821857
0.0794599
0.0766575
0.0737812
0.0708339
Process [8]
0.0678184
0.0647377
0.0615949
0.0583931
0.0551353
0.0518249
0.048465
0.045059
0.0416102
0.038122
Process [9]
0.0345979
0.0310413
0.0274557
0.0238446
0.0202117
0.0165604
0.0128944
0.00921734
0.00553273
0.
Vec Object: 10 MPI processes
  type: mpi
Process [0]
0.
0.00524196
0.008733
0.012217
0.0156906
0.0191502
0.0225926
0.0260143
0.0294119
0.0327821
0.0361216
Process [1]
0.0394271
0.0426953
0.045923
0.049107
0.0522443
0.0553316
0.058366
0.0613445
0.0642641
0.0671219
Process [2]
0.0699152
0.0726412
0.0752973
0.0778807
0.0803889
0.0828195
0.0851701
0.0874384
0.0896221
0.0917191
Process [3]
0.0937273
0.0956447
0.0974695
0.0991998
0.100834
0.10237
0.103808
0.105144
0.106378
0.10751
Process [4]
0.108536
0.109458
0.110273
0.110981
0.111582
0.112074
0.112457
0.112731
0.112895
0.11295
Process [5]
0.112895
0.112731
0.112457
0.112074
0.111582
0.110981
0.110273
0.109458
0.108536
0.10751
Process [6]
0.106378
0.105144
0.103807
0.10237
0.100834
0.0991998
0.0974695
0.0956447
0.0937273
0.0917191
Process [7]
0.0896221
0.0874384
0.0851701
0.0828195
0.0803889
0.0778806
0.0752972
0.0726412
0.0699152
0.0671219
Process [8]
0.064264
0.0613444
0.058366
0.0553316
0.0522442
0.049107
0.0459229
0.0426952
0.039427
0.0361216
Process [9]
0.0327821
0.0294119
0.0260142
0.0225926
0.0191502
0.0156905
0.012217
0.00873299
0.00524195
0.
Vec Object: 10 MPI processes
  type: mpi
Process [0]
0.
0.00506266
0.00843434
0.0117993
0.0151542
0.0184957
0.0218205
0.0251254
0.0284071
0.0316624
0.0348881
Process [1]
0.0380809
0.0412377
0.0443555
0.0474311
0.0504615
0.0534438
0.0563749
0.059252
0.0620723
0.064833
Process [2]
0.0675314
0.0701647
0.0727304
0.075226
0.0776491
0.0799971
0.0822679
0.0844591
0.0865687
0.0885945
Process [3]
0.0905345
0.0923868
0.0941497
0.0958213
0.0974
0.0988843
0.100273
0.101564
0.102756
0.103849
Process [4]
0.104841
0.105731
0.106519
0.107203
0.107783
0.108258
0.108629
0.108893
0.109052
0.109105
Process [5]
0.109052
0.108893
0.108629
0.108258
0.107783
0.107203
0.106519
0.105731
0.104841
0.103849
Process [6]
0.102756
0.101564
0.100273
0.0988843
0.0974
0.0958213
0.0941497
0.0923868
0.0905345
0.0885945
Process [7]
0.0865687
0.0844591
0.0822679
0.0799971
0.077649
0.075226
0.0727304
0.0701647
0.0675313
0.064833
Process [8]
0.0620723
0.059252
0.0563749
0.0534437
0.0504615
0.0474311
0.0443554
0.0412377
0.0380808
0.034888
Process [9]
0.0316624
0.0284071
0.0251254
0.0218205
0.0184956
0.0151541
0.0117993
0.00843433
0.00506265
0.
Vec Object: 10 MPI processes
  type: mpi
Process [0]
0.
0.00495209
0.00825018
0.0115417
0.0148234
0.0180921
0.0213444
0.0245774
0.0277876
0.030972
0.0341274
Process [1]
0.0372508
0.040339
0.0433889
0.0463977
0.0493622
0.0522797
0.0551471
0.0579618
0.0607209
0.0634216
Process [2]
0.0660614
0.0686376
0.0711477
0.0735891
0.0759596
0.0782568
0.0804783
0.082622
0.0846859
0.0866678
Process [3]
0.0885657
0.0903779
0.0921026
0.093738
0.0952825
0.0967347
0.098093
0.0993561
0.100523
0.101592
Process [4]
0.102563
0.103433
0.104204
0.104873
0.105441
0.105906
0.106268
0.106527
0.106683
0.106734
Process [5]
0.106683
0.106527
0.106268
0.105906
0.105441
0.104873
0.104204
0.103433
0.102562
0.101592
Process [6]
0.100523
0.0993561
0.0980929
0.0967346
0.0952825
0.093738
0.0921026
0.0903779
0.0885657
0.0866677
Process [7]
0.0846858
0.082622
0.0804783
0.0782567
0.0759596
0.0735891
0.0711476
0.0686375
0.0660613
0.0634216
Process [8]
0.0607208
0.0579618
0.0551471
0.0522796
0.0493622
0.0463976
0.0433889
0.0403389
0.0372507
0.0341274
Process [9]
0.030972
0.0277876
0.0245773
0.0213444
0.018092
0.0148234
0.0115417
0.00825017
0.00495209
0.
Vec Object: 10 MPI processes
  type: mpi
Process [0]
0.
0.00488392
0.00813662
0.0113829
0.0146194
0.0178432
0.0210509
0.0242394
0.0274056
0.0305463
0.0336584
Process [1]
0.0367389
0.0397848
0.0427929
0.0457604
0.0486844
0.0515619
0.0543901
0.0571662
0.0598875
0.0625513
Process [2]
0.065155
0.0676959
0.0701717
0.0725798
0.0749178
0.0771836
0.0793748
0.0814892
0.0835249
0.0854797
Process [3]
0.0873517
0.0891392
0.0908403
0.0924534
0.0939768
0.0954091
0.0967489
0.0979948
0.0991456
0.1002
Process [4]
0.101157
0.102017
0.102777
0.103437
0.103996
0.104455
0.104812
0.105068
0.105221
0.105272
Process [5]
0.105221
0.105068
0.104812
0.104455
0.103996
0.103437
0.102777
0.102017
0.101157
0.1002
Process [6]
0.0991456
0.0979948
0.0967489
0.0954091
0.0939768
0.0924534
0.0908403
0.0891392
0.0873517
0.0854796
Process [7]
0.0835248
0.0814892
0.0793747
0.0771836
0.0749178
0.0725797
0.0701716
0.0676959
0.0651549
0.0625513
Process [8]
0.0598875
0.0571662
0.05439
0.0515618
0.0486843
0.0457604
0.0427929
0.0397847
0.0367389
0.0336584
Process [9]
0.0305462
0.0274055
0.0242394
0.0210509
0.0178432
0.0146194
0.0113828
0.0081366
0.00488391
0.
Vec Object: 10 MPI processes
  type: mpi
Process [0]
0.
0.00484188
0.00806659
0.0112849
0.0144937
0.0176897
0.0208699
0.024031
0.02717
0.0302837
0.0333692
Process [1]
0.0364233
0.039443
0.0424254
0.0453675
0.0482664
0.0511193
0.0539232
0.0566756
0.0593736
0.0620146
Process [2]
0.064596
0.0671153
0.0695698
0.0719574
0.0742755
0.0765218
0.0786943
0.0807907
0.082809
0.0847471
Process [3]
0.0866032
0.0883754
0.0900619
0.0916613
0.0931717
0.0945918
0.0959201
0.0971554
0.0982964
0.0993419
Process [4]
0.100291
0.101143
0.101896
0.102551
0.103106
0.103561
0.103915
0.104168
0.10432
0.104371
Process [5]
0.10432
0.104168
0.103915
0.103561
0.103106
0.102551
0.101896
0.101143
0.100291
0.0993419
Process [6]
0.0982963
0.0971554
0.0959201
0.0945918
0.0931717
0.0916612
0.0900619
0.0883753
0.0866031
0.084747
Process [7]
0.0828089
0.0807907
0.0786943
0.0765218
0.0742754
0.0719573
0.0695698
0.0671152
0.064596
0.0620146
Process [8]
0.0593736
0.0566756
0.0539232
0.0511192
0.0482664
0.0453674
0.0424253
0.039443
0.0364232
0.0333691
Process [9]
0.0302837
0.0271699
0.024031
0.0208698
0.0176897
0.0144937
0.0112849
0.00806658
0.00484187
0.
Vec Object: 10 MPI processes
  type: mpi
Process [0]
0.
0.00481596
0.00802341
0.0112245
0.0144161
0.0175951
0.0207582
0.0239025
0.0270247
0.0301219
0.0331908
Process [1]
0.0362287
0.0392323
0.0421988
0.0451252
0.0480087
0.0508463
0.0536354
0.0563731
0.0590568
0.0616837
Process [2]
0.0642514
0.0667572
0.0691987
0.0715736
0.0738793
0.0761138
0.0782747
0.08036
0.0823675
0.0842953
Process [3]
0.0861416
0.0879044
0.089582
0.0911728
0.0926752
0.0940878
0.0954091
0.0966378
0.0977727
0.0988127
Process [4]
0.0997568
0.100604
0.101354
0.102005
0.102557
0.103009
0.103361
0.103613
0.103765
0.103815
Process [5]
0.103765
0.103613
0.103361
0.103009
0.102557
0.102005
0.101354
0.100604
0.0997568
0.0988127
Process [6]
0.0977727
0.0966377
0.095409
0.0940878
0.0926752
0.0911728
0.089582
0.0879043
0.0861415
0.0842953
Process [7]
0.0823675
0.0803599
0.0782747
0.0761138
0.0738793
0.0715735
0.0691987
0.0667572
0.0642513
0.0616837
Process [8]
0.0590567
0.0563731
0.0536353
0.0508463
0.0480086
0.0451251
0.0421987
0.0392322
0.0362286
0.0331908
Process [9]
0.0301218
0.0270247
0.0239025
0.0207582
0.0175951
0.0144161
0.0112245
0.0080234
0.00481595
0.
Vec Object: 10 MPI processes
  type: mpi
Process [0]
0.
0.00479997
0.00799679
0.0111873
0.0143683
0.0175367
0.0206894
0.0238232
0.0269351
0.030022
0.0330809
Process [1]
0.0361086
0.0391023
0.042059
0.0449758
0.0478497
0.050678
0.0534579
0.0561866
0.0588614
0.0614797
Process [2]
0.0640388
0.0665364
0.0689699
0.0713369
0.0736351
0.0758622
0.078016
0.0800944
0.0820953
0.0840168
Process [3]
0.0858569
0.0876139
0.089286
0.0908716
0.0923691
0.093777
0.0950939
0.0963186
0.0974498
0.0984864
Process [4]
0.0994274
0.100272
0.101019
0.101668
0.102218
0.102669
0.10302
0.103271
0.103422
0.103472
Process [5]
0.103422
0.103271
0.10302
0.102669
0.102218
0.101668
0.101019
0.100272
0.0994274
0.0984864
Process [6]
0.0974498
0.0963186
0.0950939
0.093777
0.0923691
0.0908716
0.089286
0.0876139
0.0858569
0.0840167
Process [7]
0.0820953
0.0800943
0.078016
0.0758622
0.0736351
0.0713369
0.0689699
0.0665364
0.0640388
0.0614796
Process [8]
0.0588613
0.0561865
0.0534578
0.050678
0.0478497
0.0449757
0.042059
0.0391023
0.0361086
0.0330808
Process [9]
0.030022
0.0269351
0.0238232
0.0206894
0.0175367
0.0143683
0.0111873
0.00799678
0.00479996
0.
Vec Object: 10 MPI processes
  type: mpi
Process [0]
0.
0.00479011
0.00798037
0.0111643
0.0143388
0.0175007
0.020647
0.0237744
0.0268799
0.0299605
0.0330131
Process [1]
0.0360346
0.0390222
0.0419729
0.0448837
0.0477517
0.0505742
0.0533484
0.0560715
0.0587409
0.0613538
Process [2]
0.0639078
0.0664003
0.0688288
0.071191
0.0734845
0.075707
0.0778564
0.0799306
0.0819274
0.083845
Process [3]
0.0856814
0.0874348
0.0891035
0.0906859
0.0921803
0.0935853
0.0948996
0.0961218
0.0972507
0.0982852
Process [4]
0.0992242
0.100067
0.100813
0.10146
0.102009
0.102459
0.10281
0.10306
0.103211
0.103261
Process [5]
0.103211
0.10306
0.10281
0.102459
0.102009
0.10146
0.100813
0.100067
0.0992242
0.0982852
Process [6]
0.0972507
0.0961218
0.0948996
0.0935853
0.0921803
0.0906859
0.0891035
0.0874348
0.0856814
0.083845
Process [7]
0.0819274
0.0799306
0.0778564
0.075707
0.0734845
0.071191
0.0688288
0.0664002
0.0639078
0.0613538
Process [8]
0.0587408
0.0560715
0.0533484
0.0505742
0.0477517
0.0448836
0.0419728
0.0390222
0.0360346
0.033013
Process [9]
0.0299604
0.0268799
0.0237744
0.0206469
0.0175007
0.0143388
0.0111643
0.00798036
0.00479011
0.
Vec Object: 10 MPI processes
  type: mpi
Process [0]
0.
0.00478404
0.00797024
0.0111502
0.0143206
0.0174786
0.0206208
0.0237443
0.0268459
0.0299225
0.0329713
Process [1]
0.035989
0.0389728
0.0419197
0.0448268
0.0476913
0.0505102
0.0532809
0.0560006
0.0586666
0.0612762
Process [2]
0.063827
0.0663163
0.0687418
0.071101
0.0733916
0.0756114
0.0777581
0.0798296
0.0818239
0.0837391
Process [3]
0.0855732
0.0873244
0.088991
0.0905714
0.0920639
0.0934672
0.0947798
0.0960004
0.0971279
0.0981611
Process [4]
0.099099
0.0999407
0.100685
0.101332
0.10188
0.10233
0.10268
0.10293
0.10308
0.103131
Process [5]
0.10308
0.10293
0.10268
0.10233
0.10188
0.101332
0.100685
0.0999406
0.099099
0.0981611
Process [6]
0.0971279
0.0960004
0.0947798
0.0934672
0.0920639
0.0905713
0.088991
0.0873244
0.0855732
0.0837391
Process [7]
0.0818239
0.0798296
0.077758
0.0756113
0.0733916
0.071101
0.0687418
0.0663163
0.063827
0.0612762
Process [8]
0.0586665
0.0560006
0.0532809
0.0505102
0.0476913
0.0448268
0.0419197
0.0389728
0.035989
0.0329712
Process [9]
0.0299225
0.0268458
0.0237442
0.0206208
0.0174785
0.0143206
0.0111501
0.00797023
0.00478403
0.
Vec Object: 10 MPI processes
  type: mpi
Process [0]
0.
0.00478029
0.007964
0.0111414
0.0143094
0.0174649
0.0206047
0.0237257
0.0268249
0.0298991
0.0329455
Process [1]
0.0359609
0.0389423
0.041887
0.0447918
0.047654
0.0504708
0.0532393
0.0559569
0.0586208
0.0612284
Process [2]
0.0637772
0.0662646
0.0686881
0.0710455
0.0733343
0.0755524
0.0776974
0.0797673
0.0817601
0.0836738
Process [3]
0.0855064
0.0872563
0.0889216
0.0905007
0.0919921
0.0933943
0.0947059
0.0959256
0.0970522
0.0980846
Process [4]
0.0990217
0.0998628
0.100607
0.101253
0.101801
0.10225
0.1026
0.10285
0.103
0.10305
Process [5]
0.103
0.10285
0.1026
0.10225
0.101801
0.101253
0.100607
0.0998628
0.0990217
0.0980846
Process [6]
0.0970522
0.0959256
0.0947059
0.0933943
0.0919921
0.0905007
0.0889216
0.0872563
0.0855064
0.0836738
Process [7]
0.0817601
0.0797673
0.0776974
0.0755523
0.0733343
0.0710455
0.0686881
0.0662645
0.0637771
0.0612284
Process [8]
0.0586207
0.0559568
0.0532393
0.0504707
0.047654
0.0447918
0.0418869
0.0389423
0.0359608
0.0329454
Process [9]
0.0298991
0.0268248
0.0237256
0.0206046
0.0174648
0.0143094
0.0111414
0.00796399
0.00478028
0.