Process [0]
0.
0.0313948
0.0627587
0.0940607
0.12527
0.156356
0.187287
0.218034
0.248566
0.278853
0.308866
Process [1]
0.338573
0.367947
0.396958
0.425578
0.453778
0.48153
0.508808
0.535585
0.561833
0.587528
Process [2]
0.612643
0.637154
0.661037
0.684268
0.706825
0.728685
0.749827
0.770229
0.789872
0.808736
Process [3]
0.826803
0.844055
0.860474
0.876046
0.890753
0.904583
0.91752
0.929554
0.94067
0.950859
Process [4]
0.960111
0.968417
0.975767
0.982156
0.987576
0.992023
0.995491
0.997978
0.999482
1.
Process [5]
0.999532
0.998078
0.995641
0.992222
0.987825
0.982454
0.976114
0.968812
0.960555
0.951351
Process [6]
0.941209
0.93014
0.918153
0.905261
0.891476
0.876813
0.861285
0.844908
0.827698
0.809672
Process [7]
0.790848
0.771244
0.750879
0.729775
0.707951
0.685429
0.662231
0.638381
0.613901
0.588816
Process [8]
0.56315
0.536929
0.510179
0.482926
0.455196
0.427018
0.398419
0.369427
0.340071
0.31038
Process [9]
0.280383
0.250109
0.219588
0.188852
0.157929
0.12685
0.0956462
0.0643482
0.0329867
0.00159265
Process [0]
0.
0.0386535
0.0772759
0.115836
0.154304
0.192648
0.230837
0.268841
0.30663
0.344174
0.381442
Process [1]
0.418406
0.455035
0.491302
0.527176
0.56263
0.597637
0.632167
0.666195
0.699693
0.732634
Process [2]
0.764993
0.796743
0.82786
0.858317
0.888091
0.917156
0.945489
0.973065
0.99986
1.02585
Process [3]
1.05102
1.07533
1.09877
1.12132
1.14295
1.16364
1.18336
1.2021
1.21983
1.23654
Process [4]
1.25219
1.26677
1.28026
1.29264
1.30388
1.31397
1.32288
1.33059
1.33709
1.34236
Process [5]
1.34637
1.34912
1.35057
1.35073
1.34956
1.34706
1.34321
1.338
1.33142
1.32346
Process [6]
1.31411
1.30336
1.2912
1.27764
1.26266
1.24628
1.22848
1.20928
1.18869
1.16669
Process [7]
1.14332
1.11858
1.09249
1.06505
1.03631
1.00627
0.974959
0.942411
0.908653
0.873718
Process [8]
0.837643
0.800465
0.762225
0.722968
0.682737
0.641583
0.599554
0.556704
0.513087
0.46876
Process [9]
0.423781
0.378211
0.33211
0.285542
0.238572
0.191265
0.143687
0.0959049
0.0479866
0.
Process [0]
0.
0.0265211
0.053018
0.0794661
0.105841
0.132119
0.158276
0.184287
0.210129
0.235778
0.261209
Process [1]
0.2864
0.311327
0.335967
0.360297
0.384294
0.407935
0.431199
0.454063
0.476506
0.498506
Process [2]
0.520042
0.541094
0.561641
0.581664
0.601142
0.620056
0.638389
0.656121
0.673236
0.689715
Process [3]
0.705542
0.720702
0.735177
0.748954
0.762017
0.774353
0.785949
0.796792
0.806869
0.81617
Process [4]
0.824684
0.832401
0.839312
0.845409
0.850683
0.855128
0.858737
0.861505
0.863428
0.864501
Process [5]
0.864723
0.864089
0.8626
0.860255
0.857054
0.852999
0.848092
0.842335
0.835733
0.82829
Process [6]
0.820013
0.810907
0.80098
0.790241
0.778699
0.766364
0.753247
0.73936
0.724716
0.709327
Process [7]
0.69321
0.676378
0.658849
0.640638
0.621765
0.602246
0.582102
0.561353
0.540019
0.518122
Process [8]
0.495683
0.472726
0.449275
0.425352
0.400982
0.376192
0.351005
0.325449
0.299551
0.273336
Process [9]
0.246833
0.220069
0.193073
0.165872
0.138496
0.110973
0.0833332
0.0556047
0.0278171
0.
Process [0]
0.
0.0177298
0.0354423
0.0531204
0.0707469
0.0883046
0.105776
0.123146
0.140395
0.157508
0.174467
Process [1]
0.191257
0.207861
0.224263
0.240446
0.256396
0.272096
0.287531
0.302686
0.317546
0.332096
Process [2]
0.346323
0.360212
0.37375
0.386924
0.399719
0.412125
0.424128
0.435717
0.446879
0.457605
Process [3]
0.467884
0.477705
0.487058
0.495934
0.504324
0.51222
0.519614
0.526498
0.532866
0.538711
Process [4]
0.544026
0.548807
0.553048
0.556745
0.559895
0.562493
0.564537
0.566025
0.566955
0.567326
Process [5]
0.567136
0.566387
0.565079
0.563212
0.560788
0.557809
0.554279
0.550199
0.545575
0.54041
Process [6]
0.534709
0.528478
0.521722
0.514448
0.506664
0.498375
0.489592
0.480322
0.470573
0.460357
Process [7]
0.449682
0.438559
0.426999
0.415013
0.402614
0.389813
0.376622
0.363056
0.349128
0.334851
Process [8]
0.320239
0.305307
0.29007
0.274543
0.258741
0.242681
0.226377
0.209847
0.193107
0.176173
Process [9]
0.159063
0.141794
0.124382
0.106846
0.0892028
0.07147
0.0536655
0.035807
0.0179126
0.
Process [0]
0.
0.0121061
0.0242004
0.0362708
0.0483055
0.0602928
0.0722207
0.0840776
0.0958517
0.107532
0.119106
Process [1]
0.130563
0.141891
0.15308
0.164118
0.174995
0.185699
0.196221
0.20655
0.216675
0.226587
Process [2]
0.236276
0.245733
0.254947
0.263911
0.272615
0.28105
0.289209
0.297082
0.304664
0.311945
Process [3]
0.318919
0.325579
0.331918
0.33793
0.343609
0.348949
0.353946
0.358594
0.362888
0.366825
Process [4]
0.370399
0.373609
0.376451
0.378921
0.381017
0.382738
0.384081
0.385045
0.385629
0.385833
Process [5]
0.385656
0.385099
0.384161
0.382844
0.381149
0.379078
0.376632
0.373815
0.370628
0.367076
Process [6]
0.36316
0.358886
0.354258
0.349279
0.343955
0.338291
0.332293
0.325967
0.319318
0.312353
Process [7]
0.30508
0.297505
0.289636
0.28148
0.273046
0.264341
0.255376
0.246157
0.236695
0.226999
Process [8]
0.217078
0.206942
0.196602
0.186066
0.175347
0.164454
0.153398
0.14219
0.130842
0.119364
Process [9]
0.107767
0.096064
0.0842655
0.0723835
0.0604298
0.048416
0.0363542
0.0242563
0.0121342
0.
Process [0]
0.
0.00863647
0.0172644
0.0258753
0.0344608
0.0430122
0.0515212
0.0599794
0.0683785
0.0767101
0.0849661
Process [1]
0.0931383
0.101219
0.109199
0.117072
0.124829
0.132464
0.139967
0.147333
0.154553
0.161621
Process [2]
0.16853
0.175272
0.181841
0.188232
0.194436
0.200449
0.206264
0.211875
0.217278
0.222466
Process [3]
0.227435
0.232179
0.236695
0.240977
0.245021
0.248823
0.25238
0.255688
0.258744
0.261545
Process [4]
0.264087
0.266369
0.268389
0.270143
0.271631
0.272851
0.273801
0.274482
0.274891
0.27503
Process [5]
0.274897
0.274492
0.273817
0.272872
0.271657
0.270174
0.268425
0.26641
0.264133
0.261595
Process [6]
0.258799
0.255747
0.252443
0.248889
0.24509
0.241049
0.23677
0.232258
0.227515
0.222549
Process [7]
0.217362
0.211961
0.206351
0.200537
0.194525
0.18832
0.18193
0.17536
0.168617
0.161707
Process [8]
0.154638
0.147416
0.140048
0.132542
0.124905
0.117144
0.109268
0.101284
0.0931995
0.0850229
Process [9]
0.0767623
0.0684258
0.0600216
0.051558
0.0430434
0.0344861
0.0258947
0.0172775
0.00864308
0.
Process [0]
0.
0.00651314
0.0130199
0.0195137
0.0259883
0.0324373
0.0388543
0.045233
0.051567
0.0578501
0.0640762
Process [1]
0.0702391
0.0763327
0.0823509
0.088288
0.0941379
0.0998949
0.105553
0.111108
0.116553
0.121882
Process [2]
0.127092
0.132176
0.13713
0.141948
0.146627
0.15116
0.155545
0.159776
0.16385
0.167762
Process [3]
0.171508
0.175085
0.178489
0.181718
0.184767
0.187633
0.190315
0.192809
0.195112
0.197223
Process [4]
0.19914
0.20086
0.202382
0.203704
0.204825
0.205744
0.20646
0.206972
0.20728
0.207383
Process [5]
0.207282
0.206977
0.206467
0.205753
0.204836
0.203717
0.202397
0.200878
0.19916
0.197246
Process [6]
0.195136
0.192835
0.190343
0.187663
0.184798
0.18175
0.178523
0.17512
0.171544
0.167799
Process [7]
0.163888
0.159816
0.155585
0.151201
0.146668
0.14199
0.137171
0.132218
0.127133
0.121923
Process [8]
0.116593
0.111148
0.105593
0.0999331
0.0941749
0.0883237
0.0823852
0.0763653
0.0702699
0.0641051
Process [9]
0.0578769
0.0515914
0.0452549
0.0388736
0.0324538
0.0260019
0.0195241
0.013027
0.00651677
0.
Process [0]
0.
0.00521613
0.0104271
0.0156278
0.0208131
0.0259778
0.0311169
0.0362253
0.041298
0.04633
0.0513162
Process [1]
0.0562518
0.0611319
0.0659517
0.0707064
0.0753914
0.080002
0.0845336
0.0889819
0.0933424
0.0976108
Process [2]
0.101783
0.105855
0.109822
0.113681
0.117427
0.121058
0.12457
0.127958
0.131221
0.134353
Process [3]
0.137354
0.140218
0.142945
0.14553
0.147972
0.150268
0.152415
0.154413
0.156257
0.157948
Process [4]
0.159483
0.16086
0.162079
0.163138
0.164036
0.164772
0.165345
0.165755
0.166002
0.166085
Process [5]
0.166004
0.165759
0.165351
0.164779
0.164045
0.163149
0.162092
0.160875
0.159499
0.157966
Process [6]
0.156277
0.154434
0.152438
0.150292
0.147998
0.145557
0.142973
0.140248
0.137384
0.134385
Process [7]
0.131253
0.127991
0.124603
0.121092
0.117462
0.113715
0.109857
0.10589
0.101818
0.0976455
Process [8]
0.0933768
0.0890158
0.084567
0.0800346
0.0754231
0.0707371
0.0659811
0.06116
0.0562784
0.0513412
Process [9]
0.0463532
0.0413193
0.0362445
0.0311338
0.0259923
0.020825
0.015637
0.0104334
0.00521934
0.
Process [0]
0.
0.00442419
0.00884402
0.0132551
0.0176531
0.0220338
0.0263926
0.0307255
0.035028
0.039296
0.0435252
Process [1]
0.0477114
0.0518506
0.0559387
0.0599715
0.0639452
0.0678558
0.0716995
0.0754725
0.0791709
0.0827913
Process [2]
0.08633
0.0897835
0.0931485
0.0964216
0.0995995
0.102679
0.105658
0.108532
0.111299
0.113956
Process [3]
0.116501
0.118931
0.121243
0.123436
0.125507
0.127455
0.129276
0.13097
0.132535
0.133969
Process [4]
0.135271
0.136439
0.137473
0.138371
0.139133
0.139757
0.140244
0.140592
0.140801
0.140872
Process [5]
0.140803
0.140596
0.140249
0.139765
0.139142
0.138382
0.137486
0.136454
0.135287
0.133987
Process [6]
0.132554
0.130991
0.129299
0.127478
0.125532
0.123462
0.121271
0.118959
0.11653
0.113986
Process [7]
0.11133
0.108564
0.10569
0.102712
0.099633
0.0964554
0.0931825
0.0898176
0.0863641
0.0828252
Process [8]
0.0792045
0.0755056
0.071732
0.0678876
0.0639762
0.0600015
0.0559675
0.0518781
0.0477375
0.0435496
Process [9]
0.0393187
0.0350488
0.0307442
0.0264092
0.022048
0.0176648
0.0132641
0.00885017
0.00442735
0.
Process [0]
0.
0.0039407
0.0078775
0.0118065
0.0157239
0.0196258
0.0235083
0.0273677
0.0312
0.0350015
0.0387686
Process [1]
0.0424973
0.0461842
0.0498255
0.0534176
0.0569571
0.0604404
0.063864
0.0672246
0.070519
0.0737437
Process [2]
0.0768957
0.0799719
0.0829691
0.0858845
0.0887152
0.0914583
0.0941113
0.0966714
0.0991361
0.101503
Process [3]
0.10377
0.105934
0.107994
0.109947
0.111792
0.113527
0.115149
0.116658
0.118052
0.11933
Process [4]
0.120489
0.12153
0.122451
0.123251
0.12393
0.124486
0.124919
0.12523
0.125416
0.125479
Process [5]
0.125418
0.125233
0.124925
0.124493
0.123939
0.123262
0.122464
0.121545
0.120505
0.119347
Process [6]
0.118072
0.116679
0.115172
0.11355
0.111817
0.109974
0.108021
0.105963
0.103799
0.101533
Process [7]
0.0991672
0.0967032
0.0941438
0.0914914
0.0887486
0.0859182
0.083003
0.0800058
0.0769296
0.0737774
Process [8]
0.0705524
0.0672576
0.0638964
0.060472
0.0569879
0.0534475
0.0498542
0.0462116
0.0425233
0.038793
Process [9]
0.0350242
0.0312207
0.0273864
0.0235248
0.01964
0.0157356
0.0118155
0.00788364
0.00394384
0.
Process [0]
0.
0.00364552
0.00728744
0.0109222
0.0145461
0.0181557
0.0217474
0.0253177
0.0288629
0.0323797
0.0358646
Process [1]
0.0393141
0.0427248
0.0460933
0.0494164
0.0526908
0.0559131
0.0590803
0.0621892
0.0652368
0.06822
Process [2]
0.071136
0.0739817
0.0767545
0.0794515
0.0820702
0.0846079
0.0870622
0.0894305
0.0917107
0.0939003
Process [3]
0.0959973
0.0979997
0.0999053
0.101712
0.103419
0.105024
0.106525
0.107921
0.109211
0.110392
Process [4]
0.111465
0.112428
0.11328
0.11402
0.114648
0.115163
0.115564
0.115851
0.116023
0.116081
Process [5]
0.116025
0.115854
0.115569
0.11517
0.114657
0.114031
0.113293
0.112442
0.111481
0.11041
Process [6]
0.10923
0.107942
0.106547
0.105047
0.103444
0.101738
0.0999326
0.098028
0.0960267
0.0939306
Process [7]
0.0917418
0.0894624
0.0870946
0.0846409
0.0821036
0.0794852
0.0767884
0.0740157
0.0711699
0.0682538
Process [8]
0.0652702
0.0622222
0.0591127
0.0559448
0.0527216
0.0494462
0.046122
0.0427522
0.03934
0.035889
Process [9]
0.0324024
0.0288837
0.0253364
0.0217639
0.0181699
0.0145578
0.0109311
0.00729357
0.00364866
0.
Process [0]
0.
0.00346531
0.00692719
0.0103822
0.0138271
0.0172582
0.0206724
0.0240661
0.0274362
0.0307791
0.0340917
Process [1]
0.0373707
0.0406128
0.0438148
0.0469736
0.0500861
0.0531492
0.0561598
0.0591151
0.062012
0.0648478
Process [2]
0.0676196
0.0703247
0.0729604
0.0755241
0.0780134
0.0804257
0.0827586
0.0850099
0.0871774
0.0892588
Process [3]
0.0912522
0.0931556
0.0949671
0.0966848
0.0983073
0.0998327
0.10126
0.102587
0.103812
0.104936
Process [4]
0.105956
0.106871
0.107681
0.108385
0.108981
0.109471
0.109852
0.110125
0.110289
0.110344
Process [5]
0.110291
0.110128
0.109857
0.109478
0.108991
0.108396
0.107694
0.106885
0.105972
0.104953
Process [6]
0.103832
0.102607
0.101282
0.0998562
0.0983321
0.0967109
0.0949943
0.093184
0.0912816
0.0892891
Process [7]
0.0872085
0.0850418
0.0827911
0.0804587
0.0780468
0.0755579
0.0729943
0.0703586
0.0676535
0.0648815
Process [8]
0.0620454
0.0591481
0.0561922
0.0531809
0.0501169
0.0470035
0.0438435
0.0406402
0.0373966
0.0341161
Process [9]
0.0308018
0.0274569
0.0240848
0.0206889
0.0172724
0.0138387
0.0103912
0.00693333
0.00346845
0.
Process [0]
0.
0.00335529
0.00670726
0.0100526
0.0133881
0.0167103
0.0200161
0.0233021
0.0265651
0.0298019
0.0330093
Process [1]
0.0361842
0.0393234
0.0424238
0.0454823
0.048496
0.0514618
0.0543769
0.0572383
0.0600433
0.062789
Process [2]
0.0654728
0.068092
0.0706441
0.0731264
0.0755367
0.0778724
0.0801313
0.0823111
0.0844098
0.0864251
Process [3]
0.0883553
0.0901982
0.0919522
0.0936155
0.0951864
0.0966634
0.0980451
0.09933
0.100517
0.101605
Process [4]
0.102592
0.103479
0.104263
0.104944
0.105522
0.105996
0.106365
0.106629
0.106788
0.106842
Process [5]
0.10679
0.106633
0.10637
0.106003
0.105531
0.104955
0.104275
0.103493
0.102608
0.101622
Process [6]
0.100536
0.0993507
0.0980672
0.0966869
0.0952112
0.0936416
0.0919795
0.0902266
0.0883846
0.0864554
Process [7]
0.0844409
0.082343
0.0801637
0.0779054
0.0755701
0.0731601
0.070678
0.068126
0.0655067
0.0628227
Process [8]
0.0600767
0.0572713
0.0544093
0.0514935
0.0485268
0.0455121
0.0424524
0.0393508
0.0362102
0.0330337
Process [9]
0.0298246
0.0265858
0.0233208
0.0200326
0.0167245
0.0133997
0.0100616
0.0067134
0.00335843
0.
Process [0]
0.
0.00328812
0.00657299
0.00985138
0.0131201
0.0163758
0.0196154
0.0228356
0.0260333
0.0292053
0.0323486
Process [1]
0.0354599
0.0385362
0.0415745
0.0445718
0.0475252
0.0504316
0.0532883
0.0560925
0.0588413
0.0615321
Process [2]
0.0641622
0.066729
0.0692299
0.0716626
0.0740246
0.0763136
0.0785273
0.0806635
0.0827201
0.0846952
Process [3]
0.0865867
0.0883927
0.0901116
0.0917416
0.0932811
0.0947286
0.0960826
0.0973418
0.098505
0.099571
Process [4]
0.100539
0.101407
0.102176
0.102844
0.10341
0.103874
0.104236
0.104495
0.104651
0.104703
Process [5]
0.104653
0.104499
0.104241
0.103882
0.103419
0.102855
0.102189
0.101422
0.100555
0.0995886
Process [6]
0.0985241
0.0973625
0.0961047
0.0947521
0.0933059
0.0917677
0.0901389
0.0884211
0.086616
0.0847255
Process [7]
0.0827512
0.0806953
0.0785597
0.0763466
0.074058
0.0716963
0.0692638
0.0667629
0.0641961
0.0615658
Process [8]
0.0588747
0.0561255
0.0533207
0.0504633
0.047556
0.0446016
0.0416032
0.0385636
0.0354858
0.0323729
Process [9]
0.029228
0.0260541
0.0228543
0.0196319
0.0163899
0.0131317
0.00986035
0.00657913
0.00329127
0.
Process [0]
0.
0.00324711
0.00649102
0.00972853
0.0129564
0.0161716
0.0193707
0.0225508
0.0257086
0.0288411
0.0319451
Process [1]
0.0350176
0.0380556
0.041056
0.044016
0.0469325
0.0498027
0.0526238
0.055393
0.0581075
0.0607648
Process [2]
0.063362
0.0658968
0.0683666
0.0707689
0.0731015
0.0753619
0.077548
0.0796576
0.0816886
0.083639
Process [3]
0.0855069
0.0872905
0.0889879
0.0905976
0.0921179
0.0935473
0.0948845
0.096128
0.0972767
0.0983294
Process [4]
0.0992851
0.100143
0.100902
0.101561
0.102121
0.102579
0.102936
0.103192
0.103346
0.103398
Process [5]
0.103348
0.103196
0.102942
0.102586
0.10213
0.101572
0.100914
0.100157
0.0993011
0.098347
Process [6]
0.0972958
0.0961487
0.0949066
0.0935708
0.0921427
0.0906237
0.0890152
0.0873188
0.0855363
0.0836693
Process [7]
0.0817197
0.0796894
0.0775805
0.0753949
0.0731349
0.0708027
0.0684005
0.0659308
0.0633959
0.0607985
Process [8]
0.0581409
0.0554259
0.0526562
0.0498344
0.0469633
0.0440458
0.0410847
0.038083
0.0350436
0.0319695
Process [9]
0.0288637
0.0257294
0.0225695
0.0193872
0.0161857
0.0129681
0.00973749
0.00649716
0.00325026
0.
Process [0]
0.
0.00322208
0.00644098
0.00965352
0.0128565
0.0160469
0.0192214
0.022377
0.0255104
0.0286188
0.0316988
Process [1]
0.0347477
0.0377622
0.0407395
0.0436766
0.0465706
0.0494187
0.0522181
0.0549659
0.0576595
0.0602963
Process [2]
0.0628735
0.0653888
0.0678395
0.0702234
0.0725379
0.0747809
0.0769501
0.0790435
0.0810588
0.0829942
Process [3]
0.0848477
0.0866175
0.0883019
0.0898992
0.0914078
0.0928262
0.094153
0.0953869
0.0965268
0.0975714
Process [4]
0.0985198
0.0993709
0.100124
0.100778
0.101333
0.101788
0.102143
0.102397
0.102549
0.102601
Process [5]
0.102551
0.1024
0.102148
0.101796
0.101342
0.100789
0.100137
0.0993852
0.0985357
0.097589
Process [6]
0.0965459
0.0954076
0.0941751
0.0928497
0.0914326
0.0899253
0.0883292
0.0866459
0.0848771
0.0830245
Process [7]
0.0810899
0.0790753
0.0769826
0.0748139
0.0725713
0.0702571
0.0678734
0.0654228
0.0629074
0.06033
Process [8]
0.0576929
0.0549989
0.0522505
0.0494504
0.0466015
0.0437064
0.0407682
0.0377896
0.0347736
0.0317232
Process [9]
0.0286414
0.0255312
0.0223957
0.0192379
0.016061
0.0128682
0.00966249
0.00644711
0.00322522
0.
Process [0]
0.
0.00320679
0.00641042
0.00960773
0.0127956
0.0159708
0.0191302
0.0222708
0.0253894
0.028483
0.0315485
Process [1]
0.0345828
0.0375831
0.0405463
0.0434694
0.0463497
0.0491843
0.0519704
0.0547052
0.057386
0.0600103
Process [2]
0.0625753
0.0650786
0.0675177
0.0698903
0.0721938
0.0744262
0.0765851
0.0786685
0.0806743
0.0826005
Process [3]
0.0844453
0.0862067
0.0878831
0.0894728
0.0909742
0.0923859
0.0937064
0.0949345
0.096069
0.0971086
Process [4]
0.0980525
0.0988996
0.0996492
0.1003
0.100853
0.101306
0.101658
0.101911
0.102063
0.102114
Process [5]
0.102065
0.101915
0.101664
0.101313
0.100862
0.100311
0.0996618
0.0989139
0.0980685
0.0971262
Process [6]
0.0960881
0.0949552
0.0937286
0.0924094
0.090999
0.0894989
0.0879104
0.0862351
0.0844747
0.0826308
Process [7]
0.0807055
0.0787004
0.0766176
0.0744592
0.0722273
0.069924
0.0675516
0.0651126
0.0626092
0.060044
Process [8]
0.0574194
0.0547382
0.0520028
0.049216
0.0463806
0.0434993
0.0405749
0.0376105
0.0346088
0.0315728
Process [9]
0.0285056
0.0254102
0.0222895
0.0191467
0.0159849
0.0128072
0.00961669
0.00641656
0.00320994
0.
Process [0]
0.
0.00319746
0.00639177
0.00957977
0.0127583
0.0159243
0.0190746
0.022206
0.0253155
0.0284001
0.0314567
Process [1]
0.0344822
0.0374737
0.0404283
0.043343
0.0462149
0.0490412
0.0518192
0.054546
0.0572191
0.0598357
Process [2]
0.0623932
0.0648893
0.0673213
0.0696869
0.0719838
0.0742097
0.0763623
0.0784397
0.0804396
0.0823602
Process [3]
0.0841996
0.0859559
0.0876274
0.0892125
0.0907095
0.0921171
0.0934338
0.0946583
0.0957895
0.0968261
Process [4]
0.0977672
0.0986119
0.0993593
0.100009
0.100559
0.101011
0.101363
0.101614
0.101766
0.101817
Process [5]
0.101768
0.101618
0.101368
0.101018
0.100568
0.10002
0.0993719
0.0986262
0.0977832
0.0968437
Process [6]
0.0958086
0.094679
0.0934559
0.0921406
0.0907344
0.0892386
0.0876547
0.0859843
0.084229
0.0823905
Process [7]
0.0804707
0.0784715
0.0763948
0.0742427
0.0720172
0.0697206
0.0673552
0.0649232
0.0624271
0.0598694
Process [8]
0.0572525
0.054579
0.0518516
0.0490729
0.0462457
0.0433728
0.040457
0.0375011
0.0345082
0.0314811
Process [9]
0.0284228
0.0253363
0.0222247
0.0190911
0.0159384
0.01277
0.00958874
0.00639791
0.00320061
0.
Process [0]
0.
0.00319177
0.00638038
0.00956271
0.0127356
0.0158959
0.0190406
0.0221664
0.0252704
0.0283495
0.0314006
Process [1]
0.0344208
0.037407
0.0403563
0.0432657
0.0461325
0.0489538
0.0517269
0.0544488
0.0571171
0.0597291
Process [2]
0.0622821
0.0647737
0.0672014
0.0695628
0.0718555
0.0740774
0.0762263
0.0782999
0.0802963
0.0822135
Process [3]
0.0840496
0.0858028
0.0874713
0.0890535
0.0905479
0.091953
0.0932674
0.0944897
0.0956188
0.0966536
Process [4]
0.0975931
0.0984362
0.0991823
0.0998305
0.10038
0.100831
0.101182
0.101433
0.101585
0.101636
Process [5]
0.101587
0.101437
0.101188
0.100838
0.100389
0.0998414
0.0991949
0.0984505
0.097609
0.0966712
Process [6]
0.095638
0.0945104
0.0932895
0.0919765
0.0905728
0.0890796
0.0874986
0.0858311
0.084079
0.0822438
Process [7]
0.0803274
0.0783318
0.0762588
0.0741104
0.071889
0.0695965
0.0672353
0.0648076
0.062316
0.0597628
Process [8]
0.0571505
0.0544818
0.0517592
0.0489855
0.0461634
0.0432956
0.0403849
0.0374344
0.0344467
0.031425
Process [9]
0.0283722
0.0252912
0.0221851
0.0190571
0.0159101
0.0127472
0.00957167
0.00638652
0.00319491
0.
Process [0]
0.
0.00318829
0.00637343
0.00955229
0.0127217
0.0158786
0.0190198
0.0221423
0.0252429
0.0283186
0.0313664
Process [1]
0.0343833
0.0373662
0.0403123
0.0432186
0.0460823
0.0489005
0.0516705
0.0543895
0.0570549
0.059664
Process [2]
0.0622142
0.0647031
0.0671281
0.069487
0.0717773
0.0739967
0.0761432
0.0782146
0.0802088
0.0821239
Process [3]
0.083958
0.0857093
0.087376
0.0889565
0.0904493
0.0918528
0.0931657
0.0943868
0.0955147
0.0965483
Process [4]
0.0974867
0.098329
0.0990742
0.0997217
0.100271
0.100721
0.101072
0.101323
0.101474
0.101525
Process [5]
0.101476
0.101327
0.101077
0.100728
0.10028
0.0997326
0.0990868
0.0983433
0.0975027
0.0965659
Process [6]
0.0955338
0.0944074
0.0931879
0.0918763
0.0904741
0.0889826
0.0874033
0.0857376
0.0839874
0.0821542
Process [7]
0.0802399
0.0782464
0.0761757
0.0740297
0.0718107
0.0695207
0.067162
0.0647371
0.0622481
0.0596977
Process [8]
0.0570883
0.0544225
0.0517029
0.0489322
0.0461131
0.0432484
0.040341
0.0373936
0.0344092
0.0313908
Process [9]
0.0283413
0.0252637
0.022161
0.0190363
0.0158928
0.0127334
0.00956125
0.00637957
0.00319143
0.
Process [0]
0.
0.00318616
0.00636919
0.00954592
0.0127132
0.015868
0.0190072
0.0221275
0.0252261
0.0282998
0.0313455
Process [1]
0.0343604
0.0373413
0.0402854
0.0431898
0.0460516
0.0488679
0.0516361
0.0543533
0.0570169
0.0596243
Process [2]
0.0621728
0.06466
0.0670834
0.0694407
0.0717295
0.0739475
0.0760925
0.0781625
0.0801554
0.0820692
Process [3]
0.0839021
0.0856522
0.0873178
0.0888973
0.090389
0.0917916
0.0931037
0.0943239
0.0954511
0.096484
Process [4]
0.0974218
0.0982635
0.0990083
0.0996553
0.100204
0.100654
0.101005
0.101255
0.101407
0.101457
Process [5]
0.101408
0.101259
0.10101
0.100661
0.100213
0.0996662
0.0990209
0.0982778
0.0974378
0.0965016
Process [6]
0.0954702
0.0943446
0.0931258
0.0918152
0.0904139
0.0889234
0.0873451
0.0856806
0.0839315
0.0820995
Process [7]
0.0801865
0.0781944
0.076125
0.0739805
0.0717629
0.0694744
0.0671173
0.064694
0.0622067
0.059658
Process [8]
0.0570503
0.0543863
0.0516685
0.0488996
0.0460824
0.0432196
0.0403141
0.0373687
0.0343863
0.0313699
Process [9]
0.0283224
0.0252468
0.0221462
0.0190237
0.0158822
0.0127249
0.00955489
0.00637532
0.00318931
0.