Sender: LSF System <lsfadmin@r01n20>
Subject: Job 3827749: <petsc-test> in cluster <sustchpc> Done

Job <petsc-test> was submitted from host <login03> by user <mae-cuin> in cluster <sustchpc> at Thu Jun  9 07:46:11 2022.
Job was executed on host(s) <4*r01n20>, in queue <ser>, as user <mae-cuin> in cluster <sustchpc> at Thu Jun  9 07:46:11 2022.
                            <4*r01n15>
                            <2*r01n17>
</work/mae-cuin> was used as the home directory.
</work/mae-cuin/hpc/final-project/hpc-final-project/Implicit_Euler/linear_solver> was used as the working directory.
Started at Thu Jun  9 07:46:11 2022.
Terminated at Thu Jun  9 07:46:30 2022.
Results reported at Thu Jun  9 07:46:30 2022.

Your job looked like:

------------------------------------------------------------
# LSBATCH: User input
#!/bin/bash
#BSUB -J petsc-test
#BSUB -q ser
#BSUB -n 10
#BSUB -e log.err
#BSUB -o log.out

module purge
module load intel/2018.4
module load mpi/intel/2018.4

mpirun -np 10 ../main.out -n 1000 \
  -ksp_type gmres \
  -pc_type jacobi \
  -log_view > result_1.log 2>&1

mpirun -np 10 ../main.out -n 1000 \
  -pc_type asm \
  -pc_asm_type basic \
  -log_view > result_2.log 2>&1

mpirun -np 10 ../main.out -n 1000 \
  -pc_type lu \
  -pc_factor_mat_solver_type mumps \
  -log_view > result_3.log 2>&1

------------------------------------------------------------

Successfully completed.

Resource usage summary:

    CPU time :                                   133.00 sec.
    Max Memory :                                 146 MB
    Average Memory :                             133.00 MB
    Total Requested Memory :                     -
    Delta Memory :                               -
    Max Swap :                                   17 MB
    Max Processes :                              7
    Max Threads :                                9
    Run time :                                   18 sec.
    Turnaround time :                            19 sec.

The output (if any) follows:



PS:

Read file <log.err> for stderr output of this job.

Sender: LSF System <lsfadmin@r01n20>
Subject: Job 3827751: <petsc-test> in cluster <sustchpc> Done

Job <petsc-test> was submitted from host <login03> by user <mae-cuin> in cluster <sustchpc> at Thu Jun  9 07:59:29 2022.
Job was executed on host(s) <4*r01n20>, in queue <ser>, as user <mae-cuin> in cluster <sustchpc> at Thu Jun  9 07:59:31 2022.
                            <4*r01n15>
                            <2*r01n17>
</work/mae-cuin> was used as the home directory.
</work/mae-cuin/hpc/final-project/hpc-final-project/Implicit_Euler/linear_solver> was used as the working directory.
Started at Thu Jun  9 07:59:31 2022.
Terminated at Thu Jun  9 07:59:50 2022.
Results reported at Thu Jun  9 07:59:50 2022.

Your job looked like:

------------------------------------------------------------
# LSBATCH: User input
#!/bin/bash
#BSUB -J petsc-test
#BSUB -q ser
#BSUB -n 10
#BSUB -e log.err
#BSUB -o log.out

module purge
module load intel/2018.4
module load mpi/intel/2018.4

mpirun -np 10 ../main.out -n 1000 \
  -pc_type jacobi \
  -log_view > result_1.log 2>&1

mpirun -np 10 ../main.out -n 1000 \
  -pc_type asm \
  -pc_asm_type basic \
  -log_view > result_2.log 2>&1

mpirun -np 10 ../main.out -n 1000 \
  -pc_type lu \
  -pc_factor_mat_solver_type mumps \
  -log_view > result_3.log 2>&1

------------------------------------------------------------

Successfully completed.

Resource usage summary:

    CPU time :                                   139.00 sec.
    Max Memory :                                 143 MB
    Average Memory :                             132.00 MB
    Total Requested Memory :                     -
    Delta Memory :                               -
    Max Swap :                                   17 MB
    Max Processes :                              7
    Max Threads :                                9
    Run time :                                   19 sec.
    Turnaround time :                            21 sec.

The output (if any) follows:



PS:

Read file <log.err> for stderr output of this job.

